#INFO: **** input file is /projects/anma2640/pauxy/examples/generic/paper/cu2o2/anotz/32/0.0/cu2o2.py ****
import numpy
import math, os, time, sys
import h5py
import scipy.sparse
from pyscf import gto, scf, mcscf, fci, ao2mo, lib, tools, cc
from pauxy.systems.generic import Generic
import scipy.linalg as la
from pauxy.utils.from_pyscf import generate_integrals
from pyscf.shciscf import shci
import prepVMC


# Cu2O2^2+: bis f = 0., per f = 1.
if len(sys.argv) == 2:
    f = float(sys.argv[1])
else:
    f = 0.

# bond lengths
cu_cu = 2.8 + f * 0.8
o_o = 2.3 - f * 0.9

atomString = f'Cu {-cu_cu/2} 0. 0.; Cu {cu_cu/2} 0. 0.; O 0. {o_o/2} 0.; O 0. {-o_o/2} 0.'

mol = gto.M(atom = atomString, basis = {'Cu': 'ano@6s5p3d2f1g', 'O': 'ano@4s3p2d1f'},
    verbose = 4, unit = 'angstrom', symmetry = 1, spin = 0, charge = 2)
mf = scf.RHF(mol).x2c()
#mf.chkfile = f'cu2o2_{f}_SHCISCF.chk'
#mf.__dict__.update(lib.chkfile.load(chkfile, 'scf'))
#mf.init_guess = '1e'
mf.level_shift = 0.1
mf.scf()
print(f'mol.nao: {mol.nao}')
print(f'mol.elec: {mol.nelec}')

norbFrozen = 20
ncore = 20
norbAct = 100

mc1 = shci.SHCISCF(mf, norbAct, mol.nelectron - 2*ncore)
#chkfile = f'cu2o2_{f}_SHCISCF.chk'
#mc1.__dict__.update(lib.chkfile.load(chkfile, 'mcscf'))
mc1.chkfile = f'cu2o2_{f}_SHCISCF.chk'
mc1.frozen = norbFrozen
mc1.fcisolver.sweep_iter = [ 0 ]
mc1.fcisolver.sweep_epsilon = [ 1e-3 ]
mc1.fcisolver.nPTiter = 0
mc1.max_cycle_macro = 10
mc1.internal_rotation = True
mc1.fcisolver.nPTiter = 0  # Turns off PT calculation, i.e. no PTRDM.
mc1.fcisolver.mpiprefix = "mpirun -np 28"
mc1.fcisolver.scratchDirectory = "/rc_scratch/anma2640/cu2o2/0.0"
mc1.mc1step()


mc0 = mcscf.CASSCF(mf, mol.nao - ncore, mol.nelectron - 2*ncore)
mc0.mo_coeff = mc1.mo_coeff
nelecAct = mol.nelectron - 2*ncore
moCore = mc0.mo_coeff[:,:ncore]
core_dm = 2 * moCore.dot(moCore.T)
corevhf = mc0.get_veff(mol, core_dm)
energy_core = mol.energy_nuc()
energy_core += numpy.einsum('ij,ji', core_dm, mc0.get_hcore())
energy_core += numpy.einsum('ij,ji', core_dm, corevhf) * .5
moActDice = mc0.mo_coeff[:, ncore:]
h1eff = moActDice.T.dot(mc0.get_hcore() + corevhf).dot(moActDice)
#h1eff = moActDice.T.dot(mc0.get_hcore()).dot(moActDice)
eri = ao2mo.kernel(mol, moActDice)
tools.fcidump.from_integrals('FCIDUMP_can', h1eff, eri, mol.nao - ncore, mol.nelectron - 2*ncore, energy_core)

norbAct = mol.nao - norbFrozen
nelecAct = mol.nelectron - 2*norbFrozen
mc = mcscf.CASSCF(mf, norbAct, nelecAct)
mc.mo_coeff = mc1.mo_coeff
moFrozen = mc.mo_coeff[:,:norbFrozen]
moActive = mc0.mo_coeff[:,norbFrozen:]
core_dm = 2 * moFrozen.dot(moFrozen.T)
corevhf = mc.get_veff(mol, core_dm)
energy_core = mol.energy_nuc()
energy_core += numpy.einsum('ij,ji', core_dm, mc.get_hcore())
energy_core += numpy.einsum('ij,ji', core_dm, corevhf) * .5

rhfCoeffs = numpy.eye(norbAct)
prepVMC.writeMat(rhfCoeffs, "rhf.txt")
h1e, chol, nelec, enuc = generate_integrals(mol, mf.get_hcore(), mc0.mo_coeff, chol_cut=1e-5, verbose=True)

nbasis = h1e.shape[-1]
rotCorevhf = moActive.T.dot(corevhf).dot(moActive)
h1e = h1e[norbFrozen:, norbFrozen:] + rotCorevhf
chol = chol.reshape((-1, nbasis, nbasis))
chol = chol[:, norbFrozen:, norbFrozen:]
mol.nelec = (mol.nelec[0]-norbFrozen, mol.nelec[1]-norbFrozen)
enuc = energy_core

# after core averaging
nbasis = h1e.shape[-1]
print(f'nelec: {nelec}')
print(f'nbasis: {nbasis}')
print(f'chol.shape: {chol.shape}')
chol = chol.reshape((-1, nbasis, nbasis))
v0 = 0.5 * numpy.einsum('nik,njk->ij', chol, chol, optimize='optimal')
h1e_mod = h1e - v0

chol = chol.reshape((chol.shape[0], -1))
prepVMC.write_dqmc(h1e, h1e_mod, chol, sum(mol.nelec), nbasis, enuc, filename='FCIDUMP_chol')

# ccsd
mycc = cc.CCSD(mf)
mycc.frozen = norbFrozen
mycc.verbose = 5
mycc.kernel()
overlap = mf.get_ovlp(mol)
rotation = (mc0.mo_coeff[:, norbFrozen:].T).dot(overlap.dot(mf.mo_coeff[:, norbFrozen:]))
prepVMC.write_ccsd(mycc.t1, mycc.t2, rotation=rotation)

et = mycc.ccsd_t()
print('CCSD(T) energy', mycc.e_tot + et)
#INFO: ******************** input file end ********************


System: uname_result(system='Linux', node='bnode0302.rc.int.colorado.edu', release='3.10.0-693.33.1.el7.x86_64', version='#1 SMP Thu May 24 16:41:13 UTC 2018', machine='x86_64', processor='x86_64')  Threads 28
Python 3.8.3 (default, May 19 2020, 18:47:26) 
[GCC 7.3.0]
numpy 1.19.1  scipy 1.5.2
Date: Mon Mar 15 23:21:26 2021
PySCF version 1.7.4
PySCF path  /projects/anma2640/pyscf/pyscf
GIT HEAD      ref: refs/heads/master
GIT master branch  14142ec394cbdcffb8e214fba6b1d6cde9025e9a

[CONFIG] conf_file None
[INPUT] verbose = 4
[INPUT] num. atoms = 4
[INPUT] num. electrons = 72
[INPUT] charge = 2
[INPUT] spin (= nelec alpha-beta = 2S) = 0
[INPUT] symmetry 1 subgroup None
[INPUT] Mole.unit = angstrom
[INPUT]  1 Cu    -1.400000000000   0.000000000000   0.000000000000 AA   -2.645616574391   0.000000000000   0.000000000000 Bohr
[INPUT]  2 Cu     1.400000000000   0.000000000000   0.000000000000 AA    2.645616574391   0.000000000000   0.000000000000 Bohr
[INPUT]  3 O      0.000000000000   1.150000000000   0.000000000000 AA    0.000000000000   2.173185043250   0.000000000000 Bohr
[INPUT]  4 O      0.000000000000  -1.150000000000   0.000000000000 AA    0.000000000000  -2.173185043250   0.000000000000 Bohr

nuclear repulsion = 444.71541996192
point group symmetry = D2h
num. orbitals of irrep Ag = 37
num. orbitals of irrep B1g = 21
num. orbitals of irrep B2g = 17
num. orbitals of irrep B3g = 14
num. orbitals of irrep Au = 10
num. orbitals of irrep B1u = 21
num. orbitals of irrep B2u = 27
num. orbitals of irrep B3u = 31
number of shells = 18
number of NR pGTOs = 552
number of NR cGTOs = 178
basis = {'Cu': 'ano@6s5p3d2f1g', 'O': 'ano@4s3p2d1f'}
ecp = {}
CPU time:         0.68


******** <class 'pyscf.x2c.sfx2c1e.sfx2c1e.<locals>.SFX2C1E_SCF'> ********
method = SFX2C1E_SCF-SymAdaptedRHF-RHF
initial guess = minao
damping factor = 0
level_shift factor = 0.1
DIIS = <class 'pyscf.scf.diis.CDIIS'>
diis_start_cycle = 1
diis_space = 8
SCF conv_tol = 1e-09
SCF conv_tol_grad = None
SCF max_cycles = 50
direct_scf = True
direct_scf_tol = 1e-13
chkfile to save SCF result = /rc_scratch/anma2640/tmpxnbiu_11
max_memory 4000 MB (current use 113 MB)


******** <class 'pyscf.x2c.sfx2c1e.SpinFreeX2C'> ********
approx = 1e
xuncontract = 1
Freeze 0 electrons in irreps []
    72 free electrons in irreps Ag B1g B2g B3g Au B1u B2u B3u
Set gradient conv threshold to 3.16228e-05
init E= -3455.92154527484
HOMO (B3g) = -0.29645678486975  LUMO (B1g) = -0.226186600975198
cycle= 1 E= -3454.25300761074  delta_E= 1.67  |g|= 3.29  |ddm|= 3.33
HOMO (B3g) = -0.892204093368526  LUMO (B1g) = -0.638194010799628
cycle= 2 E= -3453.45995382587  delta_E= 0.793  |g|= 5.03  |ddm|= 2.67
HOMO (Ag) = -1.00011491468692  LUMO (B1g) = -0.528106489734685
cycle= 3 E= -3455.12647070775  delta_E= -1.67  |g|= 0.46  |ddm|= 1.27
HOMO (Ag) = -0.956988543425923  LUMO (B1g) = -0.450213679641562
cycle= 4 E= -3455.15547689983  delta_E= -0.029  |g|= 0.165  |ddm|= 0.313
HOMO (Ag) = -0.945285223695015  LUMO (B1g) = -0.438866646481263
cycle= 5 E= -3455.16005835762  delta_E= -0.00458  |g|= 0.0998  |ddm|= 0.112
HOMO (Ag) = -0.949211051985705  LUMO (B1g) = -0.438796494712235
cycle= 6 E= -3455.16207632349  delta_E= -0.00202  |g|= 0.051  |ddm|= 0.093
HOMO (Ag) = -0.946454752264869  LUMO (B1g) = -0.435150845174478
cycle= 7 E= -3455.1629229996  delta_E= -0.000847  |g|= 0.00929  |ddm|= 0.0779
HOMO (Ag) = -0.947507438952758  LUMO (B1g) = -0.43508971822798
cycle= 8 E= -3455.16302673091  delta_E= -0.000104  |g|= 0.00484  |ddm|= 0.0297
HOMO (Ag) = -0.947448441820631  LUMO (B1g) = -0.434621330155203
cycle= 9 E= -3455.16304757909  delta_E= -2.08e-05  |g|= 0.00144  |ddm|= 0.0146
HOMO (Ag) = -0.947658510930031  LUMO (B1g) = -0.434433536070947
cycle= 10 E= -3455.16305106102  delta_E= -3.48e-06  |g|= 0.000683  |ddm|= 0.00638
HOMO (Ag) = -0.947841607740389  LUMO (B1g) = -0.43432979049176
cycle= 11 E= -3455.16305196106  delta_E= -9e-07  |g|= 0.000276  |ddm|= 0.00339
HOMO (Ag) = -0.94790254977328  LUMO (B1g) = -0.434264096049992
cycle= 12 E= -3455.16305213506  delta_E= -1.74e-07  |g|= 8.45e-05  |ddm|= 0.00174
HOMO (Ag) = -0.947912728689255  LUMO (B1g) = -0.434255004170678
cycle= 13 E= -3455.16305214961  delta_E= -1.46e-08  |g|= 3.78e-05  |ddm|= 0.000492
HOMO (Ag) = -0.947917307082038  LUMO (B1g) = -0.434250916666913
cycle= 14 E= -3455.16305215131  delta_E= -1.7e-09  |g|= 1.11e-05  |ddm|= 0.000171
HOMO (Ag) = -0.947918404586795  LUMO (B1g) = -0.434251037505393
cycle= 15 E= -3455.16305215142  delta_E= -1.03e-10  |g|= 4.03e-06  |ddm|= 3.68e-05
HOMO (Ag) = -0.947917450231514  LUMO (B1g) = -0.534250625008004
Extra cycle  E= -3455.16305215142  delta_E= -1.82e-12  |g|= 2.45e-06  |ddm|= 7.18e-06
converged SCF energy = -3455.16305215142
mol.nao: 178
mol.elec: (36, 36)

******** <class 'pyscf.mcscf.mc1step_symm.SymAdaptedCASSCF'> ********
CAS (16e+16e, 100o), ncore = 20, nvir = 58
frozen orbitals 20
max_cycle_macro = 10
max_cycle_micro = 4
conv_tol = 1e-07
conv_tol_grad = None
orbital rotation max_stepsize = 0.02
augmented hessian ah_max_cycle = 30
augmented hessian ah_conv_tol = 1e-12
augmented hessian ah_linear dependence = 1e-14
augmented hessian ah_level shift = 0
augmented hessian ah_start_tol = 2.5
augmented hessian ah_start_cycle = 3
augmented hessian ah_grad_trust_region = 3
kf_trust_region = 3
kf_interval = 4
ci_response_space = 4
ci_grad_trust_region = 3
with_dep4 0
natorb = False
canonicalization = True
sorting_mo_energy = False
ao2mo_level = 2
chkfile = cu2o2_0.0_SHCISCF.chk
max_memory 4000 MB (current use 1223 MB)
internal_rotation = True

******** SHCI flags ********
executable             = /projects/anma2640/newDice/Dice/Dice
mpiprefix              = mpirun -np 28
scratchDirectory       = /rc_scratch/anma2640/cu2o2/0.0
integralFile           = ./FCIDUMP
configFile             = ./input.dat
outputFile             = ./output.dat
maxIter                = 6
sweep_iter             = [    0]
sweep_epsilon          = [0.001]
nPTiter                = 0
Stochastic             = True
restart                = False
fullrestart            = False
num_thrds              = 1
memory                 = None

Active space CI wfn symmetry = Ag

WARN: Calculation needs 6992 MB memory, over CASSCF.max_memory (4000 MB) limit

CASCI E = -3456.01125712814  S^2 = 0.0000000
Set conv_tol_grad to 0.000316228

WARN: Calculation needs 9173 MB memory, over CASSCF.max_memory (4000 MB) limit

macro iter 1 (21 JK  4 micro), CASSCF E = -3456.17748536341  dE = -0.16622824  S^2 = 0.0000000
               |grad[o]|=0.163  |grad[c]|= None  |ddm|=0.0633

WARN: Calculation needs 9196 MB memory, over CASSCF.max_memory (4000 MB) limit

macro iter 2 (21 JK  4 micro), CASSCF E = -3456.31059609457  dE = -0.13311073  S^2 = 0.0000000
               |grad[o]|=0.0857  |grad[c]|= None  |ddm|=0.0968

WARN: Calculation needs 9206 MB memory, over CASSCF.max_memory (4000 MB) limit

macro iter 3 (21 JK  4 micro), CASSCF E = -3456.35214926308  dE = -0.041553169  S^2 = 0.0000000
               |grad[o]|=0.0586  |grad[c]|= None  |ddm|=0.116

WARN: Calculation needs 9212 MB memory, over CASSCF.max_memory (4000 MB) limit

macro iter 4 (21 JK  4 micro), CASSCF E = -3456.36231897702  dE = -0.010169714  S^2 = 0.0000000
               |grad[o]|=0.0439  |grad[c]|= None  |ddm|=0.0609

WARN: Calculation needs 9214 MB memory, over CASSCF.max_memory (4000 MB) limit

macro iter 5 (21 JK  4 micro), CASSCF E = -3456.36816679777  dE = -0.0058478208  S^2 = 0.0000000
               |grad[o]|=0.032  |grad[c]|= None  |ddm|=0.0393

WARN: Calculation needs 9215 MB memory, over CASSCF.max_memory (4000 MB) limit

macro iter 6 (21 JK  4 micro), CASSCF E = -3456.37370852954  dE = -0.0055417318  S^2 = 0.0000000
               |grad[o]|=0.0311  |grad[c]|= None  |ddm|=0.0377

WARN: Calculation needs 9218 MB memory, over CASSCF.max_memory (4000 MB) limit

macro iter 7 (21 JK  4 micro), CASSCF E = -3456.37991106912  dE = -0.0062025396  S^2 = 0.0000000
               |grad[o]|=0.0284  |grad[c]|= None  |ddm|=0.0472

WARN: Calculation needs 9220 MB memory, over CASSCF.max_memory (4000 MB) limit

macro iter 8 (21 JK  4 micro), CASSCF E = -3456.38474135988  dE = -0.0048302908  S^2 = 0.0000000
               |grad[o]|=0.0219  |grad[c]|= None  |ddm|=0.0518

WARN: Calculation needs 9221 MB memory, over CASSCF.max_memory (4000 MB) limit

macro iter 9 (21 JK  4 micro), CASSCF E = -3456.38764610576  dE = -0.0029047459  S^2 = 0.0000000
               |grad[o]|=0.0274  |grad[c]|= None  |ddm|=0.0317

WARN: Calculation needs 9221 MB memory, over CASSCF.max_memory (4000 MB) limit

macro iter 10 (21 JK  4 micro), CASSCF E = -3456.3907802222  dE = -0.0031341164  S^2 = 0.0000000
               |grad[o]|=0.0206  |grad[c]|= None  |ddm|=0.0348
1-step CASSCF not converged, 10 macro (210 JK 40 micro) steps
CASSCF canonicalization
Density matrix diagonal elements [1.98808042e+00 1.98649690e+00 1.98961738e+00 1.98944537e+00
 1.98934107e+00 1.98944664e+00 1.98949997e+00 1.98931753e+00
 1.98893079e+00 1.98897116e+00 1.95289297e+00 1.98281176e+00
 1.97403068e+00 1.98030215e+00 1.44454527e+00 1.69030962e+00
 5.67045272e-01 3.19725633e-01 3.50846440e-04 2.39588366e-03
 3.40286755e-03 3.73480761e-04 2.80396326e-04 2.03384226e-04
 2.98621389e-04 2.16098439e-03 1.04889158e-03 2.27211524e-03
 2.39720053e-03 4.92781246e-04 8.73313761e-03 3.07154458e-04
 4.60085709e-04 4.33138273e-04 7.48058559e-03 4.79577269e-03
 3.32901065e-03 7.40592972e-03 4.29738968e-03 7.14919927e-03
 2.58690636e-03 2.34603451e-03 5.47504220e-03 6.30198808e-03
 5.19734065e-03 5.65661371e-03 4.69396239e-03 4.33247582e-03
 5.12339492e-03 3.49975672e-03 3.44921877e-03 3.22410741e-03
 3.19613424e-03 2.90492708e-03 2.84712604e-03 3.13814130e-03
 3.22028858e-03 2.66773796e-03 2.46908318e-03 2.69687271e-03
 3.10438449e-03 5.99587261e-03 2.25404840e-03 5.45512913e-03
 1.87404981e-03 1.49124606e-03 1.68294994e-03 2.11796113e-03
 2.15024010e-03 2.10484012e-03 1.74259560e-03 2.12857610e-03
 2.16944844e-03 2.11882133e-03 1.72549763e-03 2.13524625e-03
 7.55524464e-04 1.75376500e-03 1.63850618e-03 1.37279675e-03
 8.99262410e-04 1.21288447e-03 8.46460700e-04 1.95736841e-03
 4.16171089e-04 4.58852039e-04 9.96884614e-04 3.22184236e-04
 4.08878635e-04 4.29838152e-04 5.63144073e-04 3.82778825e-04
 4.55887454e-04 1.24078110e-03 5.29111479e-04 7.79328525e-04
 7.18442316e-04 1.30350918e-03 2.14033210e-03 2.25982466e-03]
CASSCF energy = -3456.3907802222
CASCI E = -3456.3907802222  E(CI) = -240.343676509935  S^2 = 0.0000000
 # Transforming hcore and eri to ortho AO basis.
 # Performing modified Cholesky decomposition on ERI tensor.
# Generating Cholesky decomposition of ERIs.
# max number of cholesky vectors = 1780
# iteration     0: delta_max = 18.210624
# iteration     1: delta_max = 1.82086628e+01: time = 8.32629360e-02
# iteration     2: delta_max = 4.74063365e+00: time = 4.29751940e-02
# iteration     3: delta_max = 4.73034927e+00: time = 4.25100500e-02
# iteration     4: delta_max = 2.72150214e+00: time = 2.40591994e-01
# iteration     5: delta_max = 2.71975842e+00: time = 2.42654186e-01
# iteration     6: delta_max = 9.11195324e-01: time = 2.39296346e-01
# iteration     7: delta_max = 9.11189335e-01: time = 2.39096226e-01
# iteration     8: delta_max = 7.82874956e-01: time = 1.28462010e-01
# iteration     9: delta_max = 7.82874942e-01: time = 1.29797111e-01
# iteration    10: delta_max = 7.82855288e-01: time = 1.27477047e-01
# iteration    11: delta_max = 7.82855279e-01: time = 1.27265245e-01
# iteration    12: delta_max = 7.82845443e-01: time = 1.28392650e-01
# iteration    13: delta_max = 7.82845401e-01: time = 1.27866524e-01
# iteration    14: delta_max = 7.27353880e-01: time = 2.39242536e-01
# iteration    15: delta_max = 7.27353134e-01: time = 2.41363016e-01
# iteration    16: delta_max = 6.60344835e-01: time = 5.18176833e-01
# iteration    17: delta_max = 6.49195922e-01: time = 5.16680210e-01
# iteration    18: delta_max = 4.63209021e-01: time = 9.60547030e-02
# iteration    19: delta_max = 4.57386744e-01: time = 9.21523020e-02
# iteration    20: delta_max = 2.98303171e-01: time = 2.38600206e-01
# iteration    21: delta_max = 2.98302362e-01: time = 2.41847916e-01
# iteration    22: delta_max = 2.50957345e-01: time = 2.39956214e-01
# iteration    23: delta_max = 2.50957345e-01: time = 2.42384044e-01
# iteration    24: delta_max = 2.50957345e-01: time = 2.39553968e-01
# iteration    25: delta_max = 2.50957345e-01: time = 2.39263422e-01
# iteration    26: delta_max = 2.50956993e-01: time = 2.39343207e-01
# iteration    27: delta_max = 2.50956993e-01: time = 2.39777408e-01
# iteration    28: delta_max = 2.37807675e-01: time = 1.32168684e-01
# iteration    29: delta_max = 2.37807675e-01: time = 1.33551350e-01
# iteration    30: delta_max = 2.37803513e-01: time = 1.28784913e-01
# iteration    31: delta_max = 2.37803513e-01: time = 1.27685269e-01
# iteration    32: delta_max = 2.37803497e-01: time = 1.27858271e-01
# iteration    33: delta_max = 2.37803497e-01: time = 1.28646837e-01
# iteration    34: delta_max = 2.19118162e-01: time = 1.28175559e-01
# iteration    35: delta_max = 2.19113617e-01: time = 1.28396547e-01
# iteration    36: delta_max = 2.17889061e-01: time = 1.28230489e-01
# iteration    37: delta_max = 2.17884397e-01: time = 1.28082625e-01
# iteration    38: delta_max = 2.17884264e-01: time = 1.27913180e-01
# iteration    39: delta_max = 2.17884142e-01: time = 1.28149393e-01
# iteration    40: delta_max = 1.71971637e-01: time = 1.25179438e-01
# iteration    41: delta_max = 1.71581904e-01: time = 1.24877398e-01
# iteration    42: delta_max = 1.55122705e-01: time = 5.89839120e-02
# iteration    43: delta_max = 1.54953873e-01: time = 5.85328510e-02
# iteration    44: delta_max = 1.50501149e-01: time = 5.79231510e-02
# iteration    45: delta_max = 1.49924397e-01: time = 5.78253380e-02
# iteration    46: delta_max = 1.48982069e-01: time = 5.79458520e-02
# iteration    47: delta_max = 1.48979751e-01: time = 5.78304181e-02
# iteration    48: delta_max = 1.20342718e-01: time = 2.40308008e-01
# iteration    49: delta_max = 1.15484875e-01: time = 2.43086578e-01
# iteration    50: delta_max = 9.87701585e-02: time = 2.41155360e-01
# iteration    51: delta_max = 9.87701368e-02: time = 2.43639639e-01
# iteration    52: delta_max = 9.16836430e-02: time = 1.64825153e-01
# iteration    53: delta_max = 9.16836418e-02: time = 1.64393563e-01
# iteration    54: delta_max = 9.16712233e-02: time = 1.59962757e-01
# iteration    55: delta_max = 9.16712042e-02: time = 1.59744472e-01
# iteration    56: delta_max = 9.13085119e-02: time = 1.60531782e-01
# iteration    57: delta_max = 9.13084128e-02: time = 1.58344092e-01
# iteration    58: delta_max = 8.67564380e-02: time = 2.40350397e-01
# iteration    59: delta_max = 8.67560546e-02: time = 2.41991621e-01
# iteration    60: delta_max = 7.92909062e-02: time = 8.71085080e-02
# iteration    61: delta_max = 7.92909062e-02: time = 8.83756240e-02
# iteration    62: delta_max = 6.75943701e-02: time = 5.39474930e-02
# iteration    63: delta_max = 6.75900808e-02: time = 5.39696300e-02
# iteration    64: delta_max = 6.75880235e-02: time = 5.17124450e-02
# iteration    65: delta_max = 6.75530841e-02: time = 5.17930600e-02
# iteration    66: delta_max = 6.71071892e-02: time = 5.18222380e-02
# iteration    67: delta_max = 6.70541654e-02: time = 5.19964800e-02
# iteration    68: delta_max = 6.62342515e-02: time = 5.22646300e-02
# iteration    69: delta_max = 6.62275087e-02: time = 5.19393380e-02
# iteration    70: delta_max = 5.97678820e-02: time = 8.45799700e-02
# iteration    71: delta_max = 5.97278422e-02: time = 8.11751430e-02
# iteration    72: delta_max = 5.92289195e-02: time = 3.60313411e-01
# iteration    73: delta_max = 5.92289195e-02: time = 3.57807581e-01
# iteration    74: delta_max = 5.59323492e-02: time = 3.48325017e-01
# iteration    75: delta_max = 5.59323487e-02: time = 3.46570433e-01
# iteration    76: delta_max = 5.59270398e-02: time = 3.48018383e-01
# iteration    77: delta_max = 5.59270397e-02: time = 3.48394995e-01
# iteration    78: delta_max = 5.32112841e-02: time = 1.29251867e-01
# iteration    79: delta_max = 5.26191094e-02: time = 3.47010375e-01
# iteration    80: delta_max = 5.26191071e-02: time = 3.48685518e-01
# iteration    81: delta_max = 5.25992552e-02: time = 3.61266602e-01
# iteration    82: delta_max = 5.25992540e-02: time = 3.58002959e-01
# iteration    83: delta_max = 5.11833581e-02: time = 1.33356254e-01
# iteration    84: delta_max = 4.95743062e-02: time = 1.77292043e-01
# iteration    85: delta_max = 4.95743057e-02: time = 1.74112287e-01
# iteration    86: delta_max = 4.95522769e-02: time = 1.71945193e-01
# iteration    87: delta_max = 4.95522767e-02: time = 1.71913813e-01
# iteration    88: delta_max = 4.56771921e-02: time = 2.40806226e-01
# iteration    89: delta_max = 4.56748086e-02: time = 2.43645458e-01
# iteration    90: delta_max = 4.52262256e-02: time = 3.58758131e-01
# iteration    91: delta_max = 4.52262241e-02: time = 3.60931846e-01
# iteration    92: delta_max = 4.52148095e-02: time = 3.47016648e-01
# iteration    93: delta_max = 4.52148077e-02: time = 3.47443463e-01
# iteration    94: delta_max = 4.42621066e-02: time = 8.54742220e-02
# iteration    95: delta_max = 4.42608028e-02: time = 8.51798220e-02
# iteration    96: delta_max = 4.29360264e-02: time = 6.11613400e-02
# iteration    97: delta_max = 4.29358616e-02: time = 6.30962380e-02
# iteration    98: delta_max = 4.29338121e-02: time = 5.95055550e-02
# iteration    99: delta_max = 4.29320099e-02: time = 5.95785010e-02
# iteration   100: delta_max = 4.29120775e-02: time = 5.95958260e-02
# iteration   101: delta_max = 4.29119900e-02: time = 6.00651950e-02
# iteration   102: delta_max = 4.28942821e-02: time = 3.20309344e-01
# iteration   103: delta_max = 4.28905940e-02: time = 3.22013596e-01
# iteration   104: delta_max = 4.11933434e-02: time = 9.76771670e-02
# iteration   105: delta_max = 4.11924097e-02: time = 9.82623010e-02
# iteration   106: delta_max = 3.96143458e-02: time = 2.41382322e-01
# iteration   107: delta_max = 3.94509167e-02: time = 2.44234328e-01
# iteration   108: delta_max = 3.67833735e-02: time = 3.22671277e-01
# iteration   109: delta_max = 3.67780181e-02: time = 3.24601684e-01
# iteration   110: delta_max = 3.66477113e-02: time = 5.21117690e-01
# iteration   111: delta_max = 3.66477079e-02: time = 5.20036655e-01
# iteration   112: delta_max = 3.62432708e-02: time = 3.21646551e-01
# iteration   113: delta_max = 3.62297004e-02: time = 3.24435663e-01
# iteration   114: delta_max = 3.51001718e-02: time = 6.73181710e-02
# iteration   115: delta_max = 3.50935999e-02: time = 6.97304660e-02
# iteration   116: delta_max = 3.50300699e-02: time = 6.62865020e-02
# iteration   117: delta_max = 3.50283356e-02: time = 6.61715320e-02
# iteration   118: delta_max = 3.49481469e-02: time = 1.30738638e-01
# iteration   119: delta_max = 3.49231317e-02: time = 1.30083951e-01
# iteration   120: delta_max = 3.49133438e-02: time = 6.73052790e-02
# iteration   121: delta_max = 3.49127504e-02: time = 6.70547200e-02
# iteration   122: delta_max = 3.49086005e-02: time = 6.64105790e-02
# iteration   123: delta_max = 3.49033711e-02: time = 6.63027930e-02
# iteration   124: delta_max = 3.47756273e-02: time = 6.64722870e-02
# iteration   125: delta_max = 3.47749477e-02: time = 6.64183200e-02
# iteration   126: delta_max = 3.46791799e-02: time = 1.82109635e-01
# iteration   127: delta_max = 3.46791799e-02: time = 1.82721746e-01
# iteration   128: delta_max = 3.46768149e-02: time = 1.86176359e-01
# iteration   129: delta_max = 3.46768149e-02: time = 1.86149608e-01
# iteration   130: delta_max = 3.46767827e-02: time = 1.86310731e-01
# iteration   131: delta_max = 3.46767827e-02: time = 1.86344949e-01
# iteration   132: delta_max = 3.46748817e-02: time = 1.86267624e-01
# iteration   133: delta_max = 3.46748817e-02: time = 1.86268899e-01
# iteration   134: delta_max = 3.46741484e-02: time = 1.87146654e-01
# iteration   135: delta_max = 3.46741484e-02: time = 1.86527485e-01
# iteration   136: delta_max = 3.46700772e-02: time = 1.86393334e-01
# iteration   137: delta_max = 3.46700770e-02: time = 1.86305097e-01
# iteration   138: delta_max = 3.46645844e-02: time = 1.81714910e-01
# iteration   139: delta_max = 3.46645803e-02: time = 1.81825358e-01
# iteration   140: delta_max = 3.46570249e-02: time = 1.86592996e-01
# iteration   141: delta_max = 3.46570214e-02: time = 1.86455109e-01
# iteration   142: delta_max = 3.45581328e-02: time = 6.71072380e-02
# iteration   143: delta_max = 3.45552000e-02: time = 6.74652870e-02
# iteration   144: delta_max = 3.45322635e-02: time = 6.71316830e-02
# iteration   145: delta_max = 3.45254331e-02: time = 6.70761090e-02
# iteration   146: delta_max = 3.41700800e-02: time = 2.42105432e-01
# iteration   147: delta_max = 3.38760176e-02: time = 2.42282505e-01
# iteration   148: delta_max = 3.32792844e-02: time = 3.48495994e-01
# iteration   149: delta_max = 3.32792844e-02: time = 3.48807225e-01
# iteration   150: delta_max = 3.25447514e-02: time = 3.23031750e-01
# iteration   151: delta_max = 3.25380963e-02: time = 3.37677671e-01
# iteration   152: delta_max = 3.20851542e-02: time = 8.96890380e-02
# iteration   153: delta_max = 3.20511807e-02: time = 9.24680130e-02
# iteration   154: delta_max = 3.11163097e-02: time = 5.21234509e-01
# iteration   155: delta_max = 3.11162449e-02: time = 5.19853202e-01
# iteration   156: delta_max = 3.09152797e-02: time = 5.18044791e-01
# iteration   157: delta_max = 3.09152770e-02: time = 5.19129007e-01
# iteration   158: delta_max = 2.97523652e-02: time = 8.54857290e-02
# iteration   159: delta_max = 2.97511120e-02: time = 8.91634110e-02
# iteration   160: delta_max = 2.88007963e-02: time = 3.27153809e-01
# iteration   161: delta_max = 2.88007548e-02: time = 3.24532432e-01
# iteration   162: delta_max = 2.79571573e-02: time = 1.65999444e-01
# iteration   163: delta_max = 2.79571572e-02: time = 1.65750072e-01
# iteration   164: delta_max = 2.79378519e-02: time = 1.61700673e-01
# iteration   165: delta_max = 2.79378501e-02: time = 1.61886226e-01
# iteration   166: delta_max = 2.74511634e-02: time = 1.61704244e-01
# iteration   167: delta_max = 2.74486104e-02: time = 1.61749966e-01
# iteration   168: delta_max = 2.65928877e-02: time = 1.63342293e-01
# iteration   169: delta_max = 2.65921324e-02: time = 1.63310532e-01
# iteration   170: delta_max = 2.62166092e-02: time = 1.31768911e-01
# iteration   171: delta_max = 2.55806582e-02: time = 3.22878255e-01
# iteration   172: delta_max = 2.55777322e-02: time = 3.25727486e-01
# iteration   173: delta_max = 2.53501654e-02: time = 3.24338120e-01
# iteration   174: delta_max = 2.53470930e-02: time = 3.26476655e-01
# iteration   175: delta_max = 2.52950826e-02: time = 1.32401115e-01
# iteration   176: delta_max = 2.52947892e-02: time = 1.32657256e-01
# iteration   177: delta_max = 2.51186692e-02: time = 1.35879696e-01
# iteration   178: delta_max = 2.43674990e-02: time = 3.49527265e-01
# iteration   179: delta_max = 2.43674949e-02: time = 3.48986211e-01
# iteration   180: delta_max = 2.43449464e-02: time = 3.60306114e-01
# iteration   181: delta_max = 2.43449449e-02: time = 3.59578909e-01
# iteration   182: delta_max = 2.38984362e-02: time = 3.23515629e-01
# iteration   183: delta_max = 2.38984193e-02: time = 3.25270826e-01
# iteration   184: delta_max = 2.36220220e-02: time = 3.51404388e-01
# iteration   185: delta_max = 2.36220220e-02: time = 3.52865767e-01
# iteration   186: delta_max = 2.35560799e-02: time = 1.00913577e-01
# iteration   187: delta_max = 2.34436358e-02: time = 1.32135239e-01
# iteration   188: delta_max = 2.34229589e-02: time = 1.29388629e-01
# iteration   189: delta_max = 2.33655818e-02: time = 9.11919110e-02
# iteration   190: delta_max = 2.28207751e-02: time = 9.41977540e-02
# iteration   191: delta_max = 2.25614052e-02: time = 9.67405460e-02
# iteration   192: delta_max = 2.18059769e-02: time = 9.06390160e-02
# iteration   193: delta_max = 2.16265486e-02: time = 9.03231020e-02
# iteration   194: delta_max = 2.07416209e-02: time = 9.02912950e-02
# iteration   195: delta_max = 2.07405586e-02: time = 9.03300580e-02
# iteration   196: delta_max = 2.02426732e-02: time = 3.25287525e-01
# iteration   197: delta_max = 2.02426346e-02: time = 3.27170189e-01
# iteration   198: delta_max = 1.97783379e-02: time = 4.78284664e-01
# iteration   199: delta_max = 1.97783348e-02: time = 4.77265612e-01
# iteration   200: delta_max = 1.97322486e-02: time = 8.83494070e-02
# iteration   201: delta_max = 1.97025704e-02: time = 8.86078120e-02
# iteration   202: delta_max = 1.88633265e-02: time = 4.96072870e-02
# iteration   203: delta_max = 1.88633063e-02: time = 5.22322420e-02
# iteration   204: delta_max = 1.88034594e-02: time = 6.54629840e-02
# iteration   205: delta_max = 1.87001154e-02: time = 5.84445960e-02
# iteration   206: delta_max = 1.85182617e-02: time = 9.43850609e-02
# iteration   207: delta_max = 1.84902028e-02: time = 9.07803620e-02
# iteration   208: delta_max = 1.83519206e-02: time = 5.59884740e-02
# iteration   209: delta_max = 1.83231153e-02: time = 5.65946460e-02
# iteration   210: delta_max = 1.81382521e-02: time = 1.75737194e-01
# iteration   211: delta_max = 1.81382290e-02: time = 1.75525911e-01
# iteration   212: delta_max = 1.73938607e-02: time = 9.07745180e-02
# iteration   213: delta_max = 1.72267553e-02: time = 9.07605910e-02
# iteration   214: delta_max = 1.71781915e-02: time = 9.07465720e-02
# iteration   215: delta_max = 1.69665084e-02: time = 4.81016849e-01
# iteration   216: delta_max = 1.69628253e-02: time = 4.80606107e-01
# iteration   217: delta_max = 1.68677423e-02: time = 8.96604109e-02
# iteration   218: delta_max = 1.68641235e-02: time = 8.68634700e-02
# iteration   219: delta_max = 1.67041259e-02: time = 9.47599870e-02
# iteration   220: delta_max = 1.63694899e-02: time = 4.80122443e-01
# iteration   221: delta_max = 1.63634992e-02: time = 4.80331691e-01
# iteration   222: delta_max = 1.61701011e-02: time = 4.58307971e-01
# iteration   223: delta_max = 1.61693529e-02: time = 4.60807266e-01
# iteration   224: delta_max = 1.58769530e-02: time = 8.92917340e-02
# iteration   225: delta_max = 1.58749136e-02: time = 8.92864880e-02
# iteration   226: delta_max = 1.57192921e-02: time = 3.28540847e-01
# iteration   227: delta_max = 1.57192879e-02: time = 3.31515832e-01
# iteration   228: delta_max = 1.53750282e-02: time = 3.51570450e-01
# iteration   229: delta_max = 1.53750281e-02: time = 3.50990319e-01
# iteration   230: delta_max = 1.53453646e-02: time = 5.93577650e-02
# iteration   231: delta_max = 1.53255167e-02: time = 5.90886130e-02
# iteration   232: delta_max = 1.49789514e-02: time = 4.39735643e-01
# iteration   233: delta_max = 1.49788030e-02: time = 4.39811032e-01
# iteration   234: delta_max = 1.49721051e-02: time = 1.05133995e-01
# iteration   235: delta_max = 1.49720906e-02: time = 1.07494467e-01
# iteration   236: delta_max = 1.49609426e-02: time = 1.04410280e-01
# iteration   237: delta_max = 1.49600100e-02: time = 1.04285112e-01
# iteration   238: delta_max = 1.49244477e-02: time = 3.42046198e-01
# iteration   239: delta_max = 1.49231500e-02: time = 3.45202159e-01
# iteration   240: delta_max = 1.47108810e-02: time = 1.33644589e-01
# iteration   241: delta_max = 1.47077683e-02: time = 1.32042168e-01
# iteration   242: delta_max = 1.46551683e-02: time = 3.55622326e-01
# iteration   243: delta_max = 1.46551681e-02: time = 3.51184899e-01
# iteration   244: delta_max = 1.46401762e-02: time = 4.56811998e-01
# iteration   245: delta_max = 1.46380578e-02: time = 4.57176084e-01
# iteration   246: delta_max = 1.46377773e-02: time = 8.90019260e-02
# iteration   247: delta_max = 1.46377672e-02: time = 8.94598350e-02
# iteration   248: delta_max = 1.46339978e-02: time = 8.61572100e-02
# iteration   249: delta_max = 1.46311710e-02: time = 8.59313550e-02
# iteration   250: delta_max = 1.45817963e-02: time = 1.31945296e-01
# iteration   251: delta_max = 1.45770442e-02: time = 1.31089321e-01
# iteration   252: delta_max = 1.45011760e-02: time = 3.39454863e-01
# iteration   253: delta_max = 1.44995070e-02: time = 3.42670047e-01
# iteration   254: delta_max = 1.42906133e-02: time = 9.00097710e-02
# iteration   255: delta_max = 1.42774710e-02: time = 1.34155825e-01
# iteration   256: delta_max = 1.40631962e-02: time = 8.61521140e-02
# iteration   257: delta_max = 1.40066079e-02: time = 8.87373870e-02
# iteration   258: delta_max = 1.39235743e-02: time = 4.97584899e-01
# iteration   259: delta_max = 1.39235707e-02: time = 4.98256426e-01
# iteration   260: delta_max = 1.39191511e-02: time = 4.97927117e-01
# iteration   261: delta_max = 1.39191510e-02: time = 4.97585976e-01
# iteration   262: delta_max = 1.36918533e-02: time = 9.25595580e-02
# iteration   263: delta_max = 1.36910170e-02: time = 9.21943530e-02
# iteration   264: delta_max = 1.36683919e-02: time = 8.64317660e-02
# iteration   265: delta_max = 1.36664652e-02: time = 1.32636974e-01
# iteration   266: delta_max = 1.35839635e-02: time = 3.29445327e-01
# iteration   267: delta_max = 1.35839617e-02: time = 3.25763379e-01
# iteration   268: delta_max = 1.35066936e-02: time = 3.29564772e-01
# iteration   269: delta_max = 1.35066865e-02: time = 3.28488792e-01
# iteration   270: delta_max = 1.31759254e-02: time = 8.95189080e-02
# iteration   271: delta_max = 1.31119555e-02: time = 9.01914690e-02
# iteration   272: delta_max = 1.29679557e-02: time = 4.82089045e-01
# iteration   273: delta_max = 1.29677481e-02: time = 4.84382258e-01
# iteration   274: delta_max = 1.29341971e-02: time = 3.29652078e-01
# iteration   275: delta_max = 1.29341682e-02: time = 3.29805733e-01
# iteration   276: delta_max = 1.28900912e-02: time = 1.08957493e-01
# iteration   277: delta_max = 1.28900870e-02: time = 1.09258596e-01
# iteration   278: delta_max = 1.28706708e-02: time = 1.05337729e-01
# iteration   279: delta_max = 1.28643844e-02: time = 1.05381040e-01
# iteration   280: delta_max = 1.27183203e-02: time = 4.82633210e-01
# iteration   281: delta_max = 1.27182861e-02: time = 4.87863037e-01
# iteration   282: delta_max = 1.27115786e-02: time = 4.96947106e-01
# iteration   283: delta_max = 1.27060493e-02: time = 4.89109210e-01
# iteration   284: delta_max = 1.26374314e-02: time = 5.25713187e-01
# iteration   285: delta_max = 1.26374314e-02: time = 5.25050246e-01
# iteration   286: delta_max = 1.25552267e-02: time = 1.86081941e-01
# iteration   287: delta_max = 1.25552217e-02: time = 1.86024410e-01
# iteration   288: delta_max = 1.25496220e-02: time = 1.86096629e-01
# iteration   289: delta_max = 1.25496161e-02: time = 1.85924947e-01
# iteration   290: delta_max = 1.25491381e-02: time = 1.86177146e-01
# iteration   291: delta_max = 1.25491371e-02: time = 1.85966088e-01
# iteration   292: delta_max = 1.25444975e-02: time = 1.86702925e-01
# iteration   293: delta_max = 1.25444935e-02: time = 1.85988980e-01
# iteration   294: delta_max = 1.25429074e-02: time = 1.90866684e-01
# iteration   295: delta_max = 1.25429000e-02: time = 1.90959475e-01
# iteration   296: delta_max = 1.24815139e-02: time = 1.86396825e-01
# iteration   297: delta_max = 1.24813910e-02: time = 1.86272633e-01
# iteration   298: delta_max = 1.23748302e-02: time = 5.23369506e-01
# iteration   299: delta_max = 1.23748298e-02: time = 5.21357241e-01
# iteration   300: delta_max = 1.23708103e-02: time = 4.59594504e-01
# iteration   301: delta_max = 1.23704193e-02: time = 4.60480172e-01
# iteration   302: delta_max = 1.23430981e-02: time = 9.68252660e-02
# iteration   303: delta_max = 1.22309664e-02: time = 9.46974310e-02
# iteration   304: delta_max = 1.21477227e-02: time = 3.30777387e-01
# iteration   305: delta_max = 1.21477080e-02: time = 3.26845194e-01
# iteration   306: delta_max = 1.21008070e-02: time = 2.47305550e-01
# iteration   307: delta_max = 1.21008058e-02: time = 2.46454772e-01
# iteration   308: delta_max = 1.20567712e-02: time = 2.47847248e-01
# iteration   309: delta_max = 1.20567641e-02: time = 2.46800224e-01
# iteration   310: delta_max = 1.19891366e-02: time = 5.08400834e-01
# iteration   311: delta_max = 1.19891351e-02: time = 5.09137771e-01
# iteration   312: delta_max = 1.19702599e-02: time = 5.05701125e-01
# iteration   313: delta_max = 1.19702598e-02: time = 5.05558503e-01
# iteration   314: delta_max = 1.19558594e-02: time = 1.34491385e-01
# iteration   315: delta_max = 1.19178603e-02: time = 1.90352537e-01
# iteration   316: delta_max = 1.19178601e-02: time = 1.90265626e-01
# iteration   317: delta_max = 1.19152593e-02: time = 1.32851685e-01
# iteration   318: delta_max = 1.18235019e-02: time = 9.26447490e-02
# iteration   319: delta_max = 1.18168856e-02: time = 1.86925909e-01
# iteration   320: delta_max = 1.18167637e-02: time = 1.87111660e-01
# iteration   321: delta_max = 1.15905877e-02: time = 1.07831800e-01
# iteration   322: delta_max = 1.15892674e-02: time = 1.06484512e-01
# iteration   323: delta_max = 1.15603250e-02: time = 3.30224540e-01
# iteration   324: delta_max = 1.15603224e-02: time = 3.33068977e-01
# iteration   325: delta_max = 1.12241045e-02: time = 1.19609596e-01
# iteration   326: delta_max = 1.12236677e-02: time = 1.16866773e-01
# iteration   327: delta_max = 1.11574701e-02: time = 1.10379257e-01
# iteration   328: delta_max = 1.11563203e-02: time = 1.10592732e-01
# iteration   329: delta_max = 1.10238563e-02: time = 5.05816335e-01
# iteration   330: delta_max = 1.10238563e-02: time = 5.08851867e-01
# iteration   331: delta_max = 1.09082539e-02: time = 6.08896800e-02
# iteration   332: delta_max = 1.08397275e-02: time = 4.62853819e-01
# iteration   333: delta_max = 1.08395769e-02: time = 4.59736668e-01
# iteration   334: delta_max = 1.08266225e-02: time = 9.76022650e-02
# iteration   335: delta_max = 1.07102561e-02: time = 5.09550259e-01
# iteration   336: delta_max = 1.07102560e-02: time = 5.06464277e-01
# iteration   337: delta_max = 1.06861352e-02: time = 6.10147140e-02
# iteration   338: delta_max = 1.06270265e-02: time = 9.83888550e-02
# iteration   339: delta_max = 1.05427677e-02: time = 5.25493504e-01
# iteration   340: delta_max = 1.05427676e-02: time = 5.22648097e-01
# iteration   341: delta_max = 1.05029345e-02: time = 1.01390834e-01
# iteration   342: delta_max = 1.04730384e-02: time = 1.00938131e-01
# iteration   343: delta_max = 1.04028481e-02: time = 7.47398160e-02
# iteration   344: delta_max = 1.04026314e-02: time = 7.70632050e-02
# iteration   345: delta_max = 1.00934971e-02: time = 1.36666520e-01
# iteration   346: delta_max = 1.00927030e-02: time = 1.36703398e-01
# iteration   347: delta_max = 1.00604652e-02: time = 4.86426507e-01
# iteration   348: delta_max = 1.00604644e-02: time = 4.87700460e-01
# iteration   349: delta_max = 1.00576672e-02: time = 4.86292702e-01
# iteration   350: delta_max = 1.00576671e-02: time = 4.87115629e-01
# iteration   351: delta_max = 1.00454621e-02: time = 4.60607850e-01
# iteration   352: delta_max = 1.00407174e-02: time = 4.60121190e-01
# iteration   353: delta_max = 9.73761614e-03: time = 4.60368676e-01
# iteration   354: delta_max = 9.73588687e-03: time = 4.60465079e-01
# iteration   355: delta_max = 9.69748867e-03: time = 3.54366253e-01
# iteration   356: delta_max = 9.69655544e-03: time = 3.54531482e-01
# iteration   357: delta_max = 9.64910056e-03: time = 6.04378350e-02
# iteration   358: delta_max = 9.63449672e-03: time = 5.23497020e-01
# iteration   359: delta_max = 9.63449669e-03: time = 5.25830969e-01
# iteration   360: delta_max = 9.60502708e-03: time = 4.85119927e-01
# iteration   361: delta_max = 9.58695840e-03: time = 6.47411410e-02
# iteration   362: delta_max = 9.57232506e-03: time = 4.84642562e-01
# iteration   363: delta_max = 9.33450434e-03: time = 4.84198548e-01
# iteration   364: delta_max = 9.31955529e-03: time = 4.83535159e-01
# iteration   365: delta_max = 9.13867525e-03: time = 4.84183382e-01
# iteration   366: delta_max = 9.12991408e-03: time = 4.84325052e-01
# iteration   367: delta_max = 9.04151305e-03: time = 5.10653289e-01
# iteration   368: delta_max = 9.04151283e-03: time = 5.10315698e-01
# iteration   369: delta_max = 9.02254084e-03: time = 4.62688931e-01
# iteration   370: delta_max = 9.01527417e-03: time = 4.63805399e-01
# iteration   371: delta_max = 8.99169734e-03: time = 5.27330526e-01
# iteration   372: delta_max = 8.99169725e-03: time = 5.27910115e-01
# iteration   373: delta_max = 8.99168096e-03: time = 5.23501526e-01
# iteration   374: delta_max = 8.99168088e-03: time = 5.45760542e-01
# iteration   375: delta_max = 8.97130137e-03: time = 5.12266580e-01
# iteration   376: delta_max = 8.97087908e-03: time = 5.14519099e-01
# iteration   377: delta_max = 8.91095139e-03: time = 4.87529723e-01
# iteration   378: delta_max = 8.89624447e-03: time = 4.86095443e-01
# iteration   379: delta_max = 8.81829962e-03: time = 3.32370700e-01
# iteration   380: delta_max = 8.80974722e-03: time = 3.28852374e-01
# iteration   381: delta_max = 8.72540835e-03: time = 1.72072994e-01
# iteration   382: delta_max = 8.72533836e-03: time = 1.71900426e-01
# iteration   383: delta_max = 8.70064225e-03: time = 1.67968169e-01
# iteration   384: delta_max = 8.70064168e-03: time = 1.67620392e-01
# iteration   385: delta_max = 8.69472607e-03: time = 1.67528502e-01
# iteration   386: delta_max = 8.69472587e-03: time = 1.67779097e-01
# iteration   387: delta_max = 8.53398405e-03: time = 4.43850443e-01
# iteration   388: delta_max = 8.49964477e-03: time = 4.45987251e-01
# iteration   389: delta_max = 8.47985334e-03: time = 5.04717125e-01
# iteration   390: delta_max = 8.47985208e-03: time = 5.02529275e-01
# iteration   391: delta_max = 8.46812973e-03: time = 9.89532310e-02
# iteration   392: delta_max = 8.37869611e-03: time = 9.56945330e-02
# iteration   393: delta_max = 8.31377028e-03: time = 9.90504390e-02
# iteration   394: delta_max = 8.22344360e-03: time = 1.09118633e-01
# iteration   395: delta_max = 8.22184825e-03: time = 1.09573111e-01
# iteration   396: delta_max = 8.12217405e-03: time = 4.84989551e-01
# iteration   397: delta_max = 8.12178829e-03: time = 4.85511541e-01
# iteration   398: delta_max = 8.10658962e-03: time = 5.27203117e-01
# iteration   399: delta_max = 8.10658746e-03: time = 5.25750849e-01
# iteration   400: delta_max = 8.10350036e-03: time = 5.28137114e-01
# iteration   401: delta_max = 8.10350033e-03: time = 5.23870125e-01
# iteration   402: delta_max = 8.05612454e-03: time = 9.17323970e-02
# iteration   403: delta_max = 8.05563635e-03: time = 9.01788650e-02
# iteration   404: delta_max = 8.04777886e-03: time = 4.90636300e-01
# iteration   405: delta_max = 8.04777424e-03: time = 4.88041922e-01
# iteration   406: delta_max = 7.92818947e-03: time = 4.45152580e-01
# iteration   407: delta_max = 7.92258344e-03: time = 4.48632903e-01
# iteration   408: delta_max = 7.87052956e-03: time = 1.38576550e-01
# iteration   409: delta_max = 7.87023711e-03: time = 1.38289734e-01
# iteration   410: delta_max = 7.85964204e-03: time = 1.42777610e-01
# iteration   411: delta_max = 7.85962084e-03: time = 1.35392824e-01
# iteration   412: delta_max = 7.84562655e-03: time = 1.00262623e-01
# iteration   413: delta_max = 7.84004048e-03: time = 1.35584830e-01
# iteration   414: delta_max = 7.84000833e-03: time = 1.35472128e-01
# iteration   415: delta_max = 7.83378956e-03: time = 4.61390523e-01
# iteration   416: delta_max = 7.83332385e-03: time = 4.63064454e-01
# iteration   417: delta_max = 7.80442678e-03: time = 1.06496235e-01
# iteration   418: delta_max = 7.76562045e-03: time = 1.04575728e-01
# iteration   419: delta_max = 7.76357699e-03: time = 1.00615203e-01
# iteration   420: delta_max = 7.73230266e-03: time = 3.32419563e-01
# iteration   421: delta_max = 7.73230265e-03: time = 3.35828758e-01
# iteration   422: delta_max = 7.72592344e-03: time = 4.62393827e-01
# iteration   423: delta_max = 7.68487380e-03: time = 4.65542058e-01
# iteration   424: delta_max = 7.56161581e-03: time = 4.63427191e-01
# iteration   425: delta_max = 7.56076037e-03: time = 4.62298043e-01
# iteration   426: delta_max = 7.51639122e-03: time = 1.39193479e-01
# iteration   427: delta_max = 7.51639045e-03: time = 1.38685443e-01
# iteration   428: delta_max = 7.50204077e-03: time = 4.62703470e-01
# iteration   429: delta_max = 7.50021556e-03: time = 4.62112495e-01
# iteration   430: delta_max = 7.45554737e-03: time = 1.09760708e-01
# iteration   431: delta_max = 7.45529974e-03: time = 1.12179231e-01
# iteration   432: delta_max = 7.42515234e-03: time = 1.09936348e-01
# iteration   433: delta_max = 7.42507689e-03: time = 1.09731892e-01
# iteration   434: delta_max = 7.37698722e-03: time = 1.10120345e-01
# iteration   435: delta_max = 7.37656671e-03: time = 1.10226734e-01
# iteration   436: delta_max = 7.32368355e-03: time = 1.10261255e-01
# iteration   437: delta_max = 7.32200565e-03: time = 1.09552911e-01
# iteration   438: delta_max = 7.30545874e-03: time = 5.29261293e-01
# iteration   439: delta_max = 7.30545874e-03: time = 5.25020633e-01
# iteration   440: delta_max = 7.30368793e-03: time = 5.25205924e-01
# iteration   441: delta_max = 7.30368793e-03: time = 5.25786767e-01
# iteration   442: delta_max = 7.24051118e-03: time = 5.02926917e-01
# iteration   443: delta_max = 7.24051117e-03: time = 5.03164479e-01
# iteration   444: delta_max = 7.22832751e-03: time = 3.34655822e-01
# iteration   445: delta_max = 7.22828638e-03: time = 3.38012326e-01
# iteration   446: delta_max = 7.18315597e-03: time = 1.01600689e-01
# iteration   447: delta_max = 7.11222273e-03: time = 6.50066010e-02
# iteration   448: delta_max = 7.08083221e-03: time = 2.50330798e-01
# iteration   449: delta_max = 7.08050728e-03: time = 2.51421063e-01
# iteration   450: delta_max = 6.99163610e-03: time = 1.04337137e-01
# iteration   451: delta_max = 6.97884286e-03: time = 1.05856221e-01
# iteration   452: delta_max = 6.96085836e-03: time = 6.25642450e-02
# iteration   453: delta_max = 6.89955364e-03: time = 2.50526376e-01
# iteration   454: delta_max = 6.89914929e-03: time = 2.54311915e-01
# iteration   455: delta_max = 6.85459359e-03: time = 1.00909683e-01
# iteration   456: delta_max = 6.84749947e-03: time = 3.47467569e-01
# iteration   457: delta_max = 6.84720415e-03: time = 3.49891215e-01
# iteration   458: delta_max = 6.84141161e-03: time = 5.13744041e-01
# iteration   459: delta_max = 6.84141121e-03: time = 5.06506059e-01
# iteration   460: delta_max = 6.81801478e-03: time = 5.09154315e-01
# iteration   461: delta_max = 6.81801365e-03: time = 5.10045975e-01
# iteration   462: delta_max = 6.72943627e-03: time = 3.32248049e-01
# iteration   463: delta_max = 6.72917821e-03: time = 3.34196243e-01
# iteration   464: delta_max = 6.64406207e-03: time = 5.29401182e-01
# iteration   465: delta_max = 6.64405882e-03: time = 5.29818794e-01
# iteration   466: delta_max = 6.62212525e-03: time = 5.03644401e-01
# iteration   467: delta_max = 6.62212520e-03: time = 5.07711736e-01
# iteration   468: delta_max = 6.60538333e-03: time = 4.65122707e-01
# iteration   469: delta_max = 6.58661430e-03: time = 4.67180535e-01
# iteration   470: delta_max = 6.54897444e-03: time = 1.02865997e-01
# iteration   471: delta_max = 6.52199139e-03: time = 5.33456278e-01
# iteration   472: delta_max = 6.52199133e-03: time = 5.27115496e-01
# iteration   473: delta_max = 6.49820321e-03: time = 9.80022140e-02
# iteration   474: delta_max = 6.41217614e-03: time = 5.04300132e-01
# iteration   475: delta_max = 6.41217603e-03: time = 5.07583318e-01
# iteration   476: delta_max = 6.29137509e-03: time = 5.03407736e-01
# iteration   477: delta_max = 6.29137509e-03: time = 5.03113767e-01
# iteration   478: delta_max = 6.26872507e-03: time = 3.56783192e-01
# iteration   479: delta_max = 6.26869942e-03: time = 3.59536695e-01
# iteration   480: delta_max = 6.22170865e-03: time = 3.71275366e-01
# iteration   481: delta_max = 6.22170656e-03: time = 3.68608836e-01
# iteration   482: delta_max = 6.18485280e-03: time = 3.49019472e-01
# iteration   483: delta_max = 6.18034874e-03: time = 3.49309806e-01
# iteration   484: delta_max = 6.16823030e-03: time = 3.32271528e-01
# iteration   485: delta_max = 6.16736078e-03: time = 3.31427170e-01
# iteration   486: delta_max = 6.07289410e-03: time = 9.62255790e-02
# iteration   487: delta_max = 6.07278266e-03: time = 9.59527560e-02
# iteration   488: delta_max = 6.06818105e-03: time = 3.46727404e-01
# iteration   489: delta_max = 6.06641090e-03: time = 3.52529680e-01
# iteration   490: delta_max = 6.05424440e-03: time = 4.64059860e-01
# iteration   491: delta_max = 6.05280928e-03: time = 4.63837873e-01
# iteration   492: delta_max = 5.98516812e-03: time = 5.31008459e-01
# iteration   493: delta_max = 5.98511485e-03: time = 5.30170922e-01
# iteration   494: delta_max = 5.97268159e-03: time = 4.63431627e-01
# iteration   495: delta_max = 5.97016800e-03: time = 4.66473119e-01
# iteration   496: delta_max = 5.94269590e-03: time = 9.61847980e-02
# iteration   497: delta_max = 5.94251959e-03: time = 9.38854340e-02
# iteration   498: delta_max = 5.92569420e-03: time = 3.62188503e-01
# iteration   499: delta_max = 5.92548725e-03: time = 3.61985214e-01
# iteration   500: delta_max = 5.87081055e-03: time = 3.45806764e-01
# iteration   501: delta_max = 5.87080021e-03: time = 3.49374085e-01
# iteration   502: delta_max = 5.83182844e-03: time = 3.33012617e-01
# iteration   503: delta_max = 5.83167507e-03: time = 3.33759067e-01
# iteration   504: delta_max = 5.77577417e-03: time = 4.90578362e-01
# iteration   505: delta_max = 5.77481400e-03: time = 1.40758261e-01
# iteration   506: delta_max = 5.77481399e-03: time = 1.39545326e-01
# iteration   507: delta_max = 5.77397318e-03: time = 4.91700198e-01
# iteration   508: delta_max = 5.74136285e-03: time = 7.17230000e-02
# iteration   509: delta_max = 5.73486857e-03: time = 7.09048550e-02
# iteration   510: delta_max = 5.71327778e-03: time = 5.30217208e-01
# iteration   511: delta_max = 5.71327677e-03: time = 5.31186266e-01
# iteration   512: delta_max = 5.71275823e-03: time = 4.88817314e-01
# iteration   513: delta_max = 5.70483501e-03: time = 4.91023681e-01
# iteration   514: delta_max = 5.67534694e-03: time = 3.69123777e-01
# iteration   515: delta_max = 5.67534143e-03: time = 3.69405024e-01
# iteration   516: delta_max = 5.67135729e-03: time = 3.69413396e-01
# iteration   517: delta_max = 5.67135682e-03: time = 3.69169887e-01
# iteration   518: delta_max = 5.66685716e-03: time = 1.41309922e-01
# iteration   519: delta_max = 5.66685671e-03: time = 1.41372679e-01
# iteration   520: delta_max = 5.66537234e-03: time = 1.38720879e-01
# iteration   521: delta_max = 5.66528093e-03: time = 1.38322189e-01
# iteration   522: delta_max = 5.57293872e-03: time = 5.31753793e-01
# iteration   523: delta_max = 5.57293872e-03: time = 5.27894380e-01
# iteration   524: delta_max = 5.49226663e-03: time = 9.37552570e-02
# iteration   525: delta_max = 5.47914131e-03: time = 9.35006650e-02
# iteration   526: delta_max = 5.46948328e-03: time = 3.33327746e-01
# iteration   527: delta_max = 5.46851407e-03: time = 3.36277086e-01
# iteration   528: delta_max = 5.45116003e-03: time = 4.88679859e-01
# iteration   529: delta_max = 5.44883183e-03: time = 4.88324675e-01
# iteration   530: delta_max = 5.38979043e-03: time = 1.45809720e-01
# iteration   531: delta_max = 5.36928569e-03: time = 4.63814073e-01
# iteration   532: delta_max = 5.36403181e-03: time = 4.65131154e-01
# iteration   533: delta_max = 5.35105967e-03: time = 5.06935848e-01
# iteration   534: delta_max = 5.35105746e-03: time = 5.08307947e-01
# iteration   535: delta_max = 5.31395836e-03: time = 4.48929502e-01
# iteration   536: delta_max = 5.31018495e-03: time = 4.92047926e-01
# iteration   537: delta_max = 5.31016483e-03: time = 4.88724587e-01
# iteration   538: delta_max = 5.30763076e-03: time = 5.31593155e-01
# iteration   539: delta_max = 5.30763060e-03: time = 5.31421873e-01
# iteration   540: delta_max = 5.30752885e-03: time = 5.28318308e-01
# iteration   541: delta_max = 5.30385261e-03: time = 5.28130361e-01
# iteration   542: delta_max = 5.29383211e-03: time = 4.48274710e-01
# iteration   543: delta_max = 5.23625012e-03: time = 9.99084120e-02
# iteration   544: delta_max = 5.23076472e-03: time = 1.01328152e-01
# iteration   545: delta_max = 5.20120073e-03: time = 5.05627814e-01
# iteration   546: delta_max = 5.20120006e-03: time = 5.09181445e-01
# iteration   547: delta_max = 5.19529041e-03: time = 5.27569896e-01
# iteration   548: delta_max = 5.19528960e-03: time = 5.30106581e-01
# iteration   549: delta_max = 5.18920868e-03: time = 1.43429123e-01
# iteration   550: delta_max = 5.18861113e-03: time = 1.39215839e-01
# iteration   551: delta_max = 5.18451007e-03: time = 1.39153124e-01
# iteration   552: delta_max = 5.18438419e-03: time = 1.39377801e-01
# iteration   553: delta_max = 5.18091149e-03: time = 4.91806510e-01
# iteration   554: delta_max = 5.18065882e-03: time = 4.95872197e-01
# iteration   555: delta_max = 5.13225526e-03: time = 4.92674418e-01
# iteration   556: delta_max = 5.13215925e-03: time = 4.93503448e-01
# iteration   557: delta_max = 5.02830617e-03: time = 1.88749822e-01
# iteration   558: delta_max = 5.02827339e-03: time = 1.88411261e-01
# iteration   559: delta_max = 4.98892201e-03: time = 5.28070622e-01
# iteration   560: delta_max = 4.98892188e-03: time = 5.28934771e-01
# iteration   561: delta_max = 4.98455285e-03: time = 9.44933750e-02
# iteration   562: delta_max = 4.97828661e-03: time = 5.28532469e-01
# iteration   563: delta_max = 4.97828558e-03: time = 5.28149326e-01
# iteration   564: delta_max = 4.97015355e-03: time = 9.45266170e-02
# iteration   565: delta_max = 4.94979158e-03: time = 9.89241500e-02
# iteration   566: delta_max = 4.94949541e-03: time = 9.45171440e-02
# iteration   567: delta_max = 4.88595114e-03: time = 1.41168349e-01
# iteration   568: delta_max = 4.88555540e-03: time = 1.43886052e-01
# iteration   569: delta_max = 4.85422390e-03: time = 1.04500650e-01
# iteration   570: delta_max = 4.84061781e-03: time = 4.89850524e-01
# iteration   571: delta_max = 4.84049382e-03: time = 4.89879767e-01
# iteration   572: delta_max = 4.83865222e-03: time = 6.82742100e-02
# iteration   573: delta_max = 4.82506675e-03: time = 6.80574750e-02
# iteration   574: delta_max = 4.77962367e-03: time = 1.17096117e-01
# iteration   575: delta_max = 4.75265705e-03: time = 3.47121213e-01
# iteration   576: delta_max = 4.75153541e-03: time = 3.47388798e-01
# iteration   577: delta_max = 4.70064977e-03: time = 4.49643150e-01
# iteration   578: delta_max = 4.70064461e-03: time = 4.49818686e-01
# iteration   579: delta_max = 4.68046414e-03: time = 1.14432962e-01
# iteration   580: delta_max = 4.67128566e-03: time = 5.30758446e-01
# iteration   581: delta_max = 4.67127518e-03: time = 5.33002977e-01
# iteration   582: delta_max = 4.67118174e-03: time = 5.28781294e-01
# iteration   583: delta_max = 4.67118168e-03: time = 5.29095602e-01
# iteration   584: delta_max = 4.66529821e-03: time = 1.14256145e-01
# iteration   585: delta_max = 4.60290820e-03: time = 4.68947091e-01
# iteration   586: delta_max = 4.60259118e-03: time = 4.67198868e-01
# iteration   587: delta_max = 4.51156932e-03: time = 7.07310820e-02
# iteration   588: delta_max = 4.51142500e-03: time = 6.87711770e-02
# iteration   589: delta_max = 4.48639061e-03: time = 1.17733148e-01
# iteration   590: delta_max = 4.48635449e-03: time = 1.14795767e-01
# iteration   591: delta_max = 4.47158458e-03: time = 4.49453436e-01
# iteration   592: delta_max = 4.46397384e-03: time = 4.52069646e-01
# iteration   593: delta_max = 4.43997058e-03: time = 4.70125139e-01
# iteration   594: delta_max = 4.43957147e-03: time = 4.67186868e-01
# iteration   595: delta_max = 4.41857166e-03: time = 3.41032293e-01
# iteration   596: delta_max = 4.41692442e-03: time = 3.37974684e-01
# iteration   597: delta_max = 4.35753161e-03: time = 1.18448381e-01
# iteration   598: delta_max = 4.35184350e-03: time = 3.35223710e-01
# iteration   599: delta_max = 4.34745351e-03: time = 3.34431072e-01
# iteration   600: delta_max = 4.32378367e-03: time = 1.45385671e-01
# iteration   601: delta_max = 4.30495794e-03: time = 5.10892551e-01
# iteration   602: delta_max = 4.30417451e-03: time = 5.07055794e-01
# iteration   603: delta_max = 4.28296858e-03: time = 6.82066150e-02
# iteration   604: delta_max = 4.25911534e-03: time = 3.41576614e-01
# iteration   605: delta_max = 4.25845988e-03: time = 3.38680590e-01
# iteration   606: delta_max = 4.25727427e-03: time = 1.05264056e-01
# iteration   607: delta_max = 4.24894628e-03: time = 1.05464479e-01
# iteration   608: delta_max = 4.24873998e-03: time = 1.01271488e-01
# iteration   609: delta_max = 4.23004980e-03: time = 5.09121721e-01
# iteration   610: delta_max = 4.23003588e-03: time = 5.07326231e-01
# iteration   611: delta_max = 4.19609231e-03: time = 6.85459890e-02
# iteration   612: delta_max = 4.02907907e-03: time = 4.93921607e-01
# iteration   613: delta_max = 4.02449917e-03: time = 4.91153330e-01
# iteration   614: delta_max = 4.00965828e-03: time = 1.17574511e-01
# iteration   615: delta_max = 3.99729411e-03: time = 1.18952039e-01
# iteration   616: delta_max = 3.98359480e-03: time = 1.15142959e-01
# iteration   617: delta_max = 3.98202451e-03: time = 1.15096366e-01
# iteration   618: delta_max = 3.93173608e-03: time = 9.93406730e-02
# iteration   619: delta_max = 3.92367787e-03: time = 3.71246197e-01
# iteration   620: delta_max = 3.92367783e-03: time = 3.75043865e-01
# iteration   621: delta_max = 3.91894572e-03: time = 4.52952585e-01
# iteration   622: delta_max = 3.91885440e-03: time = 4.54233839e-01
# iteration   623: delta_max = 3.90195151e-03: time = 1.00497573e-01
# iteration   624: delta_max = 3.83601477e-03: time = 3.72178347e-01
# iteration   625: delta_max = 3.83570606e-03: time = 3.73855092e-01
# iteration   626: delta_max = 3.74877053e-03: time = 4.67088346e-01
# iteration   627: delta_max = 3.70670364e-03: time = 9.64721100e-02
# iteration   628: delta_max = 3.70649705e-03: time = 9.94977650e-02
# iteration   629: delta_max = 3.68318108e-03: time = 4.68112525e-01
# iteration   630: delta_max = 3.68247720e-03: time = 1.18805260e-01
# iteration   631: delta_max = 3.65594659e-03: time = 1.19124277e-01
# iteration   632: delta_max = 3.64444159e-03: time = 9.97976650e-02
# iteration   633: delta_max = 3.63997686e-03: time = 9.62396930e-02
# iteration   634: delta_max = 3.62336510e-03: time = 4.93053676e-01
# iteration   635: delta_max = 3.62335000e-03: time = 4.92765990e-01
# iteration   636: delta_max = 3.60641921e-03: time = 4.95380715e-01
# iteration   637: delta_max = 3.60630356e-03: time = 4.91668475e-01
# iteration   638: delta_max = 3.57597710e-03: time = 4.67555071e-01
# iteration   639: delta_max = 3.57143940e-03: time = 4.68044983e-01
# iteration   640: delta_max = 3.55097861e-03: time = 5.11914377e-01
# iteration   641: delta_max = 3.55097836e-03: time = 5.11335962e-01
# iteration   642: delta_max = 3.54394563e-03: time = 4.91504625e-01
# iteration   643: delta_max = 3.54354500e-03: time = 4.93931616e-01
# iteration   644: delta_max = 3.53851601e-03: time = 1.00543091e-01
# iteration   645: delta_max = 3.52138769e-03: time = 5.11158947e-01
# iteration   646: delta_max = 3.52137675e-03: time = 5.08519004e-01
# iteration   647: delta_max = 3.50959511e-03: time = 9.70654870e-02
# iteration   648: delta_max = 3.43695842e-03: time = 7.66102030e-02
# iteration   649: delta_max = 3.40609127e-03: time = 7.83437920e-02
# iteration   650: delta_max = 3.37957949e-03: time = 1.19919325e-01
# iteration   651: delta_max = 3.37816192e-03: time = 1.21211519e-01
# iteration   652: delta_max = 3.35584082e-03: time = 4.95360207e-01
# iteration   653: delta_max = 3.35559789e-03: time = 4.95467773e-01
# iteration   654: delta_max = 3.31932504e-03: time = 3.38477484e-01
# iteration   655: delta_max = 3.31929996e-03: time = 3.39439704e-01
# iteration   656: delta_max = 3.30617825e-03: time = 4.52216764e-01
# iteration   657: delta_max = 3.30265351e-03: time = 4.51615743e-01
# iteration   658: delta_max = 3.23911994e-03: time = 4.69281067e-01
# iteration   659: delta_max = 3.23907557e-03: time = 1.00875449e-01
# iteration   660: delta_max = 3.23823161e-03: time = 1.00779298e-01
# iteration   661: delta_max = 3.22534862e-03: time = 4.69629938e-01
# iteration   662: delta_max = 3.20622028e-03: time = 4.71915085e-01
# iteration   663: delta_max = 3.19857197e-03: time = 4.69059431e-01
# iteration   664: delta_max = 3.16719327e-03: time = 4.92771423e-01
# iteration   665: delta_max = 3.16688512e-03: time = 4.93565113e-01
# iteration   666: delta_max = 3.13227626e-03: time = 1.01054535e-01
# iteration   667: delta_max = 3.13187389e-03: time = 1.00894482e-01
# iteration   668: delta_max = 3.11781569e-03: time = 4.92208620e-01
# iteration   669: delta_max = 3.11776566e-03: time = 4.95279582e-01
# iteration   670: delta_max = 3.07867389e-03: time = 1.01054054e-01
# iteration   671: delta_max = 3.07725611e-03: time = 1.00915019e-01
# iteration   672: delta_max = 3.06717902e-03: time = 4.53376047e-01
# iteration   673: delta_max = 3.06678732e-03: time = 4.55468525e-01
# iteration   674: delta_max = 2.98813498e-03: time = 1.79862009e-01
# iteration   675: delta_max = 2.98812937e-03: time = 1.79657330e-01
# iteration   676: delta_max = 2.98413342e-03: time = 4.91744934e-01
# iteration   677: delta_max = 2.98306199e-03: time = 4.92868521e-01
# iteration   678: delta_max = 2.96434747e-03: time = 5.12840614e-01
# iteration   679: delta_max = 2.96434445e-03: time = 5.09914770e-01
# iteration   680: delta_max = 2.94610435e-03: time = 3.39789742e-01
# iteration   681: delta_max = 2.94599437e-03: time = 3.38107428e-01
# iteration   682: delta_max = 2.93530366e-03: time = 5.15028840e-01
# iteration   683: delta_max = 2.93530363e-03: time = 5.21058921e-01
# iteration   684: delta_max = 2.92497456e-03: time = 3.41269906e-01
# iteration   685: delta_max = 2.92496354e-03: time = 3.43482742e-01
# iteration   686: delta_max = 2.87686616e-03: time = 4.52731771e-01
# iteration   687: delta_max = 2.87648564e-03: time = 4.52201597e-01
# iteration   688: delta_max = 2.87299179e-03: time = 4.92796961e-01
# iteration   689: delta_max = 2.87252317e-03: time = 4.93636636e-01
# iteration   690: delta_max = 2.84704535e-03: time = 5.36507683e-01
# iteration   691: delta_max = 2.84704446e-03: time = 5.35713605e-01
# iteration   692: delta_max = 2.82693676e-03: time = 1.16542325e-01
# iteration   693: delta_max = 2.82275741e-03: time = 1.16505026e-01
# iteration   694: delta_max = 2.74633998e-03: time = 4.92721295e-01
# iteration   695: delta_max = 2.74618540e-03: time = 4.94618791e-01
# iteration   696: delta_max = 2.70629348e-03: time = 4.53338294e-01
# iteration   697: delta_max = 2.70617395e-03: time = 4.56379381e-01
# iteration   698: delta_max = 2.68096568e-03: time = 4.69331898e-01
# iteration   699: delta_max = 2.68073160e-03: time = 4.69479866e-01
# iteration   700: delta_max = 2.67398618e-03: time = 4.70014880e-01
# iteration   701: delta_max = 2.66092539e-03: time = 1.20988108e-01
# iteration   702: delta_max = 2.66082826e-03: time = 1.21273550e-01
# iteration   703: delta_max = 2.65906617e-03: time = 4.69538242e-01
# iteration   704: delta_max = 2.65431228e-03: time = 4.71950971e-01
# iteration   705: delta_max = 2.65342289e-03: time = 4.70929463e-01
# iteration   706: delta_max = 2.59045577e-03: time = 4.73232286e-01
# iteration   707: delta_max = 2.58989870e-03: time = 7.68934390e-02
# iteration   708: delta_max = 2.58981234e-03: time = 7.82122180e-02
# iteration   709: delta_max = 2.58811684e-03: time = 4.69165220e-01
# iteration   710: delta_max = 2.57906397e-03: time = 2.57808552e-01
# iteration   711: delta_max = 2.56266470e-03: time = 3.51378281e-01
# iteration   712: delta_max = 2.56162778e-03: time = 3.51240988e-01
# iteration   713: delta_max = 2.55413991e-03: time = 2.58365289e-01
# iteration   714: delta_max = 2.53816068e-03: time = 3.51957953e-01
# iteration   715: delta_max = 2.53806689e-03: time = 3.50922077e-01
# iteration   716: delta_max = 2.53578961e-03: time = 8.33194310e-02
# iteration   717: delta_max = 2.53049847e-03: time = 8.25425290e-02
# iteration   718: delta_max = 2.49631237e-03: time = 5.13988749e-01
# iteration   719: delta_max = 2.49630466e-03: time = 5.14240761e-01
# iteration   720: delta_max = 2.49280466e-03: time = 4.70730223e-01
# iteration   721: delta_max = 2.49107824e-03: time = 4.97241477e-01
# iteration   722: delta_max = 2.49098197e-03: time = 4.94100778e-01
# iteration   723: delta_max = 2.48300743e-03: time = 4.70303088e-01
# iteration   724: delta_max = 2.47307389e-03: time = 4.93237548e-01
# iteration   725: delta_max = 2.47306720e-03: time = 4.93131993e-01
# iteration   726: delta_max = 2.46394187e-03: time = 1.21701318e-01
# iteration   727: delta_max = 2.46362336e-03: time = 7.69571980e-02
# iteration   728: delta_max = 2.46286527e-03: time = 1.18005363e-01
# iteration   729: delta_max = 2.42741592e-03: time = 3.51074019e-01
# iteration   730: delta_max = 2.42317048e-03: time = 3.41685191e-01
# iteration   731: delta_max = 2.42296166e-03: time = 3.41818399e-01
# iteration   732: delta_max = 2.42201956e-03: time = 3.51948468e-01
# iteration   733: delta_max = 2.42101624e-03: time = 7.72833580e-02
# iteration   734: delta_max = 2.36946432e-03: time = 4.98335624e-01
# iteration   735: delta_max = 2.36940974e-03: time = 4.98062761e-01
# iteration   736: delta_max = 2.33763034e-03: time = 4.55585357e-01
# iteration   737: delta_max = 2.33706235e-03: time = 4.53974379e-01
# iteration   738: delta_max = 2.29703160e-03: time = 1.49289394e-01
# iteration   739: delta_max = 2.29170568e-03: time = 1.21050478e-01
# iteration   740: delta_max = 2.29157250e-03: time = 1.17750504e-01
# iteration   741: delta_max = 2.28801459e-03: time = 1.47279654e-01
# iteration   742: delta_max = 2.28323033e-03: time = 4.69917952e-01
# iteration   743: delta_max = 2.28227972e-03: time = 4.73685636e-01
# iteration   744: delta_max = 2.25934109e-03: time = 4.95123487e-01
# iteration   745: delta_max = 2.25934032e-03: time = 4.98934337e-01
# iteration   746: delta_max = 2.22887908e-03: time = 4.70415186e-01
# iteration   747: delta_max = 2.22826668e-03: time = 4.71347073e-01
# iteration   748: delta_max = 2.21585653e-03: time = 4.93912405e-01
# iteration   749: delta_max = 2.21583736e-03: time = 4.95527802e-01
# iteration   750: delta_max = 2.20822402e-03: time = 5.15318130e-01
# iteration   751: delta_max = 2.20821414e-03: time = 5.14215800e-01
# iteration   752: delta_max = 2.20117243e-03: time = 5.11450896e-01
# iteration   753: delta_max = 2.20116258e-03: time = 5.10963490e-01
# iteration   754: delta_max = 2.17018833e-03: time = 5.17416396e-01
# iteration   755: delta_max = 2.17018825e-03: time = 5.17765637e-01
# iteration   756: delta_max = 2.16142242e-03: time = 5.17027756e-01
# iteration   757: delta_max = 2.16142229e-03: time = 5.17436625e-01
# iteration   758: delta_max = 2.15522250e-03: time = 9.97577950e-02
# iteration   759: delta_max = 2.15471108e-03: time = 9.98475240e-02
# iteration   760: delta_max = 2.15232418e-03: time = 4.95358939e-01
# iteration   761: delta_max = 2.15201174e-03: time = 4.97663545e-01
# iteration   762: delta_max = 2.10632154e-03: time = 3.42929835e-01
# iteration   763: delta_max = 2.10628253e-03: time = 3.45006201e-01
# iteration   764: delta_max = 2.10195738e-03: time = 4.94561414e-01
# iteration   765: delta_max = 2.10195735e-03: time = 4.94374377e-01
# iteration   766: delta_max = 2.09816454e-03: time = 1.16728506e-01
# iteration   767: delta_max = 2.04758601e-03: time = 1.16243102e-01
# iteration   768: delta_max = 2.02255997e-03: time = 1.00110365e-01
# iteration   769: delta_max = 2.02223556e-03: time = 1.03970966e-01
# iteration   770: delta_max = 2.00018262e-03: time = 1.00059581e-01
# iteration   771: delta_max = 1.99263790e-03: time = 9.99979830e-02
# iteration   772: delta_max = 1.96499118e-03: time = 2.62950598e-01
# iteration   773: delta_max = 1.95891610e-03: time = 2.60730738e-01
# iteration   774: delta_max = 1.93448319e-03: time = 1.16917460e-01
# iteration   775: delta_max = 1.93026435e-03: time = 2.58979615e-01
# iteration   776: delta_max = 1.92669160e-03: time = 1.12752637e-01
# iteration   777: delta_max = 1.92474272e-03: time = 2.60154957e-01
# iteration   778: delta_max = 1.92114035e-03: time = 4.71202848e-01
# iteration   779: delta_max = 1.92110357e-03: time = 4.71593579e-01
# iteration   780: delta_max = 1.87417158e-03: time = 5.14639020e-01
# iteration   781: delta_max = 1.87417096e-03: time = 5.15498865e-01
# iteration   782: delta_max = 1.80463299e-03: time = 5.18529210e-01
# iteration   783: delta_max = 1.80463175e-03: time = 5.17781378e-01
# iteration   784: delta_max = 1.77607020e-03: time = 7.29165420e-02
# iteration   785: delta_max = 1.77590441e-03: time = 7.58459250e-02
# iteration   786: delta_max = 1.76976219e-03: time = 4.71501221e-01
# iteration   787: delta_max = 1.76973458e-03: time = 4.71683400e-01
# iteration   788: delta_max = 1.76280833e-03: time = 4.55559822e-01
# iteration   789: delta_max = 1.76246903e-03: time = 4.55682905e-01
# iteration   790: delta_max = 1.74787712e-03: time = 1.07863023e-01
# iteration   791: delta_max = 1.73826790e-03: time = 1.10297420e-01
# iteration   792: delta_max = 1.73243634e-03: time = 4.71204632e-01
# iteration   793: delta_max = 1.72931626e-03: time = 4.73184779e-01
# iteration   794: delta_max = 1.69728546e-03: time = 5.15742626e-01
# iteration   795: delta_max = 1.69727835e-03: time = 5.13742499e-01
# iteration   796: delta_max = 1.68101572e-03: time = 5.16474722e-01
# iteration   797: delta_max = 1.68100842e-03: time = 5.12468666e-01
# iteration   798: delta_max = 1.62931015e-03: time = 1.06640300e-01
# iteration   799: delta_max = 1.61204319e-03: time = 3.44617278e-01
# iteration   800: delta_max = 1.58488586e-03: time = 3.46696536e-01
# iteration   801: delta_max = 1.57990273e-03: time = 3.43799580e-01
# iteration   802: delta_max = 1.57595788e-03: time = 2.60909313e-01
# iteration   803: delta_max = 1.57176748e-03: time = 3.39911616e-01
# iteration   804: delta_max = 1.56712428e-03: time = 4.95341625e-01
# iteration   805: delta_max = 1.56700505e-03: time = 3.41251976e-01
# iteration   806: delta_max = 1.56440412e-03: time = 4.95871989e-01
# iteration   807: delta_max = 1.46839811e-03: time = 4.95616373e-01
# iteration   808: delta_max = 1.46448170e-03: time = 4.96470211e-01
# iteration   809: delta_max = 1.44726479e-03: time = 3.40472711e-01
# iteration   810: delta_max = 1.44630707e-03: time = 3.40878615e-01
# iteration   811: delta_max = 1.43341314e-03: time = 3.44034199e-01
# iteration   812: delta_max = 1.43337909e-03: time = 3.43401009e-01
# iteration   813: delta_max = 1.43048033e-03: time = 3.43588620e-01
# iteration   814: delta_max = 1.42253153e-03: time = 1.11834919e-01
# iteration   815: delta_max = 1.42253021e-03: time = 1.10976280e-01
# iteration   816: delta_max = 1.38787755e-03: time = 1.06985852e-01
# iteration   817: delta_max = 1.33948541e-03: time = 3.44135631e-01
# iteration   818: delta_max = 1.33179757e-03: time = 7.27640890e-02
# iteration   819: delta_max = 1.33171799e-03: time = 7.25639710e-02
# iteration   820: delta_max = 1.31693924e-03: time = 3.46764157e-01
# iteration   821: delta_max = 1.30102214e-03: time = 7.41111160e-02
# iteration   822: delta_max = 1.29982238e-03: time = 7.28935090e-02
# iteration   823: delta_max = 1.28859161e-03: time = 1.80575119e-01
# iteration   824: delta_max = 1.28764862e-03: time = 1.81564454e-01
# iteration   825: delta_max = 1.28620942e-03: time = 1.07747075e-01
# iteration   826: delta_max = 1.28394158e-03: time = 1.07575352e-01
# iteration   827: delta_max = 1.28114981e-03: time = 2.60888864e-01
# iteration   828: delta_max = 1.26368663e-03: time = 2.62664416e-01
# iteration   829: delta_max = 1.25217779e-03: time = 1.83830356e-01
# iteration   830: delta_max = 1.25184312e-03: time = 1.81304809e-01
# iteration   831: delta_max = 1.24827021e-03: time = 4.77217876e-01
# iteration   832: delta_max = 1.24527446e-03: time = 4.73347110e-01
# iteration   833: delta_max = 1.24487764e-03: time = 2.61645988e-01
# iteration   834: delta_max = 1.22378682e-03: time = 3.58586020e-01
# iteration   835: delta_max = 1.22378678e-03: time = 3.58428974e-01
# iteration   836: delta_max = 1.20809086e-03: time = 3.41771481e-01
# iteration   837: delta_max = 1.18142140e-03: time = 3.54809502e-01
# iteration   838: delta_max = 1.18070218e-03: time = 3.55521455e-01
# iteration   839: delta_max = 1.16217013e-03: time = 4.73734035e-01
# iteration   840: delta_max = 1.16118857e-03: time = 4.73801003e-01
# iteration   841: delta_max = 1.13713565e-03: time = 3.44702784e-01
# iteration   842: delta_max = 1.10999684e-03: time = 4.73279285e-01
# iteration   843: delta_max = 1.10743378e-03: time = 4.74042108e-01
# iteration   844: delta_max = 1.10272194e-03: time = 3.44803144e-01
# iteration   845: delta_max = 1.10134279e-03: time = 3.45007865e-01
# iteration   846: delta_max = 1.06816161e-03: time = 4.97392423e-01
# iteration   847: delta_max = 1.06809061e-03: time = 4.97838135e-01
# iteration   848: delta_max = 9.51040189e-04: time = 4.73563716e-01
# iteration   849: delta_max = 9.50453439e-04: time = 4.73742341e-01
# iteration   850: delta_max = 9.08132443e-04: time = 6.64073370e-02
# iteration   851: delta_max = 9.08101341e-04: time = 6.59759991e-02
# iteration   852: delta_max = 8.87640143e-04: time = 3.44893259e-01
# iteration   853: delta_max = 8.85008668e-04: time = 3.41524501e-01
# iteration   854: delta_max = 8.59698588e-04: time = 3.59283892e-01
# iteration   855: delta_max = 8.59696906e-04: time = 3.58969600e-01
# iteration   856: delta_max = 8.58531939e-04: time = 1.93346753e-01
# iteration   857: delta_max = 8.57558897e-04: time = 1.96633162e-01
# iteration   858: delta_max = 7.84739341e-04: time = 2.61654515e-01
# iteration   859: delta_max = 7.77588064e-04: time = 3.50189335e-01
# iteration   860: delta_max = 7.77232712e-04: time = 3.45116913e-01
# iteration   861: delta_max = 7.67040169e-04: time = 1.12739551e-01
# iteration   862: delta_max = 7.66929210e-04: time = 1.12205199e-01
# iteration   863: delta_max = 7.44495433e-04: time = 4.74704851e-01
# iteration   864: delta_max = 7.44339939e-04: time = 4.75585950e-01
# iteration   865: delta_max = 6.61082024e-04: time = 2.62928712e-01
# iteration   866: delta_max = 6.58238129e-04: time = 4.77933892e-01
# iteration   867: delta_max = 6.57052619e-04: time = 4.73979514e-01
# iteration   868: delta_max = 6.53905747e-04: time = 1.13147971e-01
# iteration   869: delta_max = 6.50311430e-04: time = 1.12674037e-01
# iteration   870: delta_max = 6.23382521e-04: time = 8.70969110e-02
# iteration   871: delta_max = 6.23258309e-04: time = 8.79818050e-02
# iteration   872: delta_max = 6.07743816e-04: time = 3.57978148e-01
# iteration   873: delta_max = 6.07726021e-04: time = 3.56346804e-01
# iteration   874: delta_max = 5.91449256e-04: time = 9.15200870e-02
# iteration   875: delta_max = 5.83157810e-04: time = 8.91269690e-02
# iteration   876: delta_max = 5.64820776e-04: time = 1.18845108e-01
# iteration   877: delta_max = 5.42062902e-04: time = 1.18900275e-01
# iteration   878: delta_max = 4.88466342e-04: time = 3.58925831e-01
# iteration   879: delta_max = 4.87458100e-04: time = 3.60645022e-01
# iteration   880: delta_max = 4.81775686e-04: time = 3.56392478e-01
# iteration   881: delta_max = 4.81774361e-04: time = 3.58982109e-01
# iteration   882: delta_max = 4.81275257e-04: time = 1.19915837e-01
# iteration   883: delta_max = 4.74428046e-04: time = 1.19374837e-01
# iteration   884: delta_max = 4.40285174e-04: time = 4.57738843e-01
# iteration   885: delta_max = 4.39916076e-04: time = 4.60186578e-01
# iteration   886: delta_max = 4.16777738e-04: time = 3.60084829e-01
# iteration   887: delta_max = 4.16777100e-04: time = 3.63669746e-01
# iteration   888: delta_max = 3.89134478e-04: time = 1.20053187e-01
# iteration   889: delta_max = 3.78652644e-04: time = 4.57698125e-01
# iteration   890: delta_max = 3.78618265e-04: time = 4.58216838e-01
# iteration   891: delta_max = 3.71650065e-04: time = 4.58101801e-01
# iteration   892: delta_max = 3.71369566e-04: time = 4.58244081e-01
# iteration   893: delta_max = 3.48622624e-04: time = 8.87289180e-02
# iteration   894: delta_max = 3.48475225e-04: time = 8.86548330e-02
# iteration   895: delta_max = 3.35524326e-04: time = 8.82761460e-02
# iteration   896: delta_max = 3.34310680e-04: time = 8.86709430e-02
# iteration   897: delta_max = 3.24389926e-04: time = 8.82228400e-02
# iteration   898: delta_max = 3.23488548e-04: time = 8.83499510e-02
# iteration   899: delta_max = 3.20606409e-04: time = 8.84212490e-02
# iteration   900: delta_max = 3.20586792e-04: time = 8.83128830e-02
# iteration   901: delta_max = 3.12009738e-04: time = 4.58099507e-01
# iteration   902: delta_max = 3.11909936e-04: time = 4.58347668e-01
# iteration   903: delta_max = 3.09750405e-04: time = 4.74867160e-01
# iteration   904: delta_max = 3.09432917e-04: time = 4.74925362e-01
# iteration   905: delta_max = 3.02481089e-04: time = 1.16874045e-01
# iteration   906: delta_max = 2.60600102e-04: time = 3.60173604e-01
# iteration   907: delta_max = 2.56299267e-04: time = 2.63572249e-01
# iteration   908: delta_max = 2.53830264e-04: time = 2.63565152e-01
# iteration   909: delta_max = 2.53241867e-04: time = 3.60581193e-01
# iteration   910: delta_max = 2.51378163e-04: time = 4.58381359e-01
# iteration   911: delta_max = 2.51099565e-04: time = 4.59308166e-01
# iteration   912: delta_max = 2.49098754e-04: time = 2.63616264e-01
# iteration   913: delta_max = 2.43083676e-04: time = 2.63040497e-01
# iteration   914: delta_max = 2.36993644e-04: time = 3.72018152e-01
# iteration   915: delta_max = 2.36993583e-04: time = 3.69244643e-01
# iteration   916: delta_max = 2.26697405e-04: time = 4.75233528e-01
# iteration   917: delta_max = 2.26697392e-04: time = 4.75841369e-01
# iteration   918: delta_max = 2.19774341e-04: time = 3.69344793e-01
# iteration   919: delta_max = 2.19577579e-04: time = 3.69684494e-01
# iteration   920: delta_max = 2.10448422e-04: time = 4.79585966e-01
# iteration   921: delta_max = 2.10448388e-04: time = 4.79314955e-01
# iteration   922: delta_max = 2.06126533e-04: time = 3.45520512e-01
# iteration   923: delta_max = 2.06126455e-04: time = 3.44744118e-01
# iteration   924: delta_max = 1.95153544e-04: time = 1.97488494e-01
# iteration   925: delta_max = 1.95153341e-04: time = 1.96999571e-01
# iteration   926: delta_max = 1.90400611e-04: time = 4.74721570e-01
# iteration   927: delta_max = 1.90377661e-04: time = 4.77865862e-01
# iteration   928: delta_max = 1.90079049e-04: time = 1.13535175e-01
# iteration   929: delta_max = 1.89731549e-04: time = 1.96773391e-01
# iteration   930: delta_max = 1.89723027e-04: time = 1.98411546e-01
# iteration   931: delta_max = 1.89570392e-04: time = 1.10194924e-01
# iteration   932: delta_max = 1.75756115e-04: time = 4.75000075e-01
# iteration   933: delta_max = 1.75755518e-04: time = 4.76417570e-01
# iteration   934: delta_max = 1.65088642e-04: time = 1.13786578e-01
# iteration   935: delta_max = 1.62939387e-04: time = 1.98522816e-01
# iteration   936: delta_max = 1.62922179e-04: time = 2.00653931e-01
# iteration   937: delta_max = 1.58945426e-04: time = 1.10720564e-01
# iteration   938: delta_max = 1.57066045e-04: time = 1.10345744e-01
# iteration   939: delta_max = 1.57054241e-04: time = 1.10368668e-01
# iteration   940: delta_max = 1.46787248e-04: time = 4.75240777e-01
# iteration   941: delta_max = 1.46709001e-04: time = 4.77575891e-01
# iteration   942: delta_max = 1.42054806e-04: time = 4.60132235e-01
# iteration   943: delta_max = 1.39788066e-04: time = 4.62587776e-01
# iteration   944: delta_max = 1.34823579e-04: time = 4.76357357e-01
# iteration   945: delta_max = 1.34820661e-04: time = 4.76619663e-01
# iteration   946: delta_max = 1.25995025e-04: time = 1.57204028e-01
# iteration   947: delta_max = 1.21882576e-04: time = 3.80728209e-01
# iteration   948: delta_max = 1.21838213e-04: time = 3.82797322e-01
# iteration   949: delta_max = 1.17953646e-04: time = 4.75564632e-01
# iteration   950: delta_max = 1.17891722e-04: time = 4.75868072e-01
# iteration   951: delta_max = 1.09361531e-04: time = 3.57816179e-01
# iteration   952: delta_max = 1.08801914e-04: time = 3.58012935e-01
# iteration   953: delta_max = 1.06302413e-04: time = 1.09943756e-01
# iteration   954: delta_max = 1.04176069e-04: time = 1.09684526e-01
# iteration   955: delta_max = 1.03533921e-04: time = 3.61346204e-01
# iteration   956: delta_max = 1.02327734e-04: time = 1.97750543e-01
# iteration   957: delta_max = 1.00442257e-04: time = 3.81236884e-01
# iteration   958: delta_max = 1.00433660e-04: time = 3.92515472e-01
# iteration   959: delta_max = 9.96139502e-05: time = 2.01084284e-01
# iteration   960: delta_max = 9.43154782e-05: time = 5.38684441e-01
# iteration   961: delta_max = 9.38025126e-05: time = 5.38836270e-01
# iteration   962: delta_max = 8.63383353e-05: time = 1.98106469e-01
# iteration   963: delta_max = 8.63374155e-05: time = 1.97587402e-01
# iteration   964: delta_max = 7.45986899e-05: time = 3.62589111e-01
# iteration   965: delta_max = 7.24773479e-05: time = 1.15482781e-01
# iteration   966: delta_max = 7.24358412e-05: time = 1.15018345e-01
# iteration   967: delta_max = 7.05850094e-05: time = 2.64804487e-01
# iteration   968: delta_max = 6.74264082e-05: time = 4.62543391e-01
# iteration   969: delta_max = 6.72112829e-05: time = 4.60370173e-01
# iteration   970: delta_max = 6.09816495e-05: time = 1.22500833e-01
# iteration   971: delta_max = 5.94068904e-05: time = 1.21665129e-01
# iteration   972: delta_max = 5.74389206e-05: time = 5.39116345e-01
# iteration   973: delta_max = 5.74157300e-05: time = 5.39353800e-01
# iteration   974: delta_max = 5.58765528e-05: time = 5.39187094e-01
# iteration   975: delta_max = 5.58765041e-05: time = 5.58792458e-01
# iteration   976: delta_max = 5.55286949e-05: time = 8.52554800e-02
# iteration   977: delta_max = 5.52320188e-05: time = 8.86854810e-02
# iteration   978: delta_max = 5.51524934e-05: time = 3.72325196e-01
# iteration   979: delta_max = 5.48276585e-05: time = 8.67515330e-02
# iteration   980: delta_max = 5.47290269e-05: time = 4.00637437e-01
# iteration   981: delta_max = 5.46216313e-05: time = 9.06626780e-02
# iteration   982: delta_max = 5.35888213e-05: time = 5.13141880e-01
# iteration   983: delta_max = 5.25037913e-05: time = 3.63412704e-01
# iteration   984: delta_max = 5.06640132e-05: time = 4.77635524e-01
# iteration   985: delta_max = 5.05549598e-05: time = 4.78139940e-01
# iteration   986: delta_max = 4.91452072e-05: time = 1.22724968e-01
# iteration   987: delta_max = 4.90848581e-05: time = 1.22544618e-01
# iteration   988: delta_max = 4.88862057e-05: time = 6.98454700e-02
# iteration   989: delta_max = 4.88860894e-05: time = 6.96975020e-02
# iteration   990: delta_max = 4.85247398e-05: time = 2.66714281e-01
# iteration   991: delta_max = 4.80957078e-05: time = 2.69626135e-01
# iteration   992: delta_max = 4.58909339e-05: time = 2.67294742e-01
# iteration   993: delta_max = 4.57440179e-05: time = 2.67168312e-01
# iteration   994: delta_max = 4.43978335e-05: time = 2.67009292e-01
# iteration   995: delta_max = 4.42618919e-05: time = 2.68019332e-01
# iteration   996: delta_max = 4.36467763e-05: time = 1.18593963e-01
# iteration   997: delta_max = 4.30006541e-05: time = 2.66896732e-01
# iteration   998: delta_max = 4.28217980e-05: time = 2.67297477e-01
# iteration   999: delta_max = 4.17317151e-05: time = 1.18568278e-01
# iteration  1000: delta_max = 4.13730260e-05: time = 2.64598039e-01
# iteration  1001: delta_max = 4.11972132e-05: time = 2.64947104e-01
# iteration  1002: delta_max = 3.94339294e-05: time = 3.50392359e-01
# iteration  1003: delta_max = 3.84930752e-05: time = 2.69958095e-01
# iteration  1004: delta_max = 3.84490375e-05: time = 2.68677742e-01
# iteration  1005: delta_max = 3.84321244e-05: time = 3.63691737e-01
# iteration  1006: delta_max = 3.83489175e-05: time = 3.66147077e-01
# iteration  1007: delta_max = 3.73685371e-05: time = 3.48989678e-01
# iteration  1008: delta_max = 3.55640740e-05: time = 2.65923611e-01
# iteration  1009: delta_max = 3.47310917e-05: time = 5.44321022e-01
# iteration  1010: delta_max = 3.42704253e-05: time = 5.44032101e-01
# iteration  1011: delta_max = 3.33588942e-05: time = 3.62892473e-01
# iteration  1012: delta_max = 3.33364409e-05: time = 3.65312314e-01
# iteration  1013: delta_max = 3.24585004e-05: time = 1.10176607e-01
# iteration  1014: delta_max = 3.24347028e-05: time = 1.07699471e-01
# iteration  1015: delta_max = 3.10770715e-05: time = 1.38162186e-01
# iteration  1016: delta_max = 3.10763479e-05: time = 1.33930829e-01
# iteration  1017: delta_max = 3.04629305e-05: time = 4.60849711e-01
# iteration  1018: delta_max = 3.03689553e-05: time = 2.65557740e-01
# iteration  1019: delta_max = 3.02945314e-05: time = 2.67141299e-01
# iteration  1020: delta_max = 3.01399272e-05: time = 4.65791102e-01
# iteration  1021: delta_max = 2.94566881e-05: time = 2.72147234e-01
# iteration  1022: delta_max = 2.92701156e-05: time = 2.74814370e-01
# iteration  1023: delta_max = 2.92622270e-05: time = 4.79796147e-01
# iteration  1024: delta_max = 2.90625692e-05: time = 1.25438016e-01
# iteration  1025: delta_max = 2.88608316e-05: time = 8.90534870e-02
# iteration  1026: delta_max = 2.84805132e-05: time = 4.61380288e-01
# iteration  1027: delta_max = 2.82937449e-05: time = 1.19515766e-01
# iteration  1028: delta_max = 2.72694786e-05: time = 2.68876171e-01
# iteration  1029: delta_max = 2.72456300e-05: time = 2.65839091e-01
# iteration  1030: delta_max = 2.71294563e-05: time = 8.60106120e-02
# iteration  1031: delta_max = 2.70583407e-05: time = 2.65703141e-01
# iteration  1032: delta_max = 2.70499756e-05: time = 2.68065512e-01
# iteration  1033: delta_max = 2.46276398e-05: time = 2.66091901e-01
# iteration  1034: delta_max = 2.46233618e-05: time = 2.65727679e-01
# iteration  1035: delta_max = 2.44841217e-05: time = 2.65516603e-01
# iteration  1036: delta_max = 2.44840741e-05: time = 2.66200266e-01
# iteration  1037: delta_max = 2.41201866e-05: time = 2.65882657e-01
# iteration  1038: delta_max = 2.41153712e-05: time = 2.66060671e-01
# iteration  1039: delta_max = 2.40050506e-05: time = 4.63197963e-01
# iteration  1040: delta_max = 2.39570214e-05: time = 3.52771703e-01
# iteration  1041: delta_max = 2.39141786e-05: time = 2.70442768e-01
# iteration  1042: delta_max = 2.38955028e-05: time = 2.69993645e-01
# iteration  1043: delta_max = 2.38379802e-05: time = 5.40866670e-01
# iteration  1044: delta_max = 2.38267348e-05: time = 3.47734461e-01
# iteration  1045: delta_max = 2.38229957e-05: time = 5.45903396e-01
# iteration  1046: delta_max = 2.37229584e-05: time = 1.59270325e-01
# iteration  1047: delta_max = 2.35730958e-05: time = 4.61729867e-01
# iteration  1048: delta_max = 2.32228087e-05: time = 1.35073810e-01
# iteration  1049: delta_max = 2.31484099e-05: time = 1.34808415e-01
# iteration  1050: delta_max = 2.27189913e-05: time = 1.34899114e-01
# iteration  1051: delta_max = 2.27149935e-05: time = 1.34984580e-01
# iteration  1052: delta_max = 2.27094667e-05: time = 1.35011939e-01
# iteration  1053: delta_max = 2.26731865e-05: time = 1.35490154e-01
# iteration  1054: delta_max = 2.26517503e-05: time = 5.02379191e-01
# iteration  1055: delta_max = 2.26461391e-05: time = 5.03193440e-01
# iteration  1056: delta_max = 2.19986475e-05: time = 2.69894334e-01
# iteration  1057: delta_max = 2.19787737e-05: time = 2.67477476e-01
# iteration  1058: delta_max = 2.17922173e-05: time = 2.70685765e-01
# iteration  1059: delta_max = 2.17822258e-05: time = 2.66166066e-01
# iteration  1060: delta_max = 2.17033676e-05: time = 2.00486255e-01
# iteration  1061: delta_max = 2.16940903e-05: time = 2.00615201e-01
# iteration  1062: delta_max = 2.02314704e-05: time = 4.62988880e-01
# iteration  1063: delta_max = 2.02147619e-05: time = 4.68132218e-01
# iteration  1064: delta_max = 2.01849496e-05: time = 2.70806800e-01
# iteration  1065: delta_max = 1.98540442e-05: time = 2.70604645e-01
# iteration  1066: delta_max = 1.91705037e-05: time = 1.86151551e-01
# iteration  1067: delta_max = 1.91672008e-05: time = 1.85969600e-01
# iteration  1068: delta_max = 1.89406306e-05: time = 2.69450043e-01
# iteration  1069: delta_max = 1.89375856e-05: time = 2.69685674e-01
# iteration  1070: delta_max = 1.86959208e-05: time = 2.69299515e-01
# iteration  1071: delta_max = 1.86840428e-05: time = 2.69397685e-01
# iteration  1072: delta_max = 1.82588653e-05: time = 2.69428968e-01
# iteration  1073: delta_max = 1.82461745e-05: time = 2.69432011e-01
# iteration  1074: delta_max = 1.79630016e-05: time = 1.35647544e-01
# iteration  1075: delta_max = 1.75178568e-05: time = 1.35660874e-01
# iteration  1076: delta_max = 1.74142974e-05: time = 5.05281785e-01
# iteration  1077: delta_max = 1.74140174e-05: time = 5.04287353e-01
# iteration  1078: delta_max = 1.72500630e-05: time = 1.39095310e-01
# iteration  1079: delta_max = 1.72499470e-05: time = 1.38739057e-01
# iteration  1080: delta_max = 1.70897384e-05: time = 2.73404523e-01
# iteration  1081: delta_max = 1.70892853e-05: time = 2.69795532e-01
# iteration  1082: delta_max = 1.66992993e-05: time = 3.61951056e-01
# iteration  1083: delta_max = 1.66978441e-05: time = 3.64334759e-01
# iteration  1084: delta_max = 1.63889305e-05: time = 5.07323602e-01
# iteration  1085: delta_max = 1.63845358e-05: time = 5.06462486e-01
# iteration  1086: delta_max = 1.59635164e-05: time = 1.57175782e-01
# iteration  1087: delta_max = 1.59619663e-05: time = 1.56375397e-01
# iteration  1088: delta_max = 1.54855559e-05: time = 2.70747495e-01
# iteration  1089: delta_max = 1.53611651e-05: time = 2.67228399e-01
# iteration  1090: delta_max = 1.53583798e-05: time = 1.42502747e-01
# iteration  1091: delta_max = 1.53259553e-05: time = 1.42177416e-01
# iteration  1092: delta_max = 1.51347875e-05: time = 3.68707648e-01
# iteration  1093: delta_max = 1.51340311e-05: time = 3.65126464e-01
# iteration  1094: delta_max = 1.50538044e-05: time = 1.40230869e-01
# iteration  1095: delta_max = 1.50422676e-05: time = 1.39198975e-01
# iteration  1096: delta_max = 1.50269300e-05: time = 1.40483262e-01
# iteration  1097: delta_max = 1.50172368e-05: time = 1.41234640e-01
# iteration  1098: delta_max = 1.47809224e-05: time = 1.39868507e-01
# iteration  1099: delta_max = 1.46622354e-05: time = 4.64231056e-01
# iteration  1100: delta_max = 1.45912912e-05: time = 4.67461183e-01
# iteration  1101: delta_max = 1.45727113e-05: time = 1.39961583e-01
# iteration  1102: delta_max = 1.36148602e-05: time = 1.61150099e-01
# iteration  1103: delta_max = 1.34769797e-05: time = 1.60596347e-01
# iteration  1104: delta_max = 1.34433060e-05: time = 5.06444250e-01
# iteration  1105: delta_max = 1.34432534e-05: time = 5.09056809e-01
# iteration  1106: delta_max = 1.34142537e-05: time = 5.43740878e-01
# iteration  1107: delta_max = 1.34111830e-05: time = 5.42987498e-01
# iteration  1108: delta_max = 1.29221349e-05: time = 1.15251636e-01
# iteration  1109: delta_max = 1.29036482e-05: time = 1.40525097e-01
# iteration  1110: delta_max = 1.29012559e-05: time = 1.39609164e-01
# iteration  1111: delta_max = 1.28098412e-05: time = 5.08260946e-01
# iteration  1112: delta_max = 1.28093682e-05: time = 5.08496348e-01
# iteration  1113: delta_max = 1.24699961e-05: time = 1.90976874e-01
# iteration  1114: delta_max = 1.23925831e-05: time = 5.04704802e-01
# iteration  1115: delta_max = 1.23899678e-05: time = 5.07076733e-01
# iteration  1116: delta_max = 1.23893587e-05: time = 1.14165831e-01
# iteration  1117: delta_max = 1.21560307e-05: time = 3.47983947e-01
# iteration  1118: delta_max = 1.21425780e-05: time = 3.48825353e-01
# iteration  1119: delta_max = 1.18832588e-05: time = 1.62440810e-01
# iteration  1120: delta_max = 1.18559713e-05: time = 5.02068224e-01
# iteration  1121: delta_max = 1.18499695e-05: time = 5.04676287e-01
# iteration  1122: delta_max = 1.17969610e-05: time = 1.60846703e-01
# iteration  1123: delta_max = 1.17103956e-05: time = 5.02464175e-01
# iteration  1124: delta_max = 1.16771567e-05: time = 5.07407087e-01
# iteration  1125: delta_max = 1.15404336e-05: time = 1.09973972e-01
# iteration  1126: delta_max = 1.15040085e-05: time = 1.10049825e-01
# iteration  1127: delta_max = 1.12515654e-05: time = 1.90664362e-01
# iteration  1128: delta_max = 1.12510240e-05: time = 1.89837741e-01
# iteration  1129: delta_max = 1.12509755e-05: time = 1.89881922e-01
# iteration  1130: delta_max = 1.11067056e-05: time = 5.05359567e-01
# iteration  1131: delta_max = 1.11066108e-05: time = 5.05408062e-01
# iteration  1132: delta_max = 1.10125481e-05: time = 3.79086746e-01
# iteration  1133: delta_max = 1.10067256e-05: time = 3.75058500e-01
# iteration  1134: delta_max = 1.08836705e-05: time = 1.12709058e-01
# iteration  1135: delta_max = 1.02672746e-05: time = 4.63941403e-01
# iteration  1136: delta_max = 1.02573044e-05: time = 4.65093851e-01
# iteration  1137: delta_max = 1.00946276e-05: time = 1.29579713e-01
# iteration  1138: delta_max = 1.00848400e-05: time = 1.31998417e-01
# iteration  1139: delta_max = 9.99720497e-06: time = 3.85750955e-01
 # Orthogonalising Cholesky vectors.
 # Time to orthogonalise: 0.759545
nelec: (36, 36)
nbasis: 158
chol.shape: (1139, 158, 158)

******** <class 'pyscf.cc.ccsd.CCSD'> ********
CC2 = 0
CCSD nocc = 16, nmo = 158
frozen orbitals 20
max_cycle = 50
direct = 0
conv_tol = 1e-07
conv_tol_normt = 1e-05
diis_space = 6
diis_start_cycle = 0
diis_start_energy_diff = 1e+09
max_memory 4000 MB (current use 3179 MB)
MO integrals int2e_sph are saved in <HDF5 file "tmpcvckgulq" (mode r+)>/eri_mo
num. MO ints = 1.0308341e+08, required disk 824.66727 MB
step1: tmpfile /rc_scratch/anma2640/tmpwz0y0wiz  1293.9795 MB
step1: (ij,kl) = (10153,15931), mem cache 2000 MB, iobuf 800 MB
    CPU time for Initializing ao2mo.outcore.half_e1      8.47 sec, wall time      0.36 sec
    CPU time for AO->MO transformation for int2e_sph 1 pass    431.92 sec, wall time     42.49 sec
step2: kl-pair (ao 15931, mo 10153), mem 244.70016 MB, ioblock 155.95008 MB
    CPU time for AO->MO transformation for int2e_sph 2 pass     36.57 sec, wall time      2.99 sec
    CPU time for AO->MO transformation for int2e_sph     468.49 sec, wall time     45.48 sec
step1: tmpfile /rc_scratch/anma2640/tmpx1uekt1e  322.18854 MB
step1: (ij,kl) = (2528,15931), mem cache 2000 MB, iobuf 800 MB
    CPU time for Initializing ao2mo.outcore.half_e1      8.32 sec, wall time      0.36 sec
    CPU time for CCSD integral transformation    911.80 sec, wall time     89.26 sec
Init t2, MP2 energy = -3456.81623501392  E_corr(MP2) -1.6531828625011
    CPU time for init mp2      0.09 sec, wall time      0.09 sec
Init E_corr(CCSD) = -1.65318286250393
cycle = 1  E_corr(CCSD) = -1.28565163413696  dE = 0.367531228  norm(t1,t2) = 0.282974
    CPU time for CCSD iter    181.40 sec, wall time      6.78 sec
cycle = 2  E_corr(CCSD) = -1.53598229856474  dE = -0.250330664  norm(t1,t2) = 0.216317
    CPU time for CCSD iter    176.96 sec, wall time      6.69 sec
cycle = 3  E_corr(CCSD) = -1.45782438472625  dE = 0.0781579138  norm(t1,t2) = 0.187768
    CPU time for CCSD iter    176.17 sec, wall time      6.42 sec
cycle = 4  E_corr(CCSD) = -1.44897842693176  dE = 0.00884595779  norm(t1,t2) = 0.0168455
    CPU time for CCSD iter    175.40 sec, wall time      6.36 sec
cycle = 5  E_corr(CCSD) = -1.45611537002636  dE = -0.00713694309  norm(t1,t2) = 0.0148972
    CPU time for CCSD iter    172.62 sec, wall time      6.23 sec
cycle = 6  E_corr(CCSD) = -1.45799110168598  dE = -0.00187573166  norm(t1,t2) = 0.00381958
    CPU time for CCSD iter    174.92 sec, wall time      6.29 sec
cycle = 7  E_corr(CCSD) = -1.45766539311254  dE = 0.000325708573  norm(t1,t2) = 0.00281045
    CPU time for CCSD iter    186.98 sec, wall time      6.74 sec
cycle = 8  E_corr(CCSD) = -1.45721427810417  dE = 0.000451115008  norm(t1,t2) = 0.0014401
    CPU time for CCSD iter    176.25 sec, wall time      6.78 sec
cycle = 9  E_corr(CCSD) = -1.45739003426847  dE = -0.000175756164  norm(t1,t2) = 0.000906416
    CPU time for CCSD iter    180.89 sec, wall time      6.57 sec
cycle = 10  E_corr(CCSD) = -1.45735612434375  dE = 3.39099247e-05  norm(t1,t2) = 0.000508575
    CPU time for CCSD iter    180.89 sec, wall time      6.48 sec
cycle = 11  E_corr(CCSD) = -1.45731015410142  dE = 4.59702423e-05  norm(t1,t2) = 0.000216932
    CPU time for CCSD iter    181.97 sec, wall time      6.51 sec
cycle = 12  E_corr(CCSD) = -1.45734738420226  dE = -3.72301008e-05  norm(t1,t2) = 0.000106372
    CPU time for CCSD iter    180.44 sec, wall time      6.51 sec
cycle = 13  E_corr(CCSD) = -1.4573485140949  dE = -1.12989264e-06  norm(t1,t2) = 6.39055e-05
    CPU time for CCSD iter    186.50 sec, wall time      6.76 sec
cycle = 14  E_corr(CCSD) = -1.4573463055625  dE = 2.2085324e-06  norm(t1,t2) = 2.23383e-05
    CPU time for CCSD iter    184.38 sec, wall time      6.72 sec
cycle = 15  E_corr(CCSD) = -1.45735021855519  dE = -3.91299269e-06  norm(t1,t2) = 1.22663e-05
    CPU time for CCSD iter    180.33 sec, wall time      6.51 sec
cycle = 16  E_corr(CCSD) = -1.45734859481038  dE = 1.62374481e-06  norm(t1,t2) = 5.95679e-06
    CPU time for CCSD iter    178.32 sec, wall time      6.47 sec
cycle = 17  E_corr(CCSD) = -1.45734871932274  dE = -1.24512353e-07  norm(t1,t2) = 3.46629e-06
    CPU time for CCSD iter    180.57 sec, wall time      6.49 sec
cycle = 18  E_corr(CCSD) = -1.45734879639494  dE = -7.70722079e-08  norm(t1,t2) = 1.77407e-06
    CPU time for CCSD iter    181.95 sec, wall time      6.55 sec
    CPU time for CCSD   3236.94 sec, wall time    117.88 sec
CCSD converged
E(CCSD) = -3456.620400947814  E_corr = -1.457348796394945
MO integrals int2e_sph are saved in <HDF5 file "tmpunv6e7u1" (mode r+)>/eri_mo
num. MO ints = 1.0308341e+08, required disk 824.66727 MB
step1: tmpfile /rc_scratch/anma2640/tmp86y1bmh9  1293.9795 MB
step1: (ij,kl) = (10153,15931), mem cache 2000 MB, iobuf 800 MB
    CPU time for Initializing ao2mo.outcore.half_e1      8.49 sec, wall time      0.36 sec
    CPU time for AO->MO transformation for int2e_sph 1 pass    432.18 sec, wall time     42.56 sec
step2: kl-pair (ao 15931, mo 10153), mem 244.70016 MB, ioblock 155.95008 MB
    CPU time for AO->MO transformation for int2e_sph 2 pass     35.52 sec, wall time      1.98 sec
    CPU time for AO->MO transformation for int2e_sph     467.71 sec, wall time     44.54 sec
step1: tmpfile /rc_scratch/anma2640/tmpdrr8nvuo  322.18854 MB
step1: (ij,kl) = (2528,15931), mem cache 2000 MB, iobuf 800 MB
    CPU time for Initializing ao2mo.outcore.half_e1      8.32 sec, wall time      0.36 sec
    CPU time for CCSD integral transformation    910.51 sec, wall time     88.30 sec
max_memory 593 MB (3406 MB in use)
    CPU time for CCSD(T)    157.13 sec, wall time      6.12 sec
CCSD(T) correction = -0.109783388722471
CCSD(T) energy -3456.7301843365362
