#INFO: **** input file is /projects/anma2640/pauxy/examples/generic/paper/cu2o2/32e/0.0/cu2o2.py ****
import numpy
import math, os, time, sys
import h5py
import scipy.sparse
from pyscf import gto, scf, mcscf, fci, ao2mo, lib, tools, cc
from pauxy.systems.generic import Generic
import scipy.linalg as la
from pauxy.utils.from_pyscf import generate_integrals
from pyscf.shciscf import shci
import prepVMC


# Cu2O2^2+: bis f = 0., per f = 1.
if len(sys.argv) == 2:
    f = float(sys.argv[1])
else:
    f = 0.

# bond lengths
cu_cu = 2.8 + f * 0.8
o_o = 2.3 - f * 0.9

atomString = f'Cu {-cu_cu/2} 0. 0.; Cu {cu_cu/2} 0. 0.; O 0. {o_o/2} 0.; O 0. {-o_o/2} 0.'

mol = gto.M(atom = atomString,
    basis = {'O': gto.basis.parse('''
O    S
 105374.95                   0.459000000E-04             -0.105000000E-04            0.900000000E-05             -0.109000000E-04
  15679.240                  0.360700000E-03             -0.825000000E-04            0.705000000E-04             -0.822000000E-04
   3534.5447                 0.191980000E-02             -0.441200000E-03            0.375700000E-03             -0.467500000E-03
    987.36516                0.820670000E-02             -0.188640000E-02            0.161460000E-02             -0.184650000E-02
    315.97875                0.297257000E-01             -0.695400000E-02            0.593400000E-02             -0.755850000E-02
    111.65428                0.904558000E-01             -0.217208000E-01            0.187866000E-01             -0.210868000E-01
     42.699451               0.217405400E+00             -0.568513000E-01            0.494683000E-01             -0.667511000E-01
     17.395596               0.368765700E+00             -0.113963500E+00            0.103039900E+00             -0.109367300E+00
      7.4383090              0.337279800E+00             -0.162020100E+00            0.162058600E+00             -0.273143100E+00
      3.2228620              0.967505000E-01             -0.333800000E-01            0.936700000E-03             0.209713700E+00
      1.2538770              0.256740000E-02             0.365506800E+00             -0.822425100E+00            0.120348070E+01
       .49515500             0.137460000E-02             0.552003100E+00             -0.101790200E+00            -0.677469400E+00
       .19166500             -0.141000000E-03            0.223639300E+00             0.425393900E+00             -0.142988400E+01
       .06708300             0.683000000E-04             0.657450000E-02             0.687702800E+00             0.148910680E+01
O    P
    200.00000                0.893300000E-03            -0.838400000E-03            0.126180000E-02
     46.533367               0.736900000E-02            -0.684910000E-02            0.111628000E-01
     14.621809               0.349392000E-01            -0.328505000E-01            0.518316000E-01
      5.3130640              0.115298500E+00            -0.110006000E+00            0.197884500E+00
      2.1025250              0.258323100E+00            -0.313526300E+00            0.570765200E+00
       .85022300             0.369623100E+00            -0.319601100E+00            -0.178929100E+00
       .33759700             0.323878900E+00            0.221724300E+00             -0.898207700E+00
       .12889200             0.146798900E+00            0.562261600E+00             0.266664300E+00
       .04511200             0.336127000E-01            0.301325100E+00             0.625899400E+00
O    D
      3.7500000              0.12849340            -0.21820550
      1.3125000              0.52118840            -0.48176950
       .45937500             0.43457840             0.13575950
       .16078100             0.14574090             0.82977340
    '''),
    'Cu': gto.basis.parse('''
Cu    S
     27.6963200              0.2311320              0.0000000              0.0000000              0.0000000              0.0000000              0.0000000
     13.5053500             -0.6568110              0.0000000              0.0000000              0.0000000              0.0000000              0.0000000
      8.8153550             -0.5458750              0.0000000              0.0000000              0.0000000              0.0000000              0.0000000
      2.3808050              0.0000000              1.0000000              0.0000000              0.0000000              0.0000000              0.0000000
      0.9526160              0.0000000              0.0000000              1.0000000              0.0000000              0.0000000              0.0000000
      0.1126620              0.0000000              0.0000000              0.0000000              1.0000000              0.0000000              0.0000000
      0.0404860              0.0000000              0.0000000              0.0000000              0.0000000              1.0000000              0.0000000
      0.0100000              0.0000000              0.0000000              0.0000000              0.0000000              0.0000000              1.0000000
Cu    P
     93.5043270              0.0228290              0.0000000              0.0000000              0.0000000              0.0000000
     16.2854640             -1.0095130              0.0000000              0.0000000              0.0000000              0.0000000
      5.9942360              0.0000000              0.2464500              0.0000000              0.0000000              0.0000000
      2.5368750              0.0000000              0.7920240              0.0000000              0.0000000              0.0000000
      0.8979340              0.0000000              0.0000000              1.0000000              0.0000000              0.0000000
      0.1317290              0.0000000              0.0000000              0.0000000              1.0000000              0.0000000
      0.0308780              0.0000000              0.0000000              0.0000000              0.0000000              1.0000000
Cu    D
     41.2250060              0.0446940              0.0000000              0.0000000
     12.3432500              0.2121060              0.0000000              0.0000000
      4.2019200              0.4534230              0.0000000              0.0000000
      1.3798250              0.5334650              0.0000000              0.0000000
      0.3834530              0.0000000              1.0000000              0.0000000
      0.1000000              0.0000000              0.0000000              1.0000000
    ''')},
    ecp = {'Cu': gto.basis.parse_ecp('''
Cu nelec 10
Cu ul
2       1.000000000            0.000000000
Cu S
2      30.220000000          355.770158000
2      13.190000000           70.865357000
Cu P
2      33.130000000          233.891976000
2      13.220000000           53.947299000
Cu D
2      38.420000000          -31.272165000
2      13.260000000           -2.741104000
    ''')},
    verbose = 4, unit = 'angstrom', symmetry = 1, spin = 0, charge = 2)
mf = scf.RHF(mol)
#mf.chkfile = f'cu2o2_{f}_SHCISCF.chk'
#mf.__dict__.update(lib.chkfile.load(chkfile, 'scf'))
#mf.init_guess = '1e'
mf.level_shift = 0.1
mf.scf()
print(f'mol.nao: {mol.nao}')
print(f'mol.elec: {mol.nelec}')

norbFrozen = 10
ncore = 10

mc1 = shci.SHCISCF(mf,  mol.nao - ncore, mol.nelectron - 2*ncore)
chkfile = f'cu2o2_{f}_SHCISCF.chk'
mc1.__dict__.update(lib.chkfile.load(chkfile, 'mcscf'))
#mc1.chkfile = f'cu2o2_{f}_SHCISCF.chk'
#mc1.frozen = norbFrozen
#mc1.fcisolver.sweep_iter = [ 0 ]
#mc1.fcisolver.sweep_epsilon = [ 1e-3 ]
#mc1.fcisolver.nPTiter = 0
#mc1.max_cycle_macro = 10
#mc1.internal_rotation = True
#mc1.fcisolver.nPTiter = 0  # Turns off PT calculation, i.e. no PTRDM.
#mc1.fcisolver.mpiprefix = "mpirun -np 36"
#mc1.fcisolver.scratchDirectory = "/rc_scratch/anma2640/cu2o2/"
#mc1.mc1step()


mc0 = mcscf.CASSCF(mf, mol.nao - ncore, mol.nelectron - 2*ncore)
mc0.mo_coeff = mc1.mo_coeff
nelecAct = mol.nelectron - 2*ncore
moCore = mc0.mo_coeff[:,:ncore]
core_dm = 2 * moCore.dot(moCore.T)
corevhf = mc0.get_veff(mol, core_dm)
energy_core = mol.energy_nuc()
energy_core += numpy.einsum('ij,ji', core_dm, mc0.get_hcore())
energy_core += numpy.einsum('ij,ji', core_dm, corevhf) * .5
moActDice = mc0.mo_coeff[:, ncore:]
h1eff = moActDice.T.dot(mc0.get_hcore() + corevhf).dot(moActDice)
#h1eff = moActDice.T.dot(mc0.get_hcore()).dot(moActDice)
eri = ao2mo.kernel(mol, moActDice)
tools.fcidump.from_integrals('FCIDUMP_can', h1eff, eri, mol.nao - ncore, mol.nelectron - 2*ncore, energy_core)

norbAct = mol.nao - norbFrozen
nelecAct = mol.nelectron - 2*norbFrozen
mc = mcscf.CASSCF(mf, norbAct, nelecAct)
mc.mo_coeff = mc1.mo_coeff
moFrozen = mc.mo_coeff[:,:norbFrozen]
moActive = mc0.mo_coeff[:,norbFrozen:]
core_dm = 2 * moFrozen.dot(moFrozen.T)
corevhf = mc.get_veff(mol, core_dm)
energy_core = mol.energy_nuc()
energy_core += numpy.einsum('ij,ji', core_dm, mc.get_hcore())
energy_core += numpy.einsum('ij,ji', core_dm, corevhf) * .5

rhfCoeffs = numpy.eye(norbAct)
prepVMC.writeMat(rhfCoeffs, "rhf.txt")
h1e, chol, nelec, enuc = generate_integrals(mol, mf.get_hcore(), mc0.mo_coeff, chol_cut=1e-5, verbose=True)

nbasis = h1e.shape[-1]
rotCorevhf = moActive.T.dot(corevhf).dot(moActive)
h1e = h1e[norbFrozen:, norbFrozen:] + rotCorevhf
chol = chol.reshape((-1, nbasis, nbasis))
chol = chol[:, norbFrozen:, norbFrozen:]
mol.nelec = (mol.nelec[0]-norbFrozen, mol.nelec[1]-norbFrozen)
enuc = energy_core

# after core averaging
nbasis = h1e.shape[-1]
print(f'nelec: {nelec}')
print(f'nbasis: {nbasis}')
print(f'chol.shape: {chol.shape}')
chol = chol.reshape((-1, nbasis, nbasis))
v0 = 0.5 * numpy.einsum('nik,njk->ij', chol, chol, optimize='optimal')
h1e_mod = h1e - v0

chol = chol.reshape((chol.shape[0], -1))
prepVMC.write_dqmc(h1e, h1e_mod, chol, sum(mol.nelec), nbasis, enuc, filename='FCIDUMP_chol')

# ccsd
mycc = cc.CCSD(mf)
mycc.frozen = norbFrozen
mycc.verbose = 5
mycc.kernel()
overlap = mf.get_ovlp(mol)
rotation = (mc0.mo_coeff[:, norbFrozen:].T).dot(overlap.dot(mf.mo_coeff[:, norbFrozen:]))
prepVMC.write_ccsd(mycc.t1, mycc.t2, rotation=rotation)

et = mycc.ccsd_t()
print('CCSD(T) energy', mycc.e_tot + et)
#INFO: ******************** input file end ********************


System: uname_result(system='Linux', node='bhpc-c7-u7-12.rc.int.colorado.edu', release='3.10.0-1160.15.2.el7.x86_64', version='#1 SMP Wed Feb 3 15:06:38 UTC 2021', machine='x86_64', processor='x86_64')  Threads 36
Python 3.8.3 (default, May 19 2020, 18:47:26) 
[GCC 7.3.0]
numpy 1.19.1  scipy 1.5.2
Date: Mon Feb 22 21:15:35 2021
PySCF version 1.7.4
PySCF path  /projects/anma2640/pyscf/pyscf
GIT HEAD      ref: refs/heads/master
GIT master branch  14142ec394cbdcffb8e214fba6b1d6cde9025e9a

[CONFIG] conf_file None
[INPUT] verbose = 4
[INPUT] num. atoms = 4
[INPUT] num. electrons = 52
[INPUT] charge = 2
[INPUT] spin (= nelec alpha-beta = 2S) = 0
[INPUT] symmetry 1 subgroup None
[INPUT] Mole.unit = angstrom
[INPUT]  1 Cu    -1.400000000000   0.000000000000   0.000000000000 AA   -2.645616574391   0.000000000000   0.000000000000 Bohr
[INPUT]  2 Cu     1.400000000000   0.000000000000   0.000000000000 AA    2.645616574391   0.000000000000   0.000000000000 Bohr
[INPUT]  3 O      0.000000000000   1.150000000000   0.000000000000 AA    0.000000000000   2.173185043250   0.000000000000 Bohr
[INPUT]  4 O      0.000000000000  -1.150000000000   0.000000000000 AA    0.000000000000  -2.173185043250   0.000000000000 Bohr

nuclear repulsion = 260.534383992932
point group symmetry = D2h
num. orbitals of irrep Ag = 28
num. orbitals of irrep B1g = 13
num. orbitals of irrep B2g = 10
num. orbitals of irrep B3g = 8
num. orbitals of irrep Au = 5
num. orbitals of irrep B1u = 13
num. orbitals of irrep B2u = 19
num. orbitals of irrep B3u = 22
number of shells = 12
number of NR pGTOs = 240
number of NR cGTOs = 118
basis = {'O': [[0, [105374.95, 4.59e-05, -1.05e-05, 9e-06, -1.09e-05], [15679.24, 0.0003607, -8.25e-05, 7.05e-05, -8.22e-05], [3534.5447, 0.0019198, -0.0004412, 0.0003757, -0.0004675], [987.36516, 0.0082067, -0.0018864, 0.0016146, -0.0018465], [315.97875, 0.0297257, -0.006954, 0.005934, -0.0075585], [111.65428, 0.0904558, -0.0217208, 0.0187866, -0.0210868], [42.699451, 0.2174054, -0.0568513, 0.0494683, -0.0667511], [17.395596, 0.3687657, -0.1139635, 0.1030399, -0.1093673], [7.438309, 0.3372798, -0.1620201, 0.1620586, -0.2731431], [3.222862, 0.0967505, -0.03338, 0.0009367, 0.2097137], [1.253877, 0.0025674, 0.3655068, -0.8224251, 1.2034807], [0.495155, 0.0013746, 0.5520031, -0.1017902, -0.6774694], [0.191665, -0.000141, 0.2236393, 0.4253939, -1.429884], [0.067083, 6.83e-05, 0.0065745, 0.6877028, 1.4891068]], [1, [200.0, 0.0008933, -0.0008384, 0.0012618], [46.533367, 0.007369, -0.0068491, 0.0111628], [14.621809, 0.0349392, -0.0328505, 0.0518316], [5.313064, 0.1152985, -0.110006, 0.1978845], [2.102525, 0.2583231, -0.3135263, 0.5707652], [0.850223, 0.3696231, -0.3196011, -0.1789291], [0.337597, 0.3238789, 0.2217243, -0.8982077], [0.128892, 0.1467989, 0.5622616, 0.2666643], [0.045112, 0.0336127, 0.3013251, 0.6258994]], [2, [3.75, 0.1284934, -0.2182055], [1.3125, 0.5211884, -0.4817695], [0.459375, 0.4345784, 0.1357595], [0.160781, 0.1457409, 0.8297734]]], 'Cu': [[0, [27.69632, 0.231132, 0.0, 0.0, 0.0, 0.0, 0.0], [13.50535, -0.656811, 0.0, 0.0, 0.0, 0.0, 0.0], [8.815355, -0.545875, 0.0, 0.0, 0.0, 0.0, 0.0], [2.380805, 0.0, 1.0, 0.0, 0.0, 0.0, 0.0], [0.952616, 0.0, 0.0, 1.0, 0.0, 0.0, 0.0], [0.112662, 0.0, 0.0, 0.0, 1.0, 0.0, 0.0], [0.040486, 0.0, 0.0, 0.0, 0.0, 1.0, 0.0], [0.01, 0.0, 0.0, 0.0, 0.0, 0.0, 1.0]], [1, [93.504327, 0.022829, 0.0, 0.0, 0.0, 0.0], [16.285464, -1.009513, 0.0, 0.0, 0.0, 0.0], [5.994236, 0.0, 0.24645, 0.0, 0.0, 0.0], [2.536875, 0.0, 0.792024, 0.0, 0.0, 0.0], [0.897934, 0.0, 0.0, 1.0, 0.0, 0.0], [0.131729, 0.0, 0.0, 0.0, 1.0, 0.0], [0.030878, 0.0, 0.0, 0.0, 0.0, 1.0]], [2, [41.225006, 0.044694, 0.0, 0.0], [12.34325, 0.212106, 0.0, 0.0], [4.20192, 0.453423, 0.0, 0.0], [1.379825, 0.533465, 0.0, 0.0], [0.383453, 0.0, 1.0, 0.0], [0.1, 0.0, 0.0, 1.0]]]}
ecp = {'Cu': [10, [[-1, [[], [], [[1.0, 0.0]], [], [], [], []]], [0, [[], [], [[30.22, 355.770158], [13.19, 70.865357]], [], [], [], []]], [1, [[], [], [[33.13, 233.891976], [13.22, 53.947299]], [], [], [], []]], [2, [[], [], [[38.42, -31.272165], [13.26, -2.741104]], [], [], [], []]]]]}
CPU time:         0.70


******** <class 'pyscf.scf.hf_symm.SymAdaptedRHF'> ********
method = SymAdaptedRHF-RHF
initial guess = minao
damping factor = 0
level_shift factor = 0.1
DIIS = <class 'pyscf.scf.diis.CDIIS'>
diis_start_cycle = 1
diis_space = 8
SCF conv_tol = 1e-09
SCF conv_tol_grad = None
SCF max_cycles = 50
direct_scf = True
direct_scf_tol = 1e-13
chkfile to save SCF result = /rc_scratch/anma2640/tmpqnenxpns
max_memory 4000 MB (current use 100 MB)
Freeze 0 electrons in irreps []
    52 free electrons in irreps Ag B1g B2g B3g Au B1u B2u B3u
Set gradient conv threshold to 3.16228e-05
init E= -475.452687119518
HOMO (B3g) = -0.486903810598477  LUMO (B1g) = -0.447824467229273
cycle= 1 E= -540.894646402488  delta_E= -65.4  |g|= 2.27  |ddm|= 4.08
HOMO (Ag) = -1.00565327419655  LUMO (B1g) = -0.537953952784488
cycle= 2 E= -541.022901312991  delta_E= -0.128  |g|= 0.333  |ddm|=  0.6
HOMO (Ag) = -0.931454413859023  LUMO (B1g) = -0.467002319930654
cycle= 3 E= -541.038425170182  delta_E= -0.0155  |g|= 0.261  |ddm|= 0.393
HOMO (Ag) = -0.952172771474686  LUMO (B1g) = -0.461886220923195
cycle= 4 E= -541.050631720013  delta_E= -0.0122  |g|= 0.198  |ddm|= 0.225
HOMO (Ag) = -0.955015820077051  LUMO (B1g) = -0.460676875594184
cycle= 5 E= -541.057335361205  delta_E= -0.0067  |g|= 0.0843  |ddm|= 0.147
HOMO (Ag) = -0.94744095423326  LUMO (B1g) = -0.447910032286817
cycle= 6 E= -541.060284684365  delta_E= -0.00295  |g|= 0.0419  |ddm|= 0.14
HOMO (Ag) = -0.947983126729886  LUMO (B1g) = -0.446098088867678
cycle= 7 E= -541.06112687016  delta_E= -0.000842  |g|= 0.00844  |ddm|= 0.0907
HOMO (Ag) = -0.948799274277159  LUMO (B1g) = -0.445768390824443
cycle= 8 E= -541.061216689832  delta_E= -8.98e-05  |g|= 0.00272  |ddm|= 0.0321
HOMO (Ag) = -0.949197361478554  LUMO (B1g) = -0.445332008570208
cycle= 9 E= -541.061230833758  delta_E= -1.41e-05  |g|= 0.00125  |ddm|= 0.0136
HOMO (Ag) = -0.949465223455606  LUMO (B1g) = -0.445176431843468
cycle= 10 E= -541.06123364826  delta_E= -2.81e-06  |g|= 0.000481  |ddm|= 0.00594
HOMO (Ag) = -0.949611238349213  LUMO (B1g) = -0.445076637815593
cycle= 11 E= -541.061234216308  delta_E= -5.68e-07  |g|= 0.000128  |ddm|= 0.00312
HOMO (Ag) = -0.949623705953091  LUMO (B1g) = -0.44506478672488
cycle= 12 E= -541.061234251692  delta_E= -3.54e-08  |g|= 6.97e-05  |ddm|= 0.000721
HOMO (Ag) = -0.949626403555153  LUMO (B1g) = -0.445056634978729
cycle= 13 E= -541.06123425611  delta_E= -4.42e-09  |g|= 2.65e-05  |ddm|= 0.000287
HOMO (Ag) = -0.949628362512144  LUMO (B1g) = -0.44505606323915
cycle= 14 E= -541.06123425642  delta_E= -3.1e-10  |g|= 6.07e-06  |ddm|= 6.57e-05
HOMO (Ag) = -0.949628445613101  LUMO (B1g) = -0.545056196975858
Extra cycle  E= -541.061234256423  delta_E= -3.41e-12  |g|= 9.64e-06  |ddm|= 1.16e-05
converged SCF energy = -541.061234256423
mol.nao: 118
mol.elec: (26, 26)
 # Transforming hcore and eri to ortho AO basis.
 # Performing modified Cholesky decomposition on ERI tensor.
# Generating Cholesky decomposition of ERIs.
# max number of cholesky vectors = 1180
# iteration     0: delta_max = 4.741419
# iteration     1: delta_max = 4.73025419e+00: time = 8.12855299e-03
# iteration     2: delta_max = 3.66038280e+00: time = 1.01714760e-02
# iteration     3: delta_max = 3.65385700e+00: time = 1.03086590e-02
# iteration     4: delta_max = 8.57850262e-01: time = 1.00059420e-02
# iteration     5: delta_max = 8.57843509e-01: time = 1.01521070e-02
# iteration     6: delta_max = 7.78504779e-01: time = 5.72177296e-03
# iteration     7: delta_max = 7.78504749e-01: time = 6.01170497e-03
# iteration     8: delta_max = 7.78475276e-01: time = 5.73350803e-03
# iteration     9: delta_max = 7.78475256e-01: time = 5.89923101e-03
# iteration    10: delta_max = 7.78459410e-01: time = 5.82513196e-03
# iteration    11: delta_max = 7.78459317e-01: time = 5.81270299e-03
# iteration    12: delta_max = 6.71081841e-01: time = 1.00557250e-02
# iteration    13: delta_max = 6.71081055e-01: time = 1.06766100e-02
# iteration    14: delta_max = 5.58555016e-01: time = 9.98686603e-03
# iteration    15: delta_max = 5.56700856e-01: time = 9.96454700e-03
# iteration    16: delta_max = 4.87717452e-01: time = 1.79308110e-02
# iteration    17: delta_max = 4.74791017e-01: time = 1.36141710e-02
# iteration    18: delta_max = 2.83315128e-01: time = 1.02023080e-02
# iteration    19: delta_max = 2.83261777e-01: time = 1.04359920e-02
# iteration    20: delta_max = 2.28792063e-01: time = 1.04049940e-02
# iteration    21: delta_max = 2.28792063e-01: time = 1.00815410e-02
# iteration    22: delta_max = 2.28792063e-01: time = 1.02463010e-02
# iteration    23: delta_max = 2.28792063e-01: time = 1.04180650e-02
# iteration    24: delta_max = 2.28791280e-01: time = 1.01264120e-02
# iteration    25: delta_max = 2.28791280e-01: time = 1.01673400e-02
# iteration    26: delta_max = 2.20490381e-01: time = 1.01307610e-02
# iteration    27: delta_max = 2.20490339e-01: time = 1.01131050e-02
# iteration    28: delta_max = 2.04369129e-01: time = 1.38986430e-02
# iteration    29: delta_max = 2.04368058e-01: time = 1.38497980e-02
# iteration    30: delta_max = 1.82560031e-01: time = 1.06971180e-02
# iteration    31: delta_max = 1.82559977e-01: time = 6.20824500e-03
# iteration    32: delta_max = 1.82553021e-01: time = 5.91873802e-03
# iteration    33: delta_max = 1.82552039e-01: time = 6.14263501e-03
# iteration    34: delta_max = 1.62184830e-01: time = 2.09113750e-02
# iteration    35: delta_max = 1.60423549e-01: time = 2.07701280e-02
# iteration    36: delta_max = 1.55267665e-01: time = 1.40698480e-02
# iteration    37: delta_max = 1.55091936e-01: time = 1.12396180e-02
# iteration    38: delta_max = 1.49662772e-01: time = 9.34837898e-03
# iteration    39: delta_max = 1.49356285e-01: time = 9.22947901e-03
# iteration    40: delta_max = 1.47464715e-01: time = 1.15266180e-02
# iteration    41: delta_max = 1.47304148e-01: time = 1.08214510e-02
# iteration    42: delta_max = 1.46144861e-01: time = 9.52811103e-03
# iteration    43: delta_max = 1.46081119e-01: time = 9.43146303e-03
# iteration    44: delta_max = 1.22062305e-01: time = 1.05243220e-02
# iteration    45: delta_max = 1.22062133e-01: time = 1.05702850e-02
# iteration    46: delta_max = 1.15881902e-01: time = 1.31571270e-02
# iteration    47: delta_max = 1.15881895e-01: time = 1.32421720e-02
# iteration    48: delta_max = 9.11154499e-02: time = 1.32583230e-02
# iteration    49: delta_max = 9.11154459e-02: time = 1.32433630e-02
# iteration    50: delta_max = 9.00937716e-02: time = 8.50927405e-03
# iteration    51: delta_max = 9.00937700e-02: time = 8.19510699e-03
# iteration    52: delta_max = 9.00799798e-02: time = 7.98056100e-03
# iteration    53: delta_max = 9.00799556e-02: time = 7.88450596e-03
# iteration    54: delta_max = 8.97435962e-02: time = 8.20509403e-03
# iteration    55: delta_max = 8.97435814e-02: time = 7.82398204e-03
# iteration    56: delta_max = 7.99967538e-02: time = 2.07356830e-02
# iteration    57: delta_max = 7.33177622e-02: time = 2.09751200e-02
# iteration    58: delta_max = 6.84367756e-02: time = 1.05762300e-02
# iteration    59: delta_max = 6.84356919e-02: time = 1.02296810e-02
# iteration    60: delta_max = 6.62927851e-02: time = 1.41457000e-02
# iteration    61: delta_max = 6.62909792e-02: time = 8.45256599e-03
# iteration    62: delta_max = 6.62903569e-02: time = 8.23415100e-03
# iteration    63: delta_max = 6.62481620e-02: time = 8.12261197e-03
# iteration    64: delta_max = 6.62430080e-02: time = 1.10569660e-02
# iteration    65: delta_max = 6.62420982e-02: time = 1.12366960e-02
# iteration    66: delta_max = 6.53155748e-02: time = 8.42470099e-03
# iteration    67: delta_max = 6.52886763e-02: time = 8.32505297e-03
# iteration    68: delta_max = 6.41706803e-02: time = 8.35381704e-03
# iteration    69: delta_max = 6.41703864e-02: time = 8.18753301e-03
# iteration    70: delta_max = 5.93367277e-02: time = 1.33806170e-02
# iteration    71: delta_max = 5.91626307e-02: time = 1.33519590e-02
# iteration    72: delta_max = 5.77870246e-02: time = 1.08581800e-02
# iteration    73: delta_max = 5.77867018e-02: time = 1.07934870e-02
# iteration    74: delta_max = 5.17879034e-02: time = 1.33657590e-02
# iteration    75: delta_max = 5.17879034e-02: time = 1.37755220e-02
# iteration    76: delta_max = 5.17764243e-02: time = 1.43225020e-02
# iteration    77: delta_max = 5.17764238e-02: time = 1.43319180e-02
# iteration    78: delta_max = 5.16570419e-02: time = 1.87930220e-02
# iteration    79: delta_max = 5.16267171e-02: time = 1.40210580e-02
# iteration    80: delta_max = 4.96365959e-02: time = 1.38217260e-02
# iteration    81: delta_max = 4.96365902e-02: time = 1.46466180e-02
# iteration    82: delta_max = 4.95990352e-02: time = 1.43093400e-02
# iteration    83: delta_max = 4.95990352e-02: time = 1.44617100e-02
# iteration    84: delta_max = 4.76522969e-02: time = 2.09522470e-02
# iteration    85: delta_max = 4.76383553e-02: time = 2.09214890e-02
# iteration    86: delta_max = 4.30919842e-02: time = 2.08357110e-02
# iteration    87: delta_max = 4.30909692e-02: time = 2.09650320e-02
# iteration    88: delta_max = 4.26022088e-02: time = 1.49922800e-02
# iteration    89: delta_max = 4.26020906e-02: time = 9.72164900e-03
# iteration    90: delta_max = 4.23704995e-02: time = 9.75442398e-03
# iteration    91: delta_max = 4.23703738e-02: time = 9.74152802e-03
# iteration    92: delta_max = 4.23362836e-02: time = 9.69375198e-03
# iteration    93: delta_max = 4.23356543e-02: time = 9.53214802e-03
# iteration    94: delta_max = 4.22143739e-02: time = 6.59218896e-03
# iteration    95: delta_max = 4.22128338e-02: time = 6.45565504e-03
# iteration    96: delta_max = 4.10997884e-02: time = 6.19041600e-03
# iteration    97: delta_max = 4.10996684e-02: time = 6.21807098e-03
# iteration    98: delta_max = 3.58459777e-02: time = 2.14466160e-02
# iteration    99: delta_max = 3.58270553e-02: time = 2.12840390e-02
# iteration   100: delta_max = 3.45632237e-02: time = 1.77912820e-02
# iteration   101: delta_max = 3.45595147e-02: time = 1.40703070e-02
# iteration   102: delta_max = 3.17585578e-02: time = 2.14644060e-02
# iteration   103: delta_max = 3.17557563e-02: time = 2.14743050e-02
# iteration   104: delta_max = 3.16879567e-02: time = 1.25216610e-02
# iteration   105: delta_max = 3.16728261e-02: time = 8.38768296e-03
# iteration   106: delta_max = 3.16575341e-02: time = 1.47822280e-02
# iteration   107: delta_max = 3.16567757e-02: time = 1.49095320e-02
# iteration   108: delta_max = 3.11533702e-02: time = 1.46577440e-02
# iteration   109: delta_max = 3.11533702e-02: time = 1.45316440e-02
# iteration   110: delta_max = 3.09503905e-02: time = 1.24730590e-02
# iteration   111: delta_max = 3.08452948e-02: time = 8.41166003e-03
# iteration   112: delta_max = 2.99814205e-02: time = 1.12079140e-02
# iteration   113: delta_max = 2.99234734e-02: time = 1.42511640e-02
# iteration   114: delta_max = 2.99002619e-02: time = 1.38543300e-02
# iteration   115: delta_max = 2.97617649e-02: time = 2.14197260e-02
# iteration   116: delta_max = 2.97617648e-02: time = 2.20232730e-02
# iteration   117: delta_max = 2.94623616e-02: time = 1.57872430e-02
# iteration   118: delta_max = 2.94121671e-02: time = 2.13776240e-02
# iteration   119: delta_max = 2.94121654e-02: time = 2.17011060e-02
# iteration   120: delta_max = 2.93123802e-02: time = 2.11657440e-02
# iteration   121: delta_max = 2.93123741e-02: time = 2.11669520e-02
# iteration   122: delta_max = 2.92802425e-02: time = 1.23344920e-02
# iteration   123: delta_max = 2.88758752e-02: time = 1.21020480e-02
# iteration   124: delta_max = 2.85308287e-02: time = 2.11860090e-02
# iteration   125: delta_max = 2.85307725e-02: time = 2.15387790e-02
# iteration   126: delta_max = 2.67501715e-02: time = 1.38375510e-02
# iteration   127: delta_max = 2.67283084e-02: time = 1.37172610e-02
# iteration   128: delta_max = 2.58418294e-02: time = 1.10705320e-02
# iteration   129: delta_max = 2.57614939e-02: time = 2.12114020e-02
# iteration   130: delta_max = 2.52670063e-02: time = 2.12777360e-02
# iteration   131: delta_max = 2.52670063e-02: time = 2.12790060e-02
# iteration   132: delta_max = 2.52668156e-02: time = 2.12222100e-02
# iteration   133: delta_max = 2.52668156e-02: time = 2.13038790e-02
# iteration   134: delta_max = 2.35340685e-02: time = 1.57043860e-02
# iteration   135: delta_max = 2.35327819e-02: time = 1.23168190e-02
# iteration   136: delta_max = 2.34018545e-02: time = 1.20715430e-02
# iteration   137: delta_max = 2.33993342e-02: time = 1.19728030e-02
# iteration   138: delta_max = 2.29687116e-02: time = 1.19542960e-02
# iteration   139: delta_max = 2.29503302e-02: time = 1.19504530e-02
# iteration   140: delta_max = 2.28903006e-02: time = 1.43263220e-02
# iteration   141: delta_max = 2.28809889e-02: time = 8.70044698e-03
# iteration   142: delta_max = 2.28498692e-02: time = 8.40806001e-03
# iteration   143: delta_max = 2.26208642e-02: time = 1.40460940e-02
# iteration   144: delta_max = 2.24188406e-02: time = 1.20678130e-02
# iteration   145: delta_max = 2.24185767e-02: time = 1.21175740e-02
# iteration   146: delta_max = 2.23527445e-02: time = 5.36978099e-03
# iteration   147: delta_max = 2.23516929e-02: time = 5.26743900e-03
# iteration   148: delta_max = 2.19075798e-02: time = 1.21525550e-02
# iteration   149: delta_max = 2.19001460e-02: time = 1.21375600e-02
# iteration   150: delta_max = 2.13142821e-02: time = 1.38313170e-02
# iteration   151: delta_max = 2.12095141e-02: time = 6.66439702e-03
# iteration   152: delta_max = 2.12082019e-02: time = 6.56608504e-03
# iteration   153: delta_max = 2.10509765e-02: time = 1.12062260e-02
# iteration   154: delta_max = 2.08063520e-02: time = 1.14610760e-02
# iteration   155: delta_max = 2.07515050e-02: time = 2.14545610e-02
# iteration   156: delta_max = 2.02171984e-02: time = 1.23380180e-02
# iteration   157: delta_max = 2.02171965e-02: time = 1.22488780e-02
# iteration   158: delta_max = 1.97865391e-02: time = 1.22311860e-02
# iteration   159: delta_max = 1.97749196e-02: time = 1.21177650e-02
# iteration   160: delta_max = 1.89919491e-02: time = 1.42116990e-02
# iteration   161: delta_max = 1.89726106e-02: time = 1.42688350e-02
# iteration   162: delta_max = 1.86906745e-02: time = 1.48402720e-02
# iteration   163: delta_max = 1.85745520e-02: time = 1.50490130e-02
# iteration   164: delta_max = 1.77586259e-02: time = 1.51240920e-02
# iteration   165: delta_max = 1.77586259e-02: time = 1.52916660e-02
# iteration   166: delta_max = 1.77506607e-02: time = 2.16080780e-02
# iteration   167: delta_max = 1.71718559e-02: time = 1.16887930e-02
# iteration   168: delta_max = 1.71675554e-02: time = 1.56924590e-02
# iteration   169: delta_max = 1.69547964e-02: time = 2.18507190e-02
# iteration   170: delta_max = 1.69547961e-02: time = 2.19639140e-02
# iteration   171: delta_max = 1.59855845e-02: time = 1.17576640e-02
# iteration   172: delta_max = 1.59854383e-02: time = 1.16373050e-02
# iteration   173: delta_max = 1.56124929e-02: time = 1.41956130e-02
# iteration   174: delta_max = 1.56124714e-02: time = 1.46977460e-02
# iteration   175: delta_max = 1.55276509e-02: time = 1.43998970e-02
# iteration   176: delta_max = 1.55276485e-02: time = 1.43338050e-02
# iteration   177: delta_max = 1.53973972e-02: time = 1.42331190e-02
# iteration   178: delta_max = 1.53973972e-02: time = 1.41613500e-02
# iteration   179: delta_max = 1.53972723e-02: time = 1.41673540e-02
# iteration   180: delta_max = 1.53961769e-02: time = 1.41662820e-02
# iteration   181: delta_max = 1.53487531e-02: time = 1.42217010e-02
# iteration   182: delta_max = 1.49681334e-02: time = 1.41421320e-02
# iteration   183: delta_max = 1.49112946e-02: time = 2.16621910e-02
# iteration   184: delta_max = 1.49112946e-02: time = 2.16608950e-02
# iteration   185: delta_max = 1.49094882e-02: time = 2.17473350e-02
# iteration   186: delta_max = 1.49094880e-02: time = 2.17665990e-02
# iteration   187: delta_max = 1.44376836e-02: time = 2.17661970e-02
# iteration   188: delta_max = 1.42621542e-02: time = 1.18696410e-02
# iteration   189: delta_max = 1.42611061e-02: time = 1.49939690e-02
# iteration   190: delta_max = 1.42401034e-02: time = 1.19825910e-02
# iteration   191: delta_max = 1.42400479e-02: time = 1.18027920e-02
# iteration   192: delta_max = 1.42157234e-02: time = 1.46461470e-02
# iteration   193: delta_max = 1.40969754e-02: time = 1.47911090e-02
# iteration   194: delta_max = 1.40575321e-02: time = 1.48663000e-02
# iteration   195: delta_max = 1.38223769e-02: time = 1.47894830e-02
# iteration   196: delta_max = 1.35843337e-02: time = 2.19788190e-02
# iteration   197: delta_max = 1.35161595e-02: time = 1.26146620e-02
# iteration   198: delta_max = 1.35020461e-02: time = 1.24550760e-02
# iteration   199: delta_max = 1.34984030e-02: time = 1.55273030e-02
# iteration   200: delta_max = 1.34983903e-02: time = 1.04386510e-02
# iteration   201: delta_max = 1.33241182e-02: time = 1.05205200e-02
# iteration   202: delta_max = 1.32796853e-02: time = 1.03558600e-02
# iteration   203: delta_max = 1.29742153e-02: time = 1.45650570e-02
# iteration   204: delta_max = 1.29742152e-02: time = 1.49954900e-02
# iteration   205: delta_max = 1.23849042e-02: time = 1.18552360e-02
# iteration   206: delta_max = 1.23841409e-02: time = 1.19191590e-02
# iteration   207: delta_max = 1.17627056e-02: time = 1.45218620e-02
# iteration   208: delta_max = 1.17626992e-02: time = 1.51382450e-02
# iteration   209: delta_max = 1.15172084e-02: time = 2.22373750e-02
# iteration   210: delta_max = 1.14063421e-02: time = 2.19850510e-02
# iteration   211: delta_max = 1.14062582e-02: time = 2.19032790e-02
# iteration   212: delta_max = 1.13758456e-02: time = 2.18505959e-02
# iteration   213: delta_max = 1.11265919e-02: time = 2.19178930e-02
# iteration   214: delta_max = 1.09862880e-02: time = 1.47758350e-02
# iteration   215: delta_max = 1.09371242e-02: time = 9.45900701e-03
# iteration   216: delta_max = 1.06737463e-02: time = 2.24648920e-02
# iteration   217: delta_max = 1.06737458e-02: time = 2.24448330e-02
# iteration   218: delta_max = 1.05595864e-02: time = 2.20071010e-02
# iteration   219: delta_max = 1.05470141e-02: time = 2.21152940e-02
# iteration   220: delta_max = 1.03097418e-02: time = 1.48060650e-02
# iteration   221: delta_max = 1.02945979e-02: time = 1.47312660e-02
# iteration   222: delta_max = 1.02070488e-02: time = 2.20783210e-02
# iteration   223: delta_max = 9.98785280e-03: time = 1.48578620e-02
# iteration   224: delta_max = 9.97631973e-03: time = 1.47073770e-02
# iteration   225: delta_max = 9.95324555e-03: time = 1.14807520e-02
# iteration   226: delta_max = 9.87142215e-03: time = 1.27678830e-02
# iteration   227: delta_max = 9.82963048e-03: time = 1.26858350e-02
# iteration   228: delta_max = 9.62027218e-03: time = 1.51580810e-02
# iteration   229: delta_max = 9.44261575e-03: time = 1.46444590e-02
# iteration   230: delta_max = 9.23341201e-03: time = 1.19904590e-02
# iteration   231: delta_max = 9.23039992e-03: time = 1.19457040e-02
# iteration   232: delta_max = 8.96470098e-03: time = 1.28371320e-02
# iteration   233: delta_max = 8.96293701e-03: time = 1.27354950e-02
# iteration   234: delta_max = 8.86660368e-03: time = 9.55502701e-03
# iteration   235: delta_max = 8.78799590e-03: time = 2.21605960e-02
# iteration   236: delta_max = 8.76544111e-03: time = 9.68847302e-03
# iteration   237: delta_max = 8.62463141e-03: time = 1.50752470e-02
# iteration   238: delta_max = 8.59443406e-03: time = 1.46669880e-02
# iteration   239: delta_max = 8.51365414e-03: time = 1.47449220e-02
# iteration   240: delta_max = 8.51365410e-03: time = 1.50925560e-02
# iteration   241: delta_max = 8.38388560e-03: time = 1.18959850e-02
# iteration   242: delta_max = 8.23492882e-03: time = 9.42054199e-03
# iteration   243: delta_max = 8.12881685e-03: time = 9.41157801e-03
# iteration   244: delta_max = 8.11035459e-03: time = 1.21896960e-02
# iteration   245: delta_max = 8.10855842e-03: time = 1.23422520e-02
# iteration   246: delta_max = 8.04057202e-03: time = 1.21596730e-02
# iteration   247: delta_max = 8.03675903e-03: time = 1.21757640e-02
# iteration   248: delta_max = 8.02546386e-03: time = 1.19628810e-02
# iteration   249: delta_max = 7.99207080e-03: time = 1.52170530e-02
# iteration   250: delta_max = 7.50748159e-03: time = 2.37271590e-02
# iteration   251: delta_max = 7.47017211e-03: time = 1.60204510e-02
# iteration   252: delta_max = 7.44520689e-03: time = 1.57310680e-02
# iteration   253: delta_max = 7.44478433e-03: time = 1.55403310e-02
# iteration   254: delta_max = 7.44076603e-03: time = 1.59274240e-02
# iteration   255: delta_max = 7.43681745e-03: time = 1.47580190e-02
# iteration   256: delta_max = 7.27836849e-03: time = 1.57558640e-02
# iteration   257: delta_max = 7.24485571e-03: time = 1.55750960e-02
# iteration   258: delta_max = 7.05493811e-03: time = 2.23832020e-02
# iteration   259: delta_max = 7.03731788e-03: time = 2.23621620e-02
# iteration   260: delta_max = 6.95334998e-03: time = 1.20154130e-02
# iteration   261: delta_max = 6.95015190e-03: time = 1.21863710e-02
# iteration   262: delta_max = 6.91928118e-03: time = 1.20563860e-02
# iteration   263: delta_max = 6.90802464e-03: time = 1.22442980e-02
# iteration   264: delta_max = 6.85370182e-03: time = 1.18580210e-02
# iteration   265: delta_max = 6.66488521e-03: time = 1.21583190e-02
# iteration   266: delta_max = 6.66472611e-03: time = 1.21424320e-02
# iteration   267: delta_max = 6.62151631e-03: time = 1.22750950e-02
# iteration   268: delta_max = 6.40451783e-03: time = 1.69755000e-02
# iteration   269: delta_max = 6.27571884e-03: time = 1.26005010e-02
# iteration   270: delta_max = 6.26892952e-03: time = 1.21590600e-02
# iteration   271: delta_max = 6.15254884e-03: time = 1.58306870e-02
# iteration   272: delta_max = 6.14237999e-03: time = 2.24676320e-02
# iteration   273: delta_max = 6.13899162e-03: time = 2.25759930e-02
# iteration   274: delta_max = 6.12874191e-03: time = 2.23990870e-02
# iteration   275: delta_max = 6.12062257e-03: time = 2.24473330e-02
# iteration   276: delta_max = 6.07075054e-03: time = 1.60236130e-02
# iteration   277: delta_max = 5.76528535e-03: time = 1.32724640e-02
# iteration   278: delta_max = 5.76487658e-03: time = 1.31833930e-02
# iteration   279: delta_max = 5.71013057e-03: time = 1.24506550e-02
# iteration   280: delta_max = 5.69954493e-03: time = 1.32354930e-02
# iteration   281: delta_max = 5.69936893e-03: time = 1.32533100e-02
# iteration   282: delta_max = 5.66418681e-03: time = 1.84026590e-02
# iteration   283: delta_max = 5.57258701e-03: time = 1.79079960e-02
# iteration   284: delta_max = 5.36390551e-03: time = 1.87886020e-02
# iteration   285: delta_max = 5.35825938e-03: time = 1.27581610e-02
# iteration   286: delta_max = 5.25557576e-03: time = 1.25848830e-02
# iteration   287: delta_max = 5.25555957e-03: time = 1.25222990e-02
# iteration   288: delta_max = 5.19697057e-03: time = 1.72957880e-02
# iteration   289: delta_max = 5.15806877e-03: time = 2.30758200e-02
# iteration   290: delta_max = 5.08465773e-03: time = 2.29946180e-02
# iteration   291: delta_max = 5.01301653e-03: time = 1.52610870e-02
# iteration   292: delta_max = 5.01080994e-03: time = 1.52770360e-02
# iteration   293: delta_max = 4.92407924e-03: time = 1.34952160e-02
# iteration   294: delta_max = 4.91324440e-03: time = 1.44373610e-02
# iteration   295: delta_max = 4.81295088e-03: time = 1.21081860e-02
# iteration   296: delta_max = 4.81294851e-03: time = 1.26409820e-02
# iteration   297: delta_max = 4.74761336e-03: time = 1.51403520e-02
# iteration   298: delta_max = 4.71514886e-03: time = 1.63055580e-02
# iteration   299: delta_max = 4.67715890e-03: time = 1.52826710e-02
# iteration   300: delta_max = 4.63331149e-03: time = 1.62410420e-02
# iteration   301: delta_max = 4.63293846e-03: time = 1.63904290e-02
# iteration   302: delta_max = 4.61865670e-03: time = 1.64052240e-02
# iteration   303: delta_max = 4.60979426e-03: time = 1.63097210e-02
# iteration   304: delta_max = 4.59370286e-03: time = 1.43412100e-02
# iteration   305: delta_max = 4.58955277e-03: time = 1.81718080e-02
# iteration   306: delta_max = 4.52315715e-03: time = 2.33132760e-02
# iteration   307: delta_max = 4.50670545e-03: time = 1.56134020e-02
# iteration   308: delta_max = 4.50669935e-03: time = 1.53340240e-02
# iteration   309: delta_max = 4.48300431e-03: time = 1.26663710e-02
# iteration   310: delta_max = 4.46561695e-03: time = 1.65174790e-02
# iteration   311: delta_max = 4.46467374e-03: time = 1.28347500e-02
# iteration   312: delta_max = 4.33169767e-03: time = 1.35561380e-02
# iteration   313: delta_max = 4.27049464e-03: time = 1.34460570e-02
# iteration   314: delta_max = 4.03853160e-03: time = 1.34393550e-02
# iteration   315: delta_max = 3.95695960e-03: time = 1.34901900e-02
# iteration   316: delta_max = 3.91071509e-03: time = 1.61724310e-02
# iteration   317: delta_max = 3.89812976e-03: time = 2.30853740e-02
# iteration   318: delta_max = 3.89771744e-03: time = 1.63909880e-02
# iteration   319: delta_max = 3.81509215e-03: time = 2.27769390e-02
# iteration   320: delta_max = 3.67111277e-03: time = 1.63502850e-02
# iteration   321: delta_max = 3.65418184e-03: time = 1.35838170e-02
# iteration   322: delta_max = 3.64828246e-03: time = 1.28563490e-02
# iteration   323: delta_max = 3.64730164e-03: time = 1.27629550e-02
# iteration   324: delta_max = 3.58341116e-03: time = 1.64267430e-02
# iteration   325: delta_max = 3.49011227e-03: time = 1.56677870e-02
# iteration   326: delta_max = 3.37610658e-03: time = 1.79204090e-02
# iteration   327: delta_max = 3.36352606e-03: time = 1.30303280e-02
# iteration   328: delta_max = 3.36328482e-03: time = 1.31245450e-02
# iteration   329: delta_max = 3.36048154e-03: time = 1.66104530e-02
# iteration   330: delta_max = 3.32992799e-03: time = 1.36829720e-02
# iteration   331: delta_max = 3.31647978e-03: time = 1.28522420e-02
# iteration   332: delta_max = 3.30235940e-03: time = 1.28193950e-02
# iteration   333: delta_max = 3.22704319e-03: time = 1.66338410e-02
# iteration   334: delta_max = 3.21761041e-03: time = 1.16932970e-02
# iteration   335: delta_max = 3.18985402e-03: time = 1.69714290e-02
# iteration   336: delta_max = 3.18915449e-03: time = 2.78662800e-02
# iteration   337: delta_max = 3.12703363e-03: time = 8.77225900e-03
# iteration   338: delta_max = 3.01597319e-03: time = 1.36948950e-02
# iteration   339: delta_max = 3.01597318e-03: time = 1.36475170e-02
# iteration   340: delta_max = 3.00366224e-03: time = 2.29608850e-02
# iteration   341: delta_max = 2.97805421e-03: time = 1.30183480e-02
# iteration   342: delta_max = 2.97672943e-03: time = 1.28467330e-02
# iteration   343: delta_max = 2.94255153e-03: time = 1.29084400e-02
# iteration   344: delta_max = 2.94250632e-03: time = 1.30196620e-02
# iteration   345: delta_max = 2.92155463e-03: time = 1.35322430e-02
# iteration   346: delta_max = 2.91541762e-03: time = 1.59110420e-02
# iteration   347: delta_max = 2.88694067e-03: time = 1.35684230e-02
# iteration   348: delta_max = 2.87341892e-03: time = 2.05349850e-02
# iteration   349: delta_max = 2.76585460e-03: time = 1.56653730e-02
# iteration   350: delta_max = 2.76554049e-03: time = 1.54932610e-02
# iteration   351: delta_max = 2.76501886e-03: time = 1.36718710e-02
# iteration   352: delta_max = 2.71820946e-03: time = 1.30354790e-02
# iteration   353: delta_max = 2.69780430e-03: time = 1.68907230e-02
# iteration   354: delta_max = 2.69773993e-03: time = 1.67419889e-02
# iteration   355: delta_max = 2.68899866e-03: time = 1.37678550e-02
# iteration   356: delta_max = 2.66166410e-03: time = 1.58233850e-02
# iteration   357: delta_max = 2.65711833e-03: time = 1.36754090e-02
# iteration   358: delta_max = 2.65636774e-03: time = 1.57549420e-02
# iteration   359: delta_max = 2.57532155e-03: time = 1.29878580e-02
# iteration   360: delta_max = 2.57456863e-03: time = 1.31347710e-02
# iteration   361: delta_max = 2.56989675e-03: time = 1.30644390e-02
# iteration   362: delta_max = 2.56973106e-03: time = 1.30883970e-02
# iteration   363: delta_max = 2.50561985e-03: time = 1.65870120e-02
# iteration   364: delta_max = 2.47507977e-03: time = 2.58825760e-02
# iteration   365: delta_max = 2.42620616e-03: time = 1.41735170e-02
# iteration   366: delta_max = 2.42107635e-03: time = 2.31405840e-02
# iteration   367: delta_max = 2.29350894e-03: time = 2.14160270e-02
# iteration   368: delta_max = 2.21518517e-03: time = 1.07633330e-02
# iteration   369: delta_max = 2.21394250e-03: time = 1.04282740e-02
# iteration   370: delta_max = 2.21392985e-03: time = 1.04154710e-02
# iteration   371: delta_max = 2.21048339e-03: time = 1.04705620e-02
# iteration   372: delta_max = 2.20486489e-03: time = 2.35690980e-02
# iteration   373: delta_max = 2.20405368e-03: time = 1.02559980e-02
# iteration   374: delta_max = 2.20326447e-03: time = 2.32924490e-02
# iteration   375: delta_max = 2.15009937e-03: time = 1.07388570e-02
# iteration   376: delta_max = 2.10099728e-03: time = 1.31841600e-02
# iteration   377: delta_max = 2.07104930e-03: time = 1.32347320e-02
# iteration   378: delta_max = 2.04818199e-03: time = 8.73138598e-03
# iteration   379: delta_max = 2.04029362e-03: time = 1.39308440e-02
# iteration   380: delta_max = 2.02650154e-03: time = 1.42037100e-02
# iteration   381: delta_max = 1.98749831e-03: time = 1.19789330e-02
# iteration   382: delta_max = 1.98379013e-03: time = 1.19274930e-02
# iteration   383: delta_max = 1.90076394e-03: time = 1.19041190e-02
# iteration   384: delta_max = 1.89223211e-03: time = 1.17917760e-02
# iteration   385: delta_max = 1.77926610e-03: time = 2.33916010e-02
# iteration   386: delta_max = 1.77926585e-03: time = 2.34926780e-02
# iteration   387: delta_max = 1.75961552e-03: time = 1.35095990e-02
# iteration   388: delta_max = 1.74926045e-03: time = 1.34142759e-02
# iteration   389: delta_max = 1.68830402e-03: time = 8.80714803e-03
# iteration   390: delta_max = 1.65310632e-03: time = 2.33160860e-02
# iteration   391: delta_max = 1.64917476e-03: time = 1.34280340e-02
# iteration   392: delta_max = 1.64850785e-03: time = 1.32946510e-02
# iteration   393: delta_max = 1.61406659e-03: time = 1.34055630e-02
# iteration   394: delta_max = 1.54203634e-03: time = 1.05940480e-02
# iteration   395: delta_max = 1.54173032e-03: time = 1.07294730e-02
# iteration   396: delta_max = 1.54124988e-03: time = 1.33467891e-02
# iteration   397: delta_max = 1.53257480e-03: time = 1.33429570e-02
# iteration   398: delta_max = 1.51822592e-03: time = 1.71578450e-02
# iteration   399: delta_max = 1.51799143e-03: time = 1.70478860e-02
# iteration   400: delta_max = 1.51758294e-03: time = 1.09992370e-02
# iteration   401: delta_max = 1.51478822e-03: time = 1.08267330e-02
# iteration   402: delta_max = 1.46444574e-03: time = 1.33725260e-02
# iteration   403: delta_max = 1.46233884e-03: time = 1.33560480e-02
# iteration   404: delta_max = 1.38177427e-03: time = 1.33684820e-02
# iteration   405: delta_max = 1.38090648e-03: time = 7.49717100e-03
# iteration   406: delta_max = 1.37298537e-03: time = 1.42330680e-02
# iteration   407: delta_max = 1.37217580e-03: time = 1.41674570e-02
# iteration   408: delta_max = 1.22408531e-03: time = 2.34576470e-02
# iteration   409: delta_max = 1.17974108e-03: time = 1.11316910e-02
# iteration   410: delta_max = 1.17913212e-03: time = 1.09377670e-02
# iteration   411: delta_max = 1.12142292e-03: time = 1.42141330e-02
# iteration   412: delta_max = 1.12141349e-03: time = 1.41287670e-02
# iteration   413: delta_max = 1.09115822e-03: time = 1.34971650e-02
# iteration   414: delta_max = 1.08309962e-03: time = 1.35375310e-02
# iteration   415: delta_max = 1.07926653e-03: time = 1.62315670e-02
# iteration   416: delta_max = 1.07857787e-03: time = 1.75717720e-02
# iteration   417: delta_max = 1.01403214e-03: time = 1.93704430e-02
# iteration   418: delta_max = 9.95215125e-04: time = 1.37644830e-02
# iteration   419: delta_max = 9.84929951e-04: time = 1.74728800e-02
# iteration   420: delta_max = 9.81290319e-04: time = 1.73508770e-02
# iteration   421: delta_max = 9.76777760e-04: time = 1.76291200e-02
# iteration   422: delta_max = 9.66404864e-04: time = 1.38122630e-02
# iteration   423: delta_max = 9.27148466e-04: time = 1.39191300e-02
# iteration   424: delta_max = 9.23162617e-04: time = 1.69878680e-02
# iteration   425: delta_max = 9.23027273e-04: time = 1.63623900e-02
# iteration   426: delta_max = 8.82565566e-04: time = 1.74460010e-02
# iteration   427: delta_max = 8.81935846e-04: time = 1.71005780e-02
# iteration   428: delta_max = 8.75167394e-04: time = 1.73120250e-02
# iteration   429: delta_max = 8.53229706e-04: time = 1.72527680e-02
# iteration   430: delta_max = 8.53127205e-04: time = 1.72352450e-02
# iteration   431: delta_max = 8.02142710e-04: time = 1.72531410e-02
# iteration   432: delta_max = 7.96425181e-04: time = 1.71646140e-02
# iteration   433: delta_max = 7.71835783e-04: time = 1.26715580e-02
# iteration   434: delta_max = 7.61193405e-04: time = 2.40675900e-02
# iteration   435: delta_max = 7.61192564e-04: time = 2.43533990e-02
# iteration   436: delta_max = 7.48503896e-04: time = 1.13028440e-02
# iteration   437: delta_max = 7.46980052e-04: time = 1.12779110e-02
# iteration   438: delta_max = 7.38536696e-04: time = 2.38083420e-02
# iteration   439: delta_max = 7.38536667e-04: time = 2.39607490e-02
# iteration   440: delta_max = 7.18864848e-04: time = 1.38509460e-02
# iteration   441: delta_max = 6.74131325e-04: time = 2.37479220e-02
# iteration   442: delta_max = 6.50282727e-04: time = 1.45260710e-02
# iteration   443: delta_max = 6.49747198e-04: time = 1.45372350e-02
# iteration   444: delta_max = 6.34817582e-04: time = 1.13114250e-02
# iteration   445: delta_max = 6.30468097e-04: time = 1.11782910e-02
# iteration   446: delta_max = 6.21353264e-04: time = 2.38036920e-02
# iteration   447: delta_max = 6.19808530e-04: time = 1.82865790e-02
# iteration   448: delta_max = 6.19276623e-04: time = 2.39543520e-02
# iteration   449: delta_max = 6.08679087e-04: time = 1.45660840e-02
# iteration   450: delta_max = 6.08672315e-04: time = 1.45015350e-02
# iteration   451: delta_max = 5.95558417e-04: time = 1.65156630e-02
# iteration   452: delta_max = 5.89023292e-04: time = 1.74530190e-02
# iteration   453: delta_max = 5.85571521e-04: time = 2.39324140e-02
# iteration   454: delta_max = 5.80492451e-04: time = 1.64988870e-02
# iteration   455: delta_max = 5.76218320e-04: time = 1.14154450e-02
# iteration   456: delta_max = 5.57570068e-04: time = 2.42463710e-02
# iteration   457: delta_max = 5.57559992e-04: time = 2.43238190e-02
# iteration   458: delta_max = 5.57148827e-04: time = 2.40145141e-02
# iteration   459: delta_max = 5.56191757e-04: time = 1.37941280e-02
# iteration   460: delta_max = 5.55582173e-04: time = 1.34379350e-02
# iteration   461: delta_max = 5.48451538e-04: time = 1.66318250e-02
# iteration   462: delta_max = 5.39929337e-04: time = 2.39372720e-02
# iteration   463: delta_max = 5.38788055e-04: time = 2.43848290e-02
# iteration   464: delta_max = 5.17572572e-04: time = 1.68907720e-02
# iteration   465: delta_max = 5.06424528e-04: time = 1.38021220e-02
# iteration   466: delta_max = 5.06424375e-04: time = 1.39067900e-02
# iteration   467: delta_max = 4.93199843e-04: time = 1.40375900e-02
# iteration   468: delta_max = 4.91117562e-04: time = 1.39640340e-02
# iteration   469: delta_max = 4.91111788e-04: time = 1.45847690e-02
# iteration   470: delta_max = 4.91059503e-04: time = 1.46238920e-02
# iteration   471: delta_max = 4.61030388e-04: time = 1.45679850e-02
# iteration   472: delta_max = 4.42808971e-04: time = 1.36825989e-02
# iteration   473: delta_max = 4.42313676e-04: time = 1.38302440e-02
# iteration   474: delta_max = 4.32053613e-04: time = 1.90946490e-02
# iteration   475: delta_max = 4.18660702e-04: time = 1.73382000e-02
# iteration   476: delta_max = 3.93099249e-04: time = 1.77622360e-02
# iteration   477: delta_max = 3.93088407e-04: time = 1.77873810e-02
# iteration   478: delta_max = 3.80499500e-04: time = 1.76450300e-02
# iteration   479: delta_max = 3.74382093e-04: time = 1.39975511e-02
# iteration   480: delta_max = 3.69567717e-04: time = 1.38146910e-02
# iteration   481: delta_max = 3.64576280e-04: time = 2.40597720e-02
# iteration   482: delta_max = 3.63461267e-04: time = 1.67686980e-02
# iteration   483: delta_max = 3.60142573e-04: time = 2.42352510e-02
# iteration   484: delta_max = 3.59677816e-04: time = 1.69413920e-02
# iteration   485: delta_max = 3.50273878e-04: time = 1.66790920e-02
# iteration   486: delta_max = 3.47489552e-04: time = 1.78214240e-02
# iteration   487: delta_max = 3.35310033e-04: time = 2.43153130e-02
# iteration   488: delta_max = 3.35059961e-04: time = 2.41803770e-02
# iteration   489: delta_max = 3.28899721e-04: time = 2.42260960e-02
# iteration   490: delta_max = 3.22846295e-04: time = 2.42074850e-02
# iteration   491: delta_max = 2.89668949e-04: time = 1.70293010e-02
# iteration   492: delta_max = 2.63566570e-04: time = 1.69372770e-02
# iteration   493: delta_max = 2.63495850e-04: time = 1.68642720e-02
# iteration   494: delta_max = 2.31733175e-04: time = 1.77400570e-02
# iteration   495: delta_max = 2.30964037e-04: time = 1.37890890e-02
# iteration   496: delta_max = 2.30283990e-04: time = 1.40568080e-02
# iteration   497: delta_max = 2.29968870e-04: time = 1.77829400e-02
# iteration   498: delta_max = 2.07362013e-04: time = 1.42838340e-02
# iteration   499: delta_max = 2.07361244e-04: time = 1.41491310e-02
# iteration   500: delta_max = 2.02025386e-04: time = 1.46808430e-02
# iteration   501: delta_max = 2.00229245e-04: time = 1.38301140e-02
# iteration   502: delta_max = 1.83164474e-04: time = 2.57797140e-02
# iteration   503: delta_max = 1.76550701e-04: time = 1.51229460e-02
# iteration   504: delta_max = 1.75395448e-04: time = 1.70096600e-02
# iteration   505: delta_max = 1.73963438e-04: time = 1.70549000e-02
# iteration   506: delta_max = 1.72319659e-04: time = 1.69736890e-02
# iteration   507: delta_max = 1.55909480e-04: time = 1.50287480e-02
# iteration   508: delta_max = 1.55359663e-04: time = 1.44024250e-02
# iteration   509: delta_max = 1.55209088e-04: time = 1.39749250e-02
# iteration   510: delta_max = 1.54552500e-04: time = 9.73288302e-03
# iteration   511: delta_max = 1.54230634e-04: time = 9.60835401e-03
# iteration   512: delta_max = 1.42768931e-04: time = 1.44313790e-02
# iteration   513: delta_max = 1.40084752e-04: time = 2.46985210e-02
# iteration   514: delta_max = 1.40080039e-04: time = 2.44138030e-02
# iteration   515: delta_max = 1.37453240e-04: time = 2.43892380e-02
# iteration   516: delta_max = 1.37259328e-04: time = 2.44973100e-02
# iteration   517: delta_max = 1.26400711e-04: time = 2.45246360e-02
# iteration   518: delta_max = 1.23363475e-04: time = 1.80707800e-02
# iteration   519: delta_max = 1.22804019e-04: time = 2.44333630e-02
# iteration   520: delta_max = 1.19074466e-04: time = 1.71258480e-02
# iteration   521: delta_max = 1.18892818e-04: time = 9.92760999e-03
# iteration   522: delta_max = 1.18672303e-04: time = 1.80209560e-02
# iteration   523: delta_max = 1.17369326e-04: time = 9.77049698e-03
# iteration   524: delta_max = 1.17302731e-04: time = 1.45637790e-02
# iteration   525: delta_max = 1.16417240e-04: time = 1.81759230e-02
# iteration   526: delta_max = 1.14434497e-04: time = 2.47565230e-02
# iteration   527: delta_max = 1.14380976e-04: time = 2.44790840e-02
# iteration   528: delta_max = 1.07604405e-04: time = 1.70265720e-02
# iteration   529: delta_max = 1.01880022e-04: time = 1.54240110e-02
# iteration   530: delta_max = 1.01602354e-04: time = 1.53003800e-02
# iteration   531: delta_max = 9.84654661e-05: time = 1.83197000e-02
# iteration   532: delta_max = 9.71345022e-05: time = 2.76497640e-02
# iteration   533: delta_max = 9.69232340e-05: time = 1.82395400e-02
# iteration   534: delta_max = 9.62912673e-05: time = 1.42939690e-02
# iteration   535: delta_max = 9.38401218e-05: time = 1.54579630e-02
# iteration   536: delta_max = 9.22607869e-05: time = 1.81106760e-02
# iteration   537: delta_max = 9.20390842e-05: time = 2.60097220e-02
# iteration   538: delta_max = 9.04813902e-05: time = 2.01179440e-02
# iteration   539: delta_max = 9.03866839e-05: time = 1.88724290e-02
# iteration   540: delta_max = 8.81629955e-05: time = 1.82384940e-02
# iteration   541: delta_max = 8.80622076e-05: time = 1.82179710e-02
# iteration   542: delta_max = 8.52060413e-05: time = 1.81911880e-02
# iteration   543: delta_max = 8.48485301e-05: time = 1.81621050e-02
# iteration   544: delta_max = 8.23754112e-05: time = 2.70184120e-02
# iteration   545: delta_max = 8.22536392e-05: time = 2.46368680e-02
# iteration   546: delta_max = 7.89555157e-05: time = 1.82726940e-02
# iteration   547: delta_max = 7.87342953e-05: time = 1.82905710e-02
# iteration   548: delta_max = 7.84662046e-05: time = 2.46329210e-02
# iteration   549: delta_max = 7.81855885e-05: time = 2.54501800e-02
# iteration   550: delta_max = 7.55942718e-05: time = 1.82523650e-02
# iteration   551: delta_max = 7.54980659e-05: time = 1.49279210e-02
# iteration   552: delta_max = 7.00102221e-05: time = 1.86631940e-02
# iteration   553: delta_max = 6.90236409e-05: time = 1.83048320e-02
# iteration   554: delta_max = 6.65871629e-05: time = 1.22844820e-02
# iteration   555: delta_max = 6.47710928e-05: time = 1.82229570e-02
# iteration   556: delta_max = 6.27003328e-05: time = 1.82711740e-02
# iteration   557: delta_max = 6.24506171e-05: time = 1.83302940e-02
# iteration   558: delta_max = 6.22387094e-05: time = 1.44897140e-02
# iteration   559: delta_max = 6.11713503e-05: time = 1.82643180e-02
# iteration   560: delta_max = 6.06254500e-05: time = 1.83367990e-02
# iteration   561: delta_max = 6.01068886e-05: time = 1.82271360e-02
# iteration   562: delta_max = 5.89879004e-05: time = 1.84140370e-02
# iteration   563: delta_max = 5.82872059e-05: time = 1.83625180e-02
# iteration   564: delta_max = 5.63748294e-05: time = 2.48255650e-02
# iteration   565: delta_max = 5.57941789e-05: time = 1.85495490e-02
# iteration   566: delta_max = 5.46454187e-05: time = 1.55285130e-02
# iteration   567: delta_max = 5.45632076e-05: time = 1.54886930e-02
# iteration   568: delta_max = 5.42383631e-05: time = 2.48591510e-02
# iteration   569: delta_max = 5.42383629e-05: time = 2.50300180e-02
# iteration   570: delta_max = 5.28047631e-05: time = 1.85020840e-02
# iteration   571: delta_max = 4.99671331e-05: time = 2.47520530e-02
# iteration   572: delta_max = 4.91124606e-05: time = 1.85154760e-02
# iteration   573: delta_max = 4.90219239e-05: time = 1.84860850e-02
# iteration   574: delta_max = 4.87602805e-05: time = 1.88747890e-02
# iteration   575: delta_max = 4.84744468e-05: time = 1.87771660e-02
# iteration   576: delta_max = 4.80383188e-05: time = 2.48246520e-02
# iteration   577: delta_max = 4.63002133e-05: time = 1.86162890e-02
# iteration   578: delta_max = 4.62597352e-05: time = 1.85236900e-02
# iteration   579: delta_max = 4.48200750e-05: time = 1.04594470e-02
# iteration   580: delta_max = 4.38901824e-05: time = 2.50254170e-02
# iteration   581: delta_max = 4.26931595e-05: time = 1.45963110e-02
# iteration   582: delta_max = 4.26432850e-05: time = 1.49873090e-02
# iteration   583: delta_max = 4.25746429e-05: time = 1.47845300e-02
# iteration   584: delta_max = 4.24477476e-05: time = 1.44988080e-02
# iteration   585: delta_max = 4.19648063e-05: time = 2.50287250e-02
# iteration   586: delta_max = 4.18997765e-05: time = 1.49908240e-02
# iteration   587: delta_max = 4.16334974e-05: time = 2.50228790e-02
# iteration   588: delta_max = 4.15847078e-05: time = 1.86017730e-02
# iteration   589: delta_max = 4.13682019e-05: time = 1.85835030e-02
# iteration   590: delta_max = 4.13345347e-05: time = 1.46754800e-02
# iteration   591: delta_max = 4.13315988e-05: time = 1.43665040e-02
# iteration   592: delta_max = 3.92545310e-05: time = 1.74824500e-02
# iteration   593: delta_max = 3.90923872e-05: time = 1.85408230e-02
# iteration   594: delta_max = 3.84605440e-05: time = 1.88984930e-02
# iteration   595: delta_max = 3.79814669e-05: time = 1.85047030e-02
# iteration   596: delta_max = 3.79805647e-05: time = 1.77577620e-02
# iteration   597: delta_max = 3.79325923e-05: time = 1.87558440e-02
# iteration   598: delta_max = 3.71652062e-05: time = 1.87686741e-02
# iteration   599: delta_max = 3.70681254e-05: time = 1.86709460e-02
# iteration   600: delta_max = 3.67569834e-05: time = 1.87656070e-02
# iteration   601: delta_max = 3.67186965e-05: time = 1.87677040e-02
# iteration   602: delta_max = 3.66581729e-05: time = 1.86953600e-02
# iteration   603: delta_max = 3.59265233e-05: time = 1.77159570e-02
# iteration   604: delta_max = 3.52824719e-05: time = 1.88479960e-02
# iteration   605: delta_max = 3.52264258e-05: time = 1.87584940e-02
# iteration   606: delta_max = 3.52209296e-05: time = 1.87014330e-02
# iteration   607: delta_max = 3.29688671e-05: time = 1.88072440e-02
# iteration   608: delta_max = 3.08890024e-05: time = 1.73113590e-02
# iteration   609: delta_max = 3.08620675e-05: time = 1.25800720e-02
# iteration   610: delta_max = 3.05273799e-05: time = 1.89055880e-02
# iteration   611: delta_max = 3.01573935e-05: time = 1.60221630e-02
# iteration   612: delta_max = 2.99593431e-05: time = 1.58025700e-02
# iteration   613: delta_max = 2.97874702e-05: time = 2.64050059e-02
# iteration   614: delta_max = 2.94690796e-05: time = 1.80669040e-02
# iteration   615: delta_max = 2.79919767e-05: time = 1.88009220e-02
# iteration   616: delta_max = 2.75358255e-05: time = 1.87702790e-02
# iteration   617: delta_max = 2.72367741e-05: time = 2.51722850e-02
# iteration   618: delta_max = 2.66566649e-05: time = 1.05654410e-02
# iteration   619: delta_max = 2.64737525e-05: time = 1.88483500e-02
# iteration   620: delta_max = 2.63757392e-05: time = 1.89017400e-02
# iteration   621: delta_max = 2.59044814e-05: time = 1.24652390e-02
# iteration   622: delta_max = 2.58706526e-05: time = 1.24745680e-02
# iteration   623: delta_max = 2.53042401e-05: time = 3.66019990e-02
# iteration   624: delta_max = 2.39981005e-05: time = 1.26256610e-02
# iteration   625: delta_max = 2.39765423e-05: time = 1.27656150e-02
# iteration   626: delta_max = 2.33318347e-05: time = 1.90671570e-02
# iteration   627: delta_max = 2.28686197e-05: time = 1.87806080e-02
# iteration   628: delta_max = 2.24628806e-05: time = 1.88851910e-02
# iteration   629: delta_max = 2.17279076e-05: time = 2.52932210e-02
# iteration   630: delta_max = 2.02910276e-05: time = 1.81822550e-02
# iteration   631: delta_max = 1.98052024e-05: time = 1.89306620e-02
# iteration   632: delta_max = 1.98037979e-05: time = 1.80670120e-02
# iteration   633: delta_max = 1.96159152e-05: time = 1.61005900e-02
# iteration   634: delta_max = 1.95339258e-05: time = 1.60385550e-02
# iteration   635: delta_max = 1.82809913e-05: time = 1.89604870e-02
# iteration   636: delta_max = 1.77802767e-05: time = 1.90773800e-02
# iteration   637: delta_max = 1.74985723e-05: time = 1.90928880e-02
# iteration   638: delta_max = 1.71806122e-05: time = 1.89132540e-02
# iteration   639: delta_max = 1.70520056e-05: time = 1.89401450e-02
# iteration   640: delta_max = 1.70414026e-05: time = 1.89589490e-02
# iteration   641: delta_max = 1.68262444e-05: time = 1.71180860e-02
# iteration   642: delta_max = 1.67152799e-05: time = 1.28841360e-02
# iteration   643: delta_max = 1.59790130e-05: time = 2.10345490e-02
# iteration   644: delta_max = 1.57675785e-05: time = 1.12496920e-02
# iteration   645: delta_max = 1.57279259e-05: time = 1.91859880e-02
# iteration   646: delta_max = 1.54120801e-05: time = 1.46603430e-02
# iteration   647: delta_max = 1.52326219e-05: time = 1.09148270e-02
# iteration   648: delta_max = 1.49684234e-05: time = 1.53389550e-02
# iteration   649: delta_max = 1.46433497e-05: time = 2.57658350e-02
# iteration   650: delta_max = 1.43120660e-05: time = 1.92046680e-02
# iteration   651: delta_max = 1.42852612e-05: time = 2.55696360e-02
# iteration   652: delta_max = 1.39211198e-05: time = 1.48739140e-02
# iteration   653: delta_max = 1.35248778e-05: time = 1.91729550e-02
# iteration   654: delta_max = 1.34685445e-05: time = 1.92025700e-02
# iteration   655: delta_max = 1.34017396e-05: time = 1.92349230e-02
# iteration   656: delta_max = 1.33880168e-05: time = 1.56160320e-02
# iteration   657: delta_max = 1.28537820e-05: time = 1.33011690e-02
# iteration   658: delta_max = 1.24834224e-05: time = 1.92028720e-02
# iteration   659: delta_max = 1.24507591e-05: time = 1.90659090e-02
# iteration   660: delta_max = 1.24499095e-05: time = 1.91756450e-02
# iteration   661: delta_max = 1.24396449e-05: time = 1.91435800e-02
# iteration   662: delta_max = 1.21427163e-05: time = 1.91661160e-02
# iteration   663: delta_max = 1.18847911e-05: time = 1.92082510e-02
# iteration   664: delta_max = 1.17802509e-05: time = 1.92902010e-02
# iteration   665: delta_max = 1.17422666e-05: time = 1.91361600e-02
# iteration   666: delta_max = 1.16410907e-05: time = 1.93798850e-02
# iteration   667: delta_max = 1.14335618e-05: time = 3.14049910e-02
# iteration   668: delta_max = 1.12304505e-05: time = 1.98653810e-02
# iteration   669: delta_max = 1.07164878e-05: time = 1.51421250e-02
# iteration   670: delta_max = 1.06366068e-05: time = 1.51326210e-02
# iteration   671: delta_max = 1.03266736e-05: time = 1.92140680e-02
# iteration   672: delta_max = 1.02487740e-05: time = 1.31955670e-02
# iteration   673: delta_max = 1.01662521e-05: time = 1.84098970e-02
# iteration   674: delta_max = 1.01108731e-05: time = 1.83557750e-02
# iteration   675: delta_max = 9.99892846e-06: time = 1.93562930e-02
 # Orthogonalising Cholesky vectors.
 # Time to orthogonalise: 0.087545
nelec: (26, 26)
nbasis: 108
chol.shape: (675, 108, 108)

******** <class 'pyscf.cc.ccsd.CCSD'> ********
CC2 = 0
CCSD nocc = 16, nmo = 108
frozen orbitals 10
max_cycle = 50
direct = 0
conv_tol = 1e-07
conv_tol_normt = 1e-05
diis_space = 6
diis_start_cycle = 0
diis_start_energy_diff = 1e+09
max_memory 4000 MB (current use 837 MB)
    CPU time for CCSD integral transformation     27.19 sec, wall time      0.76 sec
Init t2, MP2 energy = -542.130452415109  E_corr(MP2) -1.069218158686
    CPU time for init mp2      1.25 sec, wall time      0.03 sec
Init E_corr(CCSD) = -1.06921815869945
cycle = 1  E_corr(CCSD) = -0.805994923926342  dE = 0.263223235  norm(t1,t2) = 0.229906
    CPU time for CCSD iter     51.60 sec, wall time      1.67 sec
cycle = 2  E_corr(CCSD) = -0.991560780952435  dE = -0.185565857  norm(t1,t2) = 0.166517
    CPU time for CCSD iter     51.45 sec, wall time      1.71 sec
cycle = 3  E_corr(CCSD) = -0.933950559127133  dE = 0.0576102218  norm(t1,t2) = 0.113255
    CPU time for CCSD iter     58.31 sec, wall time      1.99 sec
cycle = 4  E_corr(CCSD) = -0.932002175174173  dE = 0.00194838395  norm(t1,t2) = 0.0178779
    CPU time for CCSD iter     50.56 sec, wall time      1.56 sec
cycle = 5  E_corr(CCSD) = -0.938965340874129  dE = -0.0069631657  norm(t1,t2) = 0.0118696
    CPU time for CCSD iter     49.69 sec, wall time      1.54 sec
cycle = 6  E_corr(CCSD) = -0.939922582279988  dE = -0.000957241406  norm(t1,t2) = 0.00280056
    CPU time for CCSD iter     50.48 sec, wall time      1.74 sec
cycle = 7  E_corr(CCSD) = -0.939561706986328  dE = 0.000360875294  norm(t1,t2) = 0.00210191
    CPU time for CCSD iter     47.69 sec, wall time      1.48 sec
cycle = 8  E_corr(CCSD) = -0.939393719121187  dE = 0.000167987865  norm(t1,t2) = 0.00112003
    CPU time for CCSD iter     51.30 sec, wall time      1.59 sec
cycle = 9  E_corr(CCSD) = -0.939554189054431  dE = -0.000160469933  norm(t1,t2) = 0.000778432
    CPU time for CCSD iter     52.73 sec, wall time      1.66 sec
cycle = 10  E_corr(CCSD) = -0.939468147406153  dE = 8.60416483e-05  norm(t1,t2) = 0.000386742
    CPU time for CCSD iter     49.40 sec, wall time      1.53 sec
cycle = 11  E_corr(CCSD) = -0.939472377530337  dE = -4.23012418e-06  norm(t1,t2) = 0.000178557
    CPU time for CCSD iter     53.01 sec, wall time      1.63 sec
cycle = 12  E_corr(CCSD) = -0.939472959624009  dE = -5.82093673e-07  norm(t1,t2) = 0.000129872
    CPU time for CCSD iter     49.35 sec, wall time      1.53 sec
cycle = 13  E_corr(CCSD) = -0.939472789108986  dE = 1.70515023e-07  norm(t1,t2) = 7.04604e-05
    CPU time for CCSD iter     51.25 sec, wall time      1.76 sec
cycle = 14  E_corr(CCSD) = -0.939478408533408  dE = -5.61942442e-06  norm(t1,t2) = 3.10781e-05
    CPU time for CCSD iter     53.17 sec, wall time      1.63 sec
cycle = 15  E_corr(CCSD) = -0.939479308190925  dE = -8.99657517e-07  norm(t1,t2) = 1.42551e-05
    CPU time for CCSD iter     56.72 sec, wall time      1.74 sec
cycle = 16  E_corr(CCSD) = -0.93948017592108  dE = -8.67730155e-07  norm(t1,t2) = 8.88596e-06
    CPU time for CCSD iter     46.97 sec, wall time      1.51 sec
cycle = 17  E_corr(CCSD) = -0.93948067007016  dE = -4.9414908e-07  norm(t1,t2) = 5.96142e-06
    CPU time for CCSD iter     46.87 sec, wall time      1.69 sec
cycle = 18  E_corr(CCSD) = -0.939480433786909  dE = 2.36283251e-07  norm(t1,t2) = 2.9812e-06
    CPU time for CCSD iter     50.46 sec, wall time      1.59 sec
cycle = 19  E_corr(CCSD) = -0.939480456156455  dE = -2.23695462e-08  norm(t1,t2) = 2.12865e-06
    CPU time for CCSD iter     50.86 sec, wall time      1.57 sec
    CPU time for CCSD    971.86 sec, wall time     31.11 sec
CCSD converged
E(CCSD) = -542.0007147125797  E_corr = -0.9394804561564551
    CPU time for CCSD integral transformation     25.84 sec, wall time      0.72 sec
max_memory 2518 MB (1481 MB in use)
    CPU time for CCSD(T)     60.68 sec, wall time      1.69 sec
CCSD(T) correction = -0.0878013749838061
CCSD(T) energy -542.0885160875634
