#INFO: **** input file is /projects/anma2640/pauxy/examples/generic/paper/cu2o2/52e/0.0/cu2o2.py ****
import numpy
import math, os, time, sys
import h5py
import scipy.sparse
from pyscf import gto, scf, mcscf, fci, ao2mo, lib, tools, cc
from pauxy.systems.generic import Generic
import scipy.linalg as la
from pauxy.utils.from_pyscf import generate_integrals
from pyscf.shciscf import shci
import prepVMC


# Cu2O2^2+: bis f = 0., per f = 1.
if len(sys.argv) == 2:
    f = float(sys.argv[1])
else:
    f = 0.

# bond lengths
cu_cu = 2.8 + f * 0.8
o_o = 2.3 - f * 0.9

atomString = f'Cu {-cu_cu/2} 0. 0.; Cu {cu_cu/2} 0. 0.; O 0. {o_o/2} 0.; O 0. {-o_o/2} 0.'

mol = gto.M(atom = atomString,
    basis = {'O': gto.basis.parse('''
O    S
 105374.95                   0.459000000E-04             -0.105000000E-04            0.900000000E-05             -0.109000000E-04
  15679.240                  0.360700000E-03             -0.825000000E-04            0.705000000E-04             -0.822000000E-04
   3534.5447                 0.191980000E-02             -0.441200000E-03            0.375700000E-03             -0.467500000E-03
    987.36516                0.820670000E-02             -0.188640000E-02            0.161460000E-02             -0.184650000E-02
    315.97875                0.297257000E-01             -0.695400000E-02            0.593400000E-02             -0.755850000E-02
    111.65428                0.904558000E-01             -0.217208000E-01            0.187866000E-01             -0.210868000E-01
     42.699451               0.217405400E+00             -0.568513000E-01            0.494683000E-01             -0.667511000E-01
     17.395596               0.368765700E+00             -0.113963500E+00            0.103039900E+00             -0.109367300E+00
      7.4383090              0.337279800E+00             -0.162020100E+00            0.162058600E+00             -0.273143100E+00
      3.2228620              0.967505000E-01             -0.333800000E-01            0.936700000E-03             0.209713700E+00
      1.2538770              0.256740000E-02             0.365506800E+00             -0.822425100E+00            0.120348070E+01
       .49515500             0.137460000E-02             0.552003100E+00             -0.101790200E+00            -0.677469400E+00
       .19166500             -0.141000000E-03            0.223639300E+00             0.425393900E+00             -0.142988400E+01
       .06708300             0.683000000E-04             0.657450000E-02             0.687702800E+00             0.148910680E+01
O    P
    200.00000                0.893300000E-03            -0.838400000E-03            0.126180000E-02
     46.533367               0.736900000E-02            -0.684910000E-02            0.111628000E-01
     14.621809               0.349392000E-01            -0.328505000E-01            0.518316000E-01
      5.3130640              0.115298500E+00            -0.110006000E+00            0.197884500E+00
      2.1025250              0.258323100E+00            -0.313526300E+00            0.570765200E+00
       .85022300             0.369623100E+00            -0.319601100E+00            -0.178929100E+00
       .33759700             0.323878900E+00            0.221724300E+00             -0.898207700E+00
       .12889200             0.146798900E+00            0.562261600E+00             0.266664300E+00
       .04511200             0.336127000E-01            0.301325100E+00             0.625899400E+00
O    D
      3.7500000              0.12849340            -0.21820550
      1.3125000              0.52118840            -0.48176950
       .45937500             0.43457840             0.13575950
       .16078100             0.14574090             0.82977340
    '''),
    'Cu': gto.basis.parse('''
Cu    S
     27.6963200              0.2311320              0.0000000              0.0000000              0.0000000              0.0000000              0.0000000
     13.5053500             -0.6568110              0.0000000              0.0000000              0.0000000              0.0000000              0.0000000
      8.8153550             -0.5458750              0.0000000              0.0000000              0.0000000              0.0000000              0.0000000
      2.3808050              0.0000000              1.0000000              0.0000000              0.0000000              0.0000000              0.0000000
      0.9526160              0.0000000              0.0000000              1.0000000              0.0000000              0.0000000              0.0000000
      0.1126620              0.0000000              0.0000000              0.0000000              1.0000000              0.0000000              0.0000000
      0.0404860              0.0000000              0.0000000              0.0000000              0.0000000              1.0000000              0.0000000
      0.0100000              0.0000000              0.0000000              0.0000000              0.0000000              0.0000000              1.0000000
Cu    P
     93.5043270              0.0228290              0.0000000              0.0000000              0.0000000              0.0000000
     16.2854640             -1.0095130              0.0000000              0.0000000              0.0000000              0.0000000
      5.9942360              0.0000000              0.2464500              0.0000000              0.0000000              0.0000000
      2.5368750              0.0000000              0.7920240              0.0000000              0.0000000              0.0000000
      0.8979340              0.0000000              0.0000000              1.0000000              0.0000000              0.0000000
      0.1317290              0.0000000              0.0000000              0.0000000              1.0000000              0.0000000
      0.0308780              0.0000000              0.0000000              0.0000000              0.0000000              1.0000000
Cu    D
     41.2250060              0.0446940              0.0000000              0.0000000
     12.3432500              0.2121060              0.0000000              0.0000000
      4.2019200              0.4534230              0.0000000              0.0000000
      1.3798250              0.5334650              0.0000000              0.0000000
      0.3834530              0.0000000              1.0000000              0.0000000
      0.1000000              0.0000000              0.0000000              1.0000000
    ''')},
    ecp = {'Cu': gto.basis.parse_ecp('''
Cu nelec 10
Cu ul
2       1.000000000            0.000000000
Cu S
2      30.220000000          355.770158000
2      13.190000000           70.865357000
Cu P
2      33.130000000          233.891976000
2      13.220000000           53.947299000
Cu D
2      38.420000000          -31.272165000
2      13.260000000           -2.741104000
    ''')},
    verbose = 4, unit = 'angstrom', symmetry = 1, spin = 0, charge = 2)
mf = scf.RHF(mol)
#mf.chkfile = f'cu2o2_{f}_SHCISCF.chk'
#mf.__dict__.update(lib.chkfile.load(chkfile, 'scf'))
#mf.init_guess = '1e'
mf.level_shift = 0.1
mf.scf()
print(f'mol.nao: {mol.nao}')
print(f'mol.elec: {mol.nelec}')

norbFrozen = 0
ncore = 0
norbAct = mol.nao - ncore

mc1 = shci.SHCISCF(mf,  mol.nao - ncore, mol.nelectron - 2*ncore)
#chkfile = f'cu2o2_{f}_SHCISCF.chk'
#mc1.__dict__.update(lib.chkfile.load(chkfile, 'mcscf'))
mc1.chkfile = f'cu2o2_{f}_SHCISCF.chk'
mc1.frozen = norbFrozen
mc1.fcisolver.sweep_iter = [ 0 ]
mc1.fcisolver.sweep_epsilon = [ 1e-3 ]
mc1.fcisolver.nPTiter = 0
mc1.max_cycle_macro = 10
mc1.internal_rotation = True
mc1.fcisolver.nPTiter = 0  # Turns off PT calculation, i.e. no PTRDM.
mc1.fcisolver.mpiprefix = "mpirun -np 36"
mc1.fcisolver.scratchDirectory = "/rc_scratch/anma2640/cu2o2/"
mc1.mc1step()

energy_core = mol.energy_nuc()
moActDice = mc1.mo_coeff
h1eff = moActDice.T.dot(mf.get_hcore()).dot(moActDice)
eri = ao2mo.kernel(mol, moActDice)
tools.fcidump.from_integrals('FCIDUMP_can', h1eff, eri, mol.nao - ncore, mol.nelectron - 2*ncore, energy_core)

overlap = mf.get_ovlp(mol)
rhfCoeffs = prepVMC.basisChange(mf.mo_coeff, mc1.mo_coeff, overlap)
prepVMC.writeMat(rhfCoeffs, "rhf.txt")

h1e, chol, nelec, enuc = generate_integrals(mol, mf.get_hcore(), mc1.mo_coeff, chol_cut=1e-5, verbose=True)

# after core averaging
nbasis = h1e.shape[-1]
print(f'nelec: {nelec}')
print(f'nbasis: {nbasis}')
print(f'chol.shape: {chol.shape}')
chol = chol.reshape((-1, nbasis, nbasis))
v0 = 0.5 * numpy.einsum('nik,njk->ij', chol, chol, optimize='optimal')
h1e_mod = h1e - v0

chol = chol.reshape((chol.shape[0], -1))
prepVMC.write_dqmc(h1e, h1e_mod, chol, sum(mol.nelec), nbasis, enuc, filename='FCIDUMP_chol')

# ccsd
mycc = cc.CCSD(mf)
mycc.frozen = norbFrozen
mycc.verbose = 5
mycc.kernel()
overlap = mf.get_ovlp(mol)
rotation = (mc1.mo_coeff.T).dot(overlap.dot(mf.mo_coeff))
prepVMC.write_ccsd(mycc.t1, mycc.t2, rotation=rotation)

et = mycc.ccsd_t()
print('CCSD(T) energy', mycc.e_tot + et)
#INFO: ******************** input file end ********************


System: uname_result(system='Linux', node='bhpc-c7-u7-10.rc.int.colorado.edu', release='3.10.0-1160.15.2.el7.x86_64', version='#1 SMP Wed Feb 3 15:06:38 UTC 2021', machine='x86_64', processor='x86_64')  Threads 36
Python 3.8.3 (default, May 19 2020, 18:47:26) 
[GCC 7.3.0]
numpy 1.19.1  scipy 1.5.2
Date: Tue Feb 23 18:28:10 2021
PySCF version 1.7.4
PySCF path  /projects/anma2640/pyscf/pyscf
GIT HEAD      ref: refs/heads/master
GIT master branch  14142ec394cbdcffb8e214fba6b1d6cde9025e9a

[CONFIG] conf_file None
[INPUT] verbose = 4
[INPUT] num. atoms = 4
[INPUT] num. electrons = 52
[INPUT] charge = 2
[INPUT] spin (= nelec alpha-beta = 2S) = 0
[INPUT] symmetry 1 subgroup None
[INPUT] Mole.unit = angstrom
[INPUT]  1 Cu    -1.400000000000   0.000000000000   0.000000000000 AA   -2.645616574391   0.000000000000   0.000000000000 Bohr
[INPUT]  2 Cu     1.400000000000   0.000000000000   0.000000000000 AA    2.645616574391   0.000000000000   0.000000000000 Bohr
[INPUT]  3 O      0.000000000000   1.150000000000   0.000000000000 AA    0.000000000000   2.173185043250   0.000000000000 Bohr
[INPUT]  4 O      0.000000000000  -1.150000000000   0.000000000000 AA    0.000000000000  -2.173185043250   0.000000000000 Bohr

nuclear repulsion = 260.534383992932
point group symmetry = D2h
num. orbitals of irrep Ag = 28
num. orbitals of irrep B1g = 13
num. orbitals of irrep B2g = 10
num. orbitals of irrep B3g = 8
num. orbitals of irrep Au = 5
num. orbitals of irrep B1u = 13
num. orbitals of irrep B2u = 19
num. orbitals of irrep B3u = 22
number of shells = 12
number of NR pGTOs = 240
number of NR cGTOs = 118
basis = {'O': [[0, [105374.95, 4.59e-05, -1.05e-05, 9e-06, -1.09e-05], [15679.24, 0.0003607, -8.25e-05, 7.05e-05, -8.22e-05], [3534.5447, 0.0019198, -0.0004412, 0.0003757, -0.0004675], [987.36516, 0.0082067, -0.0018864, 0.0016146, -0.0018465], [315.97875, 0.0297257, -0.006954, 0.005934, -0.0075585], [111.65428, 0.0904558, -0.0217208, 0.0187866, -0.0210868], [42.699451, 0.2174054, -0.0568513, 0.0494683, -0.0667511], [17.395596, 0.3687657, -0.1139635, 0.1030399, -0.1093673], [7.438309, 0.3372798, -0.1620201, 0.1620586, -0.2731431], [3.222862, 0.0967505, -0.03338, 0.0009367, 0.2097137], [1.253877, 0.0025674, 0.3655068, -0.8224251, 1.2034807], [0.495155, 0.0013746, 0.5520031, -0.1017902, -0.6774694], [0.191665, -0.000141, 0.2236393, 0.4253939, -1.429884], [0.067083, 6.83e-05, 0.0065745, 0.6877028, 1.4891068]], [1, [200.0, 0.0008933, -0.0008384, 0.0012618], [46.533367, 0.007369, -0.0068491, 0.0111628], [14.621809, 0.0349392, -0.0328505, 0.0518316], [5.313064, 0.1152985, -0.110006, 0.1978845], [2.102525, 0.2583231, -0.3135263, 0.5707652], [0.850223, 0.3696231, -0.3196011, -0.1789291], [0.337597, 0.3238789, 0.2217243, -0.8982077], [0.128892, 0.1467989, 0.5622616, 0.2666643], [0.045112, 0.0336127, 0.3013251, 0.6258994]], [2, [3.75, 0.1284934, -0.2182055], [1.3125, 0.5211884, -0.4817695], [0.459375, 0.4345784, 0.1357595], [0.160781, 0.1457409, 0.8297734]]], 'Cu': [[0, [27.69632, 0.231132, 0.0, 0.0, 0.0, 0.0, 0.0], [13.50535, -0.656811, 0.0, 0.0, 0.0, 0.0, 0.0], [8.815355, -0.545875, 0.0, 0.0, 0.0, 0.0, 0.0], [2.380805, 0.0, 1.0, 0.0, 0.0, 0.0, 0.0], [0.952616, 0.0, 0.0, 1.0, 0.0, 0.0, 0.0], [0.112662, 0.0, 0.0, 0.0, 1.0, 0.0, 0.0], [0.040486, 0.0, 0.0, 0.0, 0.0, 1.0, 0.0], [0.01, 0.0, 0.0, 0.0, 0.0, 0.0, 1.0]], [1, [93.504327, 0.022829, 0.0, 0.0, 0.0, 0.0], [16.285464, -1.009513, 0.0, 0.0, 0.0, 0.0], [5.994236, 0.0, 0.24645, 0.0, 0.0, 0.0], [2.536875, 0.0, 0.792024, 0.0, 0.0, 0.0], [0.897934, 0.0, 0.0, 1.0, 0.0, 0.0], [0.131729, 0.0, 0.0, 0.0, 1.0, 0.0], [0.030878, 0.0, 0.0, 0.0, 0.0, 1.0]], [2, [41.225006, 0.044694, 0.0, 0.0], [12.34325, 0.212106, 0.0, 0.0], [4.20192, 0.453423, 0.0, 0.0], [1.379825, 0.533465, 0.0, 0.0], [0.383453, 0.0, 1.0, 0.0], [0.1, 0.0, 0.0, 1.0]]]}
ecp = {'Cu': [10, [[-1, [[], [], [[1.0, 0.0]], [], [], [], []]], [0, [[], [], [[30.22, 355.770158], [13.19, 70.865357]], [], [], [], []]], [1, [[], [], [[33.13, 233.891976], [13.22, 53.947299]], [], [], [], []]], [2, [[], [], [[38.42, -31.272165], [13.26, -2.741104]], [], [], [], []]]]]}
CPU time:         0.77


******** <class 'pyscf.scf.hf_symm.SymAdaptedRHF'> ********
method = SymAdaptedRHF-RHF
initial guess = minao
damping factor = 0
level_shift factor = 0.1
DIIS = <class 'pyscf.scf.diis.CDIIS'>
diis_start_cycle = 1
diis_space = 8
SCF conv_tol = 1e-09
SCF conv_tol_grad = None
SCF max_cycles = 50
direct_scf = True
direct_scf_tol = 1e-13
chkfile to save SCF result = /rc_scratch/anma2640/tmp5r8k9a3l
max_memory 4000 MB (current use 100 MB)
Freeze 0 electrons in irreps []
    52 free electrons in irreps Ag B1g B2g B3g Au B1u B2u B3u
Set gradient conv threshold to 3.16228e-05
init E= -475.452687119518
HOMO (B3g) = -0.486903810598475  LUMO (B1g) = -0.44782446722927
cycle= 1 E= -540.894646402487  delta_E= -65.4  |g|= 2.27  |ddm|= 4.08
HOMO (Ag) = -1.00565327419654  LUMO (B1g) = -0.537953952784491
cycle= 2 E= -541.022901312991  delta_E= -0.128  |g|= 0.333  |ddm|=  0.6
HOMO (Ag) = -0.931454413859029  LUMO (B1g) = -0.46700231993065
cycle= 3 E= -541.038425170181  delta_E= -0.0155  |g|= 0.261  |ddm|= 0.393
HOMO (Ag) = -0.952172771474687  LUMO (B1g) = -0.461886220923198
cycle= 4 E= -541.050631720012  delta_E= -0.0122  |g|= 0.198  |ddm|= 0.225
HOMO (Ag) = -0.955015820077047  LUMO (B1g) = -0.460676875594179
cycle= 5 E= -541.057335361204  delta_E= -0.0067  |g|= 0.0843  |ddm|= 0.147
HOMO (Ag) = -0.947440954233255  LUMO (B1g) = -0.447910032286811
cycle= 6 E= -541.060284684366  delta_E= -0.00295  |g|= 0.0419  |ddm|= 0.14
HOMO (Ag) = -0.947983126729872  LUMO (B1g) = -0.446098088867679
cycle= 7 E= -541.061126870159  delta_E= -0.000842  |g|= 0.00844  |ddm|= 0.0907
HOMO (Ag) = -0.948799274277139  LUMO (B1g) = -0.445768390824415
cycle= 8 E= -541.061216689832  delta_E= -8.98e-05  |g|= 0.00272  |ddm|= 0.0321
HOMO (Ag) = -0.949197361478575  LUMO (B1g) = -0.445332008570233
cycle= 9 E= -541.061230833756  delta_E= -1.41e-05  |g|= 0.00125  |ddm|= 0.0136
HOMO (Ag) = -0.949465223455666  LUMO (B1g) = -0.445176431843468
cycle= 10 E= -541.061233648262  delta_E= -2.81e-06  |g|= 0.000481  |ddm|= 0.00594
HOMO (Ag) = -0.949611238349186  LUMO (B1g) = -0.445076637815548
cycle= 11 E= -541.061234216308  delta_E= -5.68e-07  |g|= 0.000128  |ddm|= 0.00312
HOMO (Ag) = -0.949623705953106  LUMO (B1g) = -0.445064786724902
cycle= 12 E= -541.061234251694  delta_E= -3.54e-08  |g|= 6.97e-05  |ddm|= 0.000721
HOMO (Ag) = -0.949626403555143  LUMO (B1g) = -0.445056634978726
cycle= 13 E= -541.061234256109  delta_E= -4.42e-09  |g|= 2.65e-05  |ddm|= 0.000287
HOMO (Ag) = -0.949628362512149  LUMO (B1g) = -0.445056063239149
cycle= 14 E= -541.061234256419  delta_E= -3.1e-10  |g|= 6.07e-06  |ddm|= 6.57e-05
HOMO (Ag) = -0.949628445613103  LUMO (B1g) = -0.545056196975851
Extra cycle  E= -541.061234256425  delta_E= -5.23e-12  |g|= 9.64e-06  |ddm|= 1.16e-05
converged SCF energy = -541.061234256425
mol.nao: 118
mol.elec: (26, 26)

******** <class 'pyscf.mcscf.mc1step_symm.SymAdaptedCASSCF'> ********
CAS (26e+26e, 118o), ncore = 0, nvir = 0
frozen orbitals 0
max_cycle_macro = 10
max_cycle_micro = 4
conv_tol = 1e-07
conv_tol_grad = None
orbital rotation max_stepsize = 0.02
augmented hessian ah_max_cycle = 30
augmented hessian ah_conv_tol = 1e-12
augmented hessian ah_linear dependence = 1e-14
augmented hessian ah_level shift = 0
augmented hessian ah_start_tol = 2.5
augmented hessian ah_start_cycle = 3
augmented hessian ah_grad_trust_region = 3
kf_trust_region = 3
kf_interval = 4
ci_response_space = 4
ci_grad_trust_region = 3
with_dep4 0
natorb = False
canonicalization = True
sorting_mo_energy = False
ao2mo_level = 2
chkfile = cu2o2_0.0_SHCISCF.chk
max_memory 4000 MB (current use 355 MB)
internal_rotation = True

******** SHCI flags ********
executable             = /projects/anma2640/newDice/Dice/Dice
mpiprefix              = mpirun -np 36
scratchDirectory       = /rc_scratch/anma2640/cu2o2/
integralFile           = ./FCIDUMP
configFile             = ./input.dat
outputFile             = ./output.dat
maxIter                = 6
sweep_iter             = [    0]
sweep_epsilon          = [0.001]
nPTiter                = 0
Stochastic             = True
restart                = False
fullrestart            = False
num_thrds              = 1
memory                 = None

Active space CI wfn symmetry = Ag
CASCI E = -542.057144262545  S^2 = 0.0000000
Set conv_tol_grad to 0.000316228

WARN: Calculation needs 7359 MB memory, over CASSCF.max_memory (4000 MB) limit

macro iter 1 (14 JK  4 micro), CASSCF E = -542.100711972966  dE = -0.04356771  S^2 = 0.0000000
               |grad[o]|=0.124  |grad[c]|= None  |ddm|=0.159

WARN: Calculation needs 7383 MB memory, over CASSCF.max_memory (4000 MB) limit

macro iter 2 (16 JK  4 micro), CASSCF E = -542.11669141105  dE = -0.015979438  S^2 = 0.0000000
               |grad[o]|=0.0407  |grad[c]|= None  |ddm|=0.104

WARN: Calculation needs 7422 MB memory, over CASSCF.max_memory (4000 MB) limit

macro iter 3 (18 JK  4 micro), CASSCF E = -542.126268544736  dE = -0.0095771337  S^2 = 0.0000000
               |grad[o]|=0.0308  |grad[c]|= None  |ddm|=0.0814

WARN: Calculation needs 6938 MB memory, over CASSCF.max_memory (4000 MB) limit

macro iter 4 (18 JK  4 micro), CASSCF E = -542.131926523161  dE = -0.0056579784  S^2 = 0.0000000
               |grad[o]|=0.0229  |grad[c]|= None  |ddm|=0.0585

WARN: Calculation needs 7155 MB memory, over CASSCF.max_memory (4000 MB) limit

macro iter 5 (18 JK  4 micro), CASSCF E = -542.135274065068  dE = -0.0033475419  S^2 = 0.0000000
               |grad[o]|=0.0206  |grad[c]|= None  |ddm|=0.0423

WARN: Calculation needs 7056 MB memory, over CASSCF.max_memory (4000 MB) limit

macro iter 6 (18 JK  4 micro), CASSCF E = -542.137895066937  dE = -0.0026210019  S^2 = 0.0000000
               |grad[o]|=0.0179  |grad[c]|= None  |ddm|=0.035

WARN: Calculation needs 7328 MB memory, over CASSCF.max_memory (4000 MB) limit

macro iter 7 (17 JK  4 micro), CASSCF E = -542.140207521233  dE = -0.0023124543  S^2 = 0.0000000
               |grad[o]|=0.0173  |grad[c]|= None  |ddm|=0.027

WARN: Calculation needs 6704 MB memory, over CASSCF.max_memory (4000 MB) limit

macro iter 8 (17 JK  4 micro), CASSCF E = -542.141648314431  dE = -0.0014407932  S^2 = 0.0000000
               |grad[o]|=0.0144  |grad[c]|= None  |ddm|=0.0196

WARN: Calculation needs 6983 MB memory, over CASSCF.max_memory (4000 MB) limit

macro iter 9 (18 JK  4 micro), CASSCF E = -542.142342335716  dE = -0.00069402128  S^2 = 0.0000000
               |grad[o]|=0.0131  |grad[c]|= None  |ddm|=0.014

WARN: Calculation needs 7214 MB memory, over CASSCF.max_memory (4000 MB) limit

macro iter 10 (19 JK  4 micro), CASSCF E = -542.142862896686  dE = -0.00052056097  S^2 = 0.0000000
               |grad[o]|=0.0133  |grad[c]|= None  |ddm|=0.0109
1-step CASSCF not converged, 10 macro (173 JK 40 micro) steps
CASSCF canonicalization
Density matrix diagonal elements [1.99983396e+00 1.99983416e+00 1.99788382e+00 1.99788695e+00
 1.99666448e+00 1.99666319e+00 1.99667709e+00 1.99665928e+00
 1.99678949e+00 1.99678836e+00 1.98826597e+00 1.98652090e+00
 1.99237030e+00 1.99233220e+00 1.99205206e+00 1.99203744e+00
 1.99209514e+00 1.99204394e+00 1.99136458e+00 1.99140594e+00
 1.93691004e+00 1.98212344e+00 1.96512416e+00 1.97902551e+00
 1.51797366e+00 1.71113859e+00 5.06147993e-01 3.14724754e-01
 7.26210821e-05 6.33346541e-03 8.63821546e-04 1.22693795e-04
 6.90188840e-09 0.00000000e+00 6.55109037e-08 0.00000000e+00
 0.00000000e+00 0.00000000e+00 7.68262451e-05 1.13344829e-05
 0.00000000e+00 0.00000000e+00 1.52764953e-06 4.44599417e-06
 3.53283068e-04 8.70393515e-06 3.05757124e-05 2.23888397e-05
 2.45155423e-05 1.54639803e-04 1.31419704e-05 1.47984206e-05
 2.01621919e-05 1.79727024e-05 2.77870112e-03 1.95318576e-04
 1.88664705e-06 1.99626845e-05 6.58785361e-03 7.05901545e-03
 2.04778569e-04 1.09545923e-03 3.02384075e-05 2.63075413e-03
 4.50668562e-03 2.88608768e-03 1.52649845e-03 8.72025165e-04
 7.69556710e-04 5.22098207e-04 5.79533622e-04 6.62792184e-03
 7.09500199e-03 7.35223684e-03 7.10934812e-03 2.62823119e-03
 7.12649984e-03 7.34472624e-03 3.86003897e-03 6.47974257e-03
 5.35458376e-03 1.24491061e-03 5.87335821e-05 1.97258583e-03
 4.43818497e-03 8.62887829e-03 1.33819999e-02 5.54309062e-03
 2.09998569e-03 2.86849122e-03 5.74837054e-03 4.45338746e-03
 4.23099456e-03 2.14949734e-03 3.07151435e-03 4.22084676e-03
 2.81695987e-03 3.94325093e-03 3.86457643e-03 2.94877796e-03
 2.95443811e-03 2.16753953e-03 2.55481316e-03 2.43162630e-03
 3.08157820e-03 2.10620046e-03 2.04928759e-03 1.56126525e-03
 1.56552305e-03 1.07122779e-03 6.23459468e-06 6.19960018e-06
 6.32979879e-06 6.24009493e-06 6.06173707e-06 6.05029445e-06
 2.58966894e-06 2.59233894e-06]
CASSCF energy = -542.142862896686
CASCI E = -542.142862896686  E(CI) = -802.677246889618  S^2 = 0.0000000
 # Transforming hcore and eri to ortho AO basis.
 # Performing modified Cholesky decomposition on ERI tensor.
# Generating Cholesky decomposition of ERIs.
# max number of cholesky vectors = 1180
# iteration     0: delta_max = 4.741419
# iteration     1: delta_max = 4.73025419e+00: time = 8.04220501e-03
# iteration     2: delta_max = 3.66038280e+00: time = 9.86582105e-03
# iteration     3: delta_max = 3.65385700e+00: time = 9.52273700e-03
# iteration     4: delta_max = 8.57850262e-01: time = 9.16840899e-03
# iteration     5: delta_max = 8.57843509e-01: time = 9.16618196e-03
# iteration     6: delta_max = 7.78504779e-01: time = 5.65441296e-03
# iteration     7: delta_max = 7.78504749e-01: time = 5.63998101e-03
# iteration     8: delta_max = 7.78475276e-01: time = 5.67118201e-03
# iteration     9: delta_max = 7.78475256e-01: time = 5.61126904e-03
# iteration    10: delta_max = 7.78459410e-01: time = 5.64129296e-03
# iteration    11: delta_max = 7.78459317e-01: time = 5.65068499e-03
# iteration    12: delta_max = 6.71081841e-01: time = 9.22482501e-03
# iteration    13: delta_max = 6.71081055e-01: time = 9.66998702e-03
# iteration    14: delta_max = 5.58555016e-01: time = 9.23650200e-03
# iteration    15: delta_max = 5.56700856e-01: time = 9.19890800e-03
# iteration    16: delta_max = 4.87717452e-01: time = 2.13712540e-02
# iteration    17: delta_max = 4.74791017e-01: time = 1.32212180e-02
# iteration    18: delta_max = 2.83315128e-01: time = 9.67524701e-03
# iteration    19: delta_max = 2.83261777e-01: time = 9.71898803e-03
# iteration    20: delta_max = 2.28792063e-01: time = 9.25623399e-03
# iteration    21: delta_max = 2.28792063e-01: time = 9.19183996e-03
# iteration    22: delta_max = 2.28792063e-01: time = 9.22986498e-03
# iteration    23: delta_max = 2.28792063e-01: time = 9.18851799e-03
# iteration    24: delta_max = 2.28791280e-01: time = 9.30286403e-03
# iteration    25: delta_max = 2.28791280e-01: time = 9.18460696e-03
# iteration    26: delta_max = 2.20490381e-01: time = 9.33115202e-03
# iteration    27: delta_max = 2.20490339e-01: time = 9.28326999e-03
# iteration    28: delta_max = 2.04369129e-01: time = 1.29433220e-02
# iteration    29: delta_max = 2.04368058e-01: time = 1.30189540e-02
# iteration    30: delta_max = 1.82560031e-01: time = 5.79404400e-03
# iteration    31: delta_max = 1.82559977e-01: time = 5.71569399e-03
# iteration    32: delta_max = 1.82553021e-01: time = 5.74984803e-03
# iteration    33: delta_max = 1.82552039e-01: time = 5.69376000e-03
# iteration    34: delta_max = 1.62184830e-01: time = 2.06095970e-02
# iteration    35: delta_max = 1.60423549e-01: time = 2.08441250e-02
# iteration    36: delta_max = 1.55267665e-01: time = 1.60014180e-02
# iteration    37: delta_max = 1.55091936e-01: time = 9.41708003e-03
# iteration    38: delta_max = 1.49662772e-01: time = 9.16783401e-03
# iteration    39: delta_max = 1.49356285e-01: time = 9.28341801e-03
# iteration    40: delta_max = 1.47464715e-01: time = 1.06899200e-02
# iteration    41: delta_max = 1.47304148e-01: time = 1.08040520e-02
# iteration    42: delta_max = 1.46144861e-01: time = 9.15532099e-03
# iteration    43: delta_max = 1.46081119e-01: time = 9.35942901e-03
# iteration    44: delta_max = 1.22062305e-01: time = 9.44131200e-03
# iteration    45: delta_max = 1.22062133e-01: time = 1.01918280e-02
# iteration    46: delta_max = 1.15881902e-01: time = 1.30204740e-02
# iteration    47: delta_max = 1.15881895e-01: time = 1.29385020e-02
# iteration    48: delta_max = 9.11154499e-02: time = 1.29221030e-02
# iteration    49: delta_max = 9.11154459e-02: time = 1.30118380e-02
# iteration    50: delta_max = 9.00937716e-02: time = 7.49436603e-03
# iteration    51: delta_max = 9.00937700e-02: time = 7.45458202e-03
# iteration    52: delta_max = 9.00799798e-02: time = 7.42680900e-03
# iteration    53: delta_max = 9.00799556e-02: time = 7.39210099e-03
# iteration    54: delta_max = 8.97435962e-02: time = 7.42903596e-03
# iteration    55: delta_max = 8.97435814e-02: time = 7.42897403e-03
# iteration    56: delta_max = 7.99967538e-02: time = 2.06493150e-02
# iteration    57: delta_max = 7.33177622e-02: time = 2.11687990e-02
# iteration    58: delta_max = 6.84367756e-02: time = 9.60453606e-03
# iteration    59: delta_max = 6.84356919e-02: time = 9.52802296e-03
# iteration    60: delta_max = 6.62927851e-02: time = 1.48525310e-02
# iteration    61: delta_max = 6.62909792e-02: time = 8.26301699e-03
# iteration    62: delta_max = 6.62903569e-02: time = 8.15572601e-03
# iteration    63: delta_max = 6.62481620e-02: time = 8.11718503e-03
# iteration    64: delta_max = 6.62430080e-02: time = 1.00565480e-02
# iteration    65: delta_max = 6.62420982e-02: time = 9.91724205e-03
# iteration    66: delta_max = 6.53155748e-02: time = 8.27198598e-03
# iteration    67: delta_max = 6.52886763e-02: time = 8.28705600e-03
# iteration    68: delta_max = 6.41706803e-02: time = 8.17598699e-03
# iteration    69: delta_max = 6.41703864e-02: time = 8.18393700e-03
# iteration    70: delta_max = 5.93367277e-02: time = 1.30944560e-02
# iteration    71: delta_max = 5.91626307e-02: time = 1.31110480e-02
# iteration    72: delta_max = 5.77870246e-02: time = 1.08228830e-02
# iteration    73: delta_max = 5.77867018e-02: time = 1.08617250e-02
# iteration    74: delta_max = 5.17879034e-02: time = 1.31334380e-02
# iteration    75: delta_max = 5.17879034e-02: time = 1.36078130e-02
# iteration    76: delta_max = 5.17764243e-02: time = 1.33661110e-02
# iteration    77: delta_max = 5.17764238e-02: time = 1.32440750e-02
# iteration    78: delta_max = 5.16570419e-02: time = 1.98405710e-02
# iteration    79: delta_max = 5.16267171e-02: time = 1.36108350e-02
# iteration    80: delta_max = 4.96365959e-02: time = 1.36797710e-02
# iteration    81: delta_max = 4.96365902e-02: time = 1.38317270e-02
# iteration    82: delta_max = 4.95990352e-02: time = 1.33045960e-02
# iteration    83: delta_max = 4.95990352e-02: time = 1.33284130e-02
# iteration    84: delta_max = 4.76522969e-02: time = 2.10363340e-02
# iteration    85: delta_max = 4.76383553e-02: time = 2.09653180e-02
# iteration    86: delta_max = 4.30919842e-02: time = 2.09665810e-02
# iteration    87: delta_max = 4.30909692e-02: time = 2.10423690e-02
# iteration    88: delta_max = 4.26022088e-02: time = 1.60378731e-02
# iteration    89: delta_max = 4.26020906e-02: time = 9.76608304e-03
# iteration    90: delta_max = 4.23704995e-02: time = 9.52335802e-03
# iteration    91: delta_max = 4.23703738e-02: time = 9.53701301e-03
# iteration    92: delta_max = 4.23362836e-02: time = 9.43742302e-03
# iteration    93: delta_max = 4.23356543e-02: time = 9.52488300e-03
# iteration    94: delta_max = 4.22143739e-02: time = 6.22239098e-03
# iteration    95: delta_max = 4.22128338e-02: time = 6.24599401e-03
# iteration    96: delta_max = 4.10997884e-02: time = 6.04940200e-03
# iteration    97: delta_max = 4.10996684e-02: time = 6.04362902e-03
# iteration    98: delta_max = 3.58459777e-02: time = 2.13890870e-02
# iteration    99: delta_max = 3.58270553e-02: time = 2.15345640e-02
# iteration   100: delta_max = 3.45632237e-02: time = 1.95200110e-02
# iteration   101: delta_max = 3.45595147e-02: time = 1.37311740e-02
# iteration   102: delta_max = 3.17585578e-02: time = 2.14338000e-02
# iteration   103: delta_max = 3.17557563e-02: time = 2.15899120e-02
# iteration   104: delta_max = 3.16879567e-02: time = 7.96652603e-03
# iteration   105: delta_max = 3.16728261e-02: time = 7.84062303e-03
# iteration   106: delta_max = 3.16575341e-02: time = 1.34123350e-02
# iteration   107: delta_max = 3.16567757e-02: time = 1.37756020e-02
# iteration   108: delta_max = 3.11533702e-02: time = 1.35675590e-02
# iteration   109: delta_max = 3.11533702e-02: time = 1.34959280e-02
# iteration   110: delta_max = 3.09503905e-02: time = 1.35813770e-02
# iteration   111: delta_max = 3.08452948e-02: time = 8.13047797e-03
# iteration   112: delta_max = 2.99814205e-02: time = 1.13129320e-02
# iteration   113: delta_max = 2.99234734e-02: time = 1.36794850e-02
# iteration   114: delta_max = 2.99002619e-02: time = 1.35189560e-02
# iteration   115: delta_max = 2.97617649e-02: time = 2.12786920e-02
# iteration   116: delta_max = 2.97617648e-02: time = 2.15025710e-02
# iteration   117: delta_max = 2.94623616e-02: time = 1.13864330e-02
# iteration   118: delta_max = 2.94121671e-02: time = 2.12109010e-02
# iteration   119: delta_max = 2.94121654e-02: time = 2.13887650e-02
# iteration   120: delta_max = 2.93123802e-02: time = 2.12399400e-02
# iteration   121: delta_max = 2.93123741e-02: time = 2.11420190e-02
# iteration   122: delta_max = 2.92802425e-02: time = 1.20363620e-02
# iteration   123: delta_max = 2.88758752e-02: time = 1.19484180e-02
# iteration   124: delta_max = 2.85308287e-02: time = 2.13270590e-02
# iteration   125: delta_max = 2.85307725e-02: time = 2.15838579e-02
# iteration   126: delta_max = 2.67501715e-02: time = 1.35984160e-02
# iteration   127: delta_max = 2.67283084e-02: time = 1.35960980e-02
# iteration   128: delta_max = 2.58418294e-02: time = 1.00036470e-02
# iteration   129: delta_max = 2.57614939e-02: time = 2.12454860e-02
# iteration   130: delta_max = 2.52670063e-02: time = 2.14165930e-02
# iteration   131: delta_max = 2.52670063e-02: time = 2.13100280e-02
# iteration   132: delta_max = 2.52668156e-02: time = 2.13490650e-02
# iteration   133: delta_max = 2.52668156e-02: time = 2.12715730e-02
# iteration   134: delta_max = 2.35340685e-02: time = 1.76535810e-02
# iteration   135: delta_max = 2.35327819e-02: time = 1.21942900e-02
# iteration   136: delta_max = 2.34018545e-02: time = 1.19670480e-02
# iteration   137: delta_max = 2.33993342e-02: time = 1.19343060e-02
# iteration   138: delta_max = 2.29687116e-02: time = 1.18961610e-02
# iteration   139: delta_max = 2.29503302e-02: time = 1.18734670e-02
# iteration   140: delta_max = 2.28903006e-02: time = 1.41845070e-02
# iteration   141: delta_max = 2.28809889e-02: time = 8.16930598e-03
# iteration   142: delta_max = 2.28498692e-02: time = 8.11657502e-03
# iteration   143: delta_max = 2.26208642e-02: time = 1.38102400e-02
# iteration   144: delta_max = 2.24188406e-02: time = 1.21214440e-02
# iteration   145: delta_max = 2.24185767e-02: time = 1.21072580e-02
# iteration   146: delta_max = 2.23527445e-02: time = 5.31779201e-03
# iteration   147: delta_max = 2.23516929e-02: time = 5.30842599e-03
# iteration   148: delta_max = 2.19075798e-02: time = 1.19338790e-02
# iteration   149: delta_max = 2.19001460e-02: time = 1.19407210e-02
# iteration   150: delta_max = 2.13142821e-02: time = 1.12620740e-02
# iteration   151: delta_max = 2.12095141e-02: time = 6.43052498e-03
# iteration   152: delta_max = 2.12082019e-02: time = 6.45215902e-03
# iteration   153: delta_max = 2.10509765e-02: time = 1.01527071e-02
# iteration   154: delta_max = 2.08063520e-02: time = 1.15000310e-02
# iteration   155: delta_max = 2.07515050e-02: time = 2.15013190e-02
# iteration   156: delta_max = 2.02171984e-02: time = 1.22170510e-02
# iteration   157: delta_max = 2.02171965e-02: time = 1.21414310e-02
# iteration   158: delta_max = 1.97865391e-02: time = 1.21691780e-02
# iteration   159: delta_max = 1.97749196e-02: time = 1.20282060e-02
# iteration   160: delta_max = 1.89919491e-02: time = 1.37972930e-02
# iteration   161: delta_max = 1.89726106e-02: time = 1.43733830e-02
# iteration   162: delta_max = 1.86906745e-02: time = 1.39636680e-02
# iteration   163: delta_max = 1.85745520e-02: time = 1.39292990e-02
# iteration   164: delta_max = 1.77586259e-02: time = 1.39501680e-02
# iteration   165: delta_max = 1.77586259e-02: time = 1.40085280e-02
# iteration   166: delta_max = 1.77506607e-02: time = 2.15599840e-02
# iteration   167: delta_max = 1.71718559e-02: time = 1.17171120e-02
# iteration   168: delta_max = 1.71675554e-02: time = 1.72404450e-02
# iteration   169: delta_max = 1.69547964e-02: time = 2.21208620e-02
# iteration   170: delta_max = 1.69547961e-02: time = 2.20393300e-02
# iteration   171: delta_max = 1.59855845e-02: time = 1.17569860e-02
# iteration   172: delta_max = 1.59854383e-02: time = 1.16154680e-02
# iteration   173: delta_max = 1.56124929e-02: time = 1.41647780e-02
# iteration   174: delta_max = 1.56124714e-02: time = 1.41558830e-02
# iteration   175: delta_max = 1.55276509e-02: time = 1.39458459e-02
# iteration   176: delta_max = 1.55276485e-02: time = 1.40025759e-02
# iteration   177: delta_max = 1.53973972e-02: time = 1.42181460e-02
# iteration   178: delta_max = 1.53973972e-02: time = 1.40061220e-02
# iteration   179: delta_max = 1.53972723e-02: time = 1.41933930e-02
# iteration   180: delta_max = 1.53961769e-02: time = 1.39614640e-02
# iteration   181: delta_max = 1.53487531e-02: time = 1.39999490e-02
# iteration   182: delta_max = 1.49681334e-02: time = 1.40886140e-02
# iteration   183: delta_max = 1.49112946e-02: time = 2.16580850e-02
# iteration   184: delta_max = 1.49112946e-02: time = 2.18341970e-02
# iteration   185: delta_max = 1.49094882e-02: time = 2.17596320e-02
# iteration   186: delta_max = 1.49094880e-02: time = 2.17549590e-02
# iteration   187: delta_max = 1.44376836e-02: time = 2.17778100e-02
# iteration   188: delta_max = 1.42621542e-02: time = 1.18796370e-02
# iteration   189: delta_max = 1.42611061e-02: time = 1.62446110e-02
# iteration   190: delta_max = 1.42401034e-02: time = 1.19471660e-02
# iteration   191: delta_max = 1.42400479e-02: time = 1.17744270e-02
# iteration   192: delta_max = 1.42157234e-02: time = 1.42687500e-02
# iteration   193: delta_max = 1.40969754e-02: time = 1.42079690e-02
# iteration   194: delta_max = 1.40575321e-02: time = 1.43993450e-02
# iteration   195: delta_max = 1.38223769e-02: time = 1.45342170e-02
# iteration   196: delta_max = 1.35843337e-02: time = 2.18314790e-02
# iteration   197: delta_max = 1.35161595e-02: time = 1.25629680e-02
# iteration   198: delta_max = 1.35020461e-02: time = 1.24571520e-02
# iteration   199: delta_max = 1.34984030e-02: time = 1.73798280e-02
# iteration   200: delta_max = 1.34983903e-02: time = 1.03376260e-02
# iteration   201: delta_max = 1.33241182e-02: time = 1.03547240e-02
# iteration   202: delta_max = 1.32796853e-02: time = 1.02582180e-02
# iteration   203: delta_max = 1.29742153e-02: time = 1.46289100e-02
# iteration   204: delta_max = 1.29742152e-02: time = 1.45801220e-02
# iteration   205: delta_max = 1.23849042e-02: time = 1.19784770e-02
# iteration   206: delta_max = 1.23841409e-02: time = 2.52190270e-02
# iteration   207: delta_max = 1.17627056e-02: time = 1.44519340e-02
# iteration   208: delta_max = 1.17626992e-02: time = 1.48793320e-02
# iteration   209: delta_max = 1.15172084e-02: time = 2.20707590e-02
# iteration   210: delta_max = 1.14063421e-02: time = 2.20470020e-02
# iteration   211: delta_max = 1.14062582e-02: time = 2.21485230e-02
# iteration   212: delta_max = 1.13758456e-02: time = 2.20254550e-02
# iteration   213: delta_max = 1.11265919e-02: time = 2.21429130e-02
# iteration   214: delta_max = 1.09862880e-02: time = 1.66161050e-02
# iteration   215: delta_max = 1.09371242e-02: time = 9.46328399e-03
# iteration   216: delta_max = 1.06737463e-02: time = 2.24790840e-02
# iteration   217: delta_max = 1.06737458e-02: time = 2.23617470e-02
# iteration   218: delta_max = 1.05595864e-02: time = 2.21812900e-02
# iteration   219: delta_max = 1.05470141e-02: time = 2.21228340e-02
# iteration   220: delta_max = 1.03097418e-02: time = 1.46023320e-02
# iteration   221: delta_max = 1.02945979e-02: time = 1.45433590e-02
# iteration   222: delta_max = 1.02070488e-02: time = 2.20198330e-02
# iteration   223: delta_max = 9.98785280e-03: time = 1.46848360e-02
# iteration   224: delta_max = 9.97631973e-03: time = 1.45693070e-02
# iteration   225: delta_max = 9.95324555e-03: time = 1.25139660e-02
# iteration   226: delta_max = 9.87142215e-03: time = 1.26842360e-02
# iteration   227: delta_max = 9.82963048e-03: time = 1.26429340e-02
# iteration   228: delta_max = 9.62027218e-03: time = 1.45186880e-02
# iteration   229: delta_max = 9.44261575e-03: time = 1.44203380e-02
# iteration   230: delta_max = 9.23341201e-03: time = 1.19293480e-02
# iteration   231: delta_max = 9.23039992e-03: time = 1.20010300e-02
# iteration   232: delta_max = 8.96470098e-03: time = 1.26278550e-02
# iteration   233: delta_max = 8.96293701e-03: time = 1.26379180e-02
# iteration   234: delta_max = 8.86660368e-03: time = 9.36845801e-03
# iteration   235: delta_max = 8.78799590e-03: time = 2.21209720e-02
# iteration   236: delta_max = 8.76544111e-03: time = 9.58761596e-03
# iteration   237: delta_max = 8.62463141e-03: time = 1.45511060e-02
# iteration   238: delta_max = 8.59443406e-03: time = 1.46411560e-02
# iteration   239: delta_max = 8.51365414e-03: time = 1.43866410e-02
# iteration   240: delta_max = 8.51365410e-03: time = 1.44762210e-02
# iteration   241: delta_max = 8.38388560e-03: time = 7.32377201e-03
# iteration   242: delta_max = 8.23492882e-03: time = 8.86338897e-03
# iteration   243: delta_max = 8.12881685e-03: time = 8.79419100e-03
# iteration   244: delta_max = 8.11035459e-03: time = 1.21013030e-02
# iteration   245: delta_max = 8.10855842e-03: time = 1.21353390e-02
# iteration   246: delta_max = 8.04057202e-03: time = 1.20923340e-02
# iteration   247: delta_max = 8.03675903e-03: time = 1.21488950e-02
# iteration   248: delta_max = 8.02546386e-03: time = 1.09639710e-02
# iteration   249: delta_max = 7.99207080e-03: time = 1.50381260e-02
# iteration   250: delta_max = 7.50748159e-03: time = 1.46534380e-02
# iteration   251: delta_max = 7.47017211e-03: time = 1.46546880e-02
# iteration   252: delta_max = 7.44520689e-03: time = 1.46191980e-02
# iteration   253: delta_max = 7.44478433e-03: time = 1.47128080e-02
# iteration   254: delta_max = 7.44076603e-03: time = 1.47027081e-02
# iteration   255: delta_max = 7.43681745e-03: time = 1.47579880e-02
# iteration   256: delta_max = 7.27836849e-03: time = 1.46606840e-02
# iteration   257: delta_max = 7.24485571e-03: time = 1.49147540e-02
# iteration   258: delta_max = 7.05493811e-03: time = 2.22988490e-02
# iteration   259: delta_max = 7.03731788e-03: time = 2.26222720e-02
# iteration   260: delta_max = 6.95334998e-03: time = 1.11163290e-02
# iteration   261: delta_max = 6.95015190e-03: time = 1.10898620e-02
# iteration   262: delta_max = 6.91928118e-03: time = 1.21687810e-02
# iteration   263: delta_max = 6.90802464e-03: time = 1.12011000e-02
# iteration   264: delta_max = 6.85370182e-03: time = 1.11071430e-02
# iteration   265: delta_max = 6.66488521e-03: time = 1.10795220e-02
# iteration   266: delta_max = 6.66472611e-03: time = 1.11005550e-02
# iteration   267: delta_max = 6.62151631e-03: time = 1.23718310e-02
# iteration   268: delta_max = 6.40451783e-03: time = 1.83910000e-02
# iteration   269: delta_max = 6.27571884e-03: time = 1.17271380e-02
# iteration   270: delta_max = 6.26892952e-03: time = 1.19246450e-02
# iteration   271: delta_max = 6.15254884e-03: time = 1.73251540e-02
# iteration   272: delta_max = 6.14237999e-03: time = 2.25609220e-02
# iteration   273: delta_max = 6.13899162e-03: time = 2.24579390e-02
# iteration   274: delta_max = 6.12874191e-03: time = 2.26568130e-02
# iteration   275: delta_max = 6.12062257e-03: time = 2.25689970e-02
# iteration   276: delta_max = 6.07075054e-03: time = 1.48841900e-02
# iteration   277: delta_max = 5.76528535e-03: time = 1.32365720e-02
# iteration   278: delta_max = 5.76487658e-03: time = 1.31735210e-02
# iteration   279: delta_max = 5.71013057e-03: time = 1.24371570e-02
# iteration   280: delta_max = 5.69954493e-03: time = 1.29766950e-02
# iteration   281: delta_max = 5.69936893e-03: time = 1.30880290e-02
# iteration   282: delta_max = 5.66418681e-03: time = 1.14060330e-02
# iteration   283: delta_max = 5.57258701e-03: time = 1.52296030e-02
# iteration   284: delta_max = 5.36390551e-03: time = 1.90955110e-02
# iteration   285: delta_max = 5.35825938e-03: time = 1.28245740e-02
# iteration   286: delta_max = 5.25557576e-03: time = 1.19190980e-02
# iteration   287: delta_max = 5.25555957e-03: time = 1.19715680e-02
# iteration   288: delta_max = 5.19697057e-03: time = 1.87027540e-02
# iteration   289: delta_max = 5.15806877e-03: time = 2.29179450e-02
# iteration   290: delta_max = 5.08465773e-03: time = 2.32738700e-02
# iteration   291: delta_max = 5.01301653e-03: time = 1.49777620e-02
# iteration   292: delta_max = 5.01080994e-03: time = 1.51046470e-02
# iteration   293: delta_max = 4.92407924e-03: time = 1.32864740e-02
# iteration   294: delta_max = 4.91324440e-03: time = 1.32101410e-02
# iteration   295: delta_max = 4.81295088e-03: time = 1.12767490e-02
# iteration   296: delta_max = 4.81294851e-03: time = 1.16301420e-02
# iteration   297: delta_max = 4.74761336e-03: time = 1.49225500e-02
# iteration   298: delta_max = 4.71514886e-03: time = 1.51297160e-02
# iteration   299: delta_max = 4.67715890e-03: time = 1.50843210e-02
# iteration   300: delta_max = 4.63331149e-03: time = 1.50218580e-02
# iteration   301: delta_max = 4.63293846e-03: time = 1.51463700e-02
# iteration   302: delta_max = 4.61865670e-03: time = 1.53914790e-02
# iteration   303: delta_max = 4.60979426e-03: time = 1.50379740e-02
# iteration   304: delta_max = 4.59370286e-03: time = 1.33157460e-02
# iteration   305: delta_max = 4.58955277e-03: time = 1.86401640e-02
# iteration   306: delta_max = 4.52315715e-03: time = 2.31513620e-02
# iteration   307: delta_max = 4.50670545e-03: time = 1.52540010e-02
# iteration   308: delta_max = 4.50669935e-03: time = 1.51308930e-02
# iteration   309: delta_max = 4.48300431e-03: time = 1.26581290e-02
# iteration   310: delta_max = 4.46561695e-03: time = 1.55238580e-02
# iteration   311: delta_max = 4.46467374e-03: time = 1.27109740e-02
# iteration   312: delta_max = 4.33169767e-03: time = 1.33254700e-02
# iteration   313: delta_max = 4.27049464e-03: time = 1.32926900e-02
# iteration   314: delta_max = 4.03853160e-03: time = 1.33470341e-02
# iteration   315: delta_max = 3.95695960e-03: time = 1.32102330e-02
# iteration   316: delta_max = 3.91071509e-03: time = 1.52201610e-02
# iteration   317: delta_max = 3.89812976e-03: time = 2.31765090e-02
# iteration   318: delta_max = 3.89771744e-03: time = 1.53335700e-02
# iteration   319: delta_max = 3.81509215e-03: time = 2.28619430e-02
# iteration   320: delta_max = 3.67111277e-03: time = 1.53279340e-02
# iteration   321: delta_max = 3.65418184e-03: time = 1.34508780e-02
# iteration   322: delta_max = 3.64828246e-03: time = 1.27663440e-02
# iteration   323: delta_max = 3.64730164e-03: time = 1.27377910e-02
# iteration   324: delta_max = 3.58341116e-03: time = 1.52470930e-02
# iteration   325: delta_max = 3.49011227e-03: time = 1.55391300e-02
# iteration   326: delta_max = 3.37610658e-03: time = 1.98282900e-02
# iteration   327: delta_max = 3.36352606e-03: time = 1.31301600e-02
# iteration   328: delta_max = 3.36328482e-03: time = 1.30321910e-02
# iteration   329: delta_max = 3.36048154e-03: time = 1.59350110e-02
# iteration   330: delta_max = 3.32992799e-03: time = 1.35103050e-02
# iteration   331: delta_max = 3.31647978e-03: time = 1.27622340e-02
# iteration   332: delta_max = 3.30235940e-03: time = 1.26886710e-02
# iteration   333: delta_max = 3.22704319e-03: time = 1.66183200e-02
# iteration   334: delta_max = 3.21761041e-03: time = 1.15488500e-02
# iteration   335: delta_max = 3.18985402e-03: time = 1.58002980e-02
# iteration   336: delta_max = 3.18915449e-03: time = 1.59618660e-02
# iteration   337: delta_max = 3.12703363e-03: time = 8.19919503e-03
# iteration   338: delta_max = 3.01597319e-03: time = 1.35863130e-02
# iteration   339: delta_max = 3.01597318e-03: time = 1.35286260e-02
# iteration   340: delta_max = 3.00366224e-03: time = 2.31520200e-02
# iteration   341: delta_max = 2.97805421e-03: time = 1.30117580e-02
# iteration   342: delta_max = 2.97672943e-03: time = 1.28815910e-02
# iteration   343: delta_max = 2.94255153e-03: time = 1.29288960e-02
# iteration   344: delta_max = 2.94250632e-03: time = 1.31266340e-02
# iteration   345: delta_max = 2.92155463e-03: time = 1.35406050e-02
# iteration   346: delta_max = 2.91541762e-03: time = 1.54460350e-02
# iteration   347: delta_max = 2.88694067e-03: time = 1.35215960e-02
# iteration   348: delta_max = 2.87341892e-03: time = 1.35314650e-02
# iteration   349: delta_max = 2.76585460e-03: time = 1.54116210e-02
# iteration   350: delta_max = 2.76554049e-03: time = 1.54198660e-02
# iteration   351: delta_max = 2.76501886e-03: time = 1.35659940e-02
# iteration   352: delta_max = 2.71820946e-03: time = 1.30367210e-02
# iteration   353: delta_max = 2.69780430e-03: time = 1.56525350e-02
# iteration   354: delta_max = 2.69773993e-03: time = 1.54878480e-02
# iteration   355: delta_max = 2.68899866e-03: time = 1.37559620e-02
# iteration   356: delta_max = 2.66166410e-03: time = 2.07243160e-02
# iteration   357: delta_max = 2.65711833e-03: time = 1.39033320e-02
# iteration   358: delta_max = 2.65636774e-03: time = 1.55401620e-02
# iteration   359: delta_max = 2.57532155e-03: time = 1.31838090e-02
# iteration   360: delta_max = 2.57456863e-03: time = 1.33170590e-02
# iteration   361: delta_max = 2.56989675e-03: time = 1.29945360e-02
# iteration   362: delta_max = 2.56973106e-03: time = 1.31151940e-02
# iteration   363: delta_max = 2.50561985e-03: time = 1.36609960e-02
# iteration   364: delta_max = 2.47507977e-03: time = 2.34674700e-02
# iteration   365: delta_max = 2.42620616e-03: time = 1.35411440e-02
# iteration   366: delta_max = 2.42107635e-03: time = 2.33574600e-02
# iteration   367: delta_max = 2.29350894e-03: time = 1.62203520e-02
# iteration   368: delta_max = 2.21518517e-03: time = 9.90973902e-03
# iteration   369: delta_max = 2.21394250e-03: time = 9.87960701e-03
# iteration   370: delta_max = 2.21392985e-03: time = 9.80153499e-03
# iteration   371: delta_max = 2.21048339e-03: time = 9.84085596e-03
# iteration   372: delta_max = 2.20486489e-03: time = 2.31597690e-02
# iteration   373: delta_max = 2.20405368e-03: time = 9.95944999e-03
# iteration   374: delta_max = 2.20326447e-03: time = 2.33378640e-02
# iteration   375: delta_max = 2.15009937e-03: time = 1.00833510e-02
# iteration   376: delta_max = 2.10099728e-03: time = 1.33257340e-02
# iteration   377: delta_max = 2.07104930e-03: time = 1.32024990e-02
# iteration   378: delta_max = 2.04818199e-03: time = 8.35091097e-03
# iteration   379: delta_max = 2.04029362e-03: time = 1.37633450e-02
# iteration   380: delta_max = 2.02650154e-03: time = 1.37869520e-02
# iteration   381: delta_max = 1.98749831e-03: time = 1.18035350e-02
# iteration   382: delta_max = 1.98379013e-03: time = 1.17519770e-02
# iteration   383: delta_max = 1.90076394e-03: time = 1.18151160e-02
# iteration   384: delta_max = 1.89223211e-03: time = 1.18179450e-02
# iteration   385: delta_max = 1.77926610e-03: time = 2.34349270e-02
# iteration   386: delta_max = 1.77926585e-03: time = 2.33889220e-02
# iteration   387: delta_max = 1.75961552e-03: time = 1.36006640e-02
# iteration   388: delta_max = 1.74926045e-03: time = 1.32791450e-02
# iteration   389: delta_max = 1.68830402e-03: time = 8.46783904e-03
# iteration   390: delta_max = 1.65310632e-03: time = 2.59514800e-02
# iteration   391: delta_max = 1.64917476e-03: time = 1.34547820e-02
# iteration   392: delta_max = 1.64850785e-03: time = 1.34217640e-02
# iteration   393: delta_max = 1.61406659e-03: time = 1.34119600e-02
# iteration   394: delta_max = 1.54203634e-03: time = 1.05857140e-02
# iteration   395: delta_max = 1.54173032e-03: time = 1.07490830e-02
# iteration   396: delta_max = 1.54124988e-03: time = 1.21164920e-02
# iteration   397: delta_max = 1.53257480e-03: time = 1.33017130e-02
# iteration   398: delta_max = 1.51822592e-03: time = 1.58797560e-02
# iteration   399: delta_max = 1.51799143e-03: time = 1.60214380e-02
# iteration   400: delta_max = 1.51758294e-03: time = 1.09576350e-02
# iteration   401: delta_max = 1.51478822e-03: time = 1.08657090e-02
# iteration   402: delta_max = 1.46444574e-03: time = 1.34645780e-02
# iteration   403: delta_max = 1.46233884e-03: time = 1.34645760e-02
# iteration   404: delta_max = 1.38177427e-03: time = 1.21971740e-02
# iteration   405: delta_max = 1.38090648e-03: time = 7.43012998e-03
# iteration   406: delta_max = 1.37298537e-03: time = 1.40259000e-02
# iteration   407: delta_max = 1.37217580e-03: time = 1.40444350e-02
# iteration   408: delta_max = 1.22408531e-03: time = 2.35773700e-02
# iteration   409: delta_max = 1.17974108e-03: time = 1.09756490e-02
# iteration   410: delta_max = 1.17913212e-03: time = 1.09618970e-02
# iteration   411: delta_max = 1.12142292e-03: time = 1.41208170e-02
# iteration   412: delta_max = 1.12141349e-03: time = 1.40604820e-02
# iteration   413: delta_max = 1.09115822e-03: time = 1.35737070e-02
# iteration   414: delta_max = 1.08309962e-03: time = 1.34467770e-02
# iteration   415: delta_max = 1.07926653e-03: time = 1.59785070e-02
# iteration   416: delta_max = 1.07857787e-03: time = 1.62398540e-02
# iteration   417: delta_max = 1.01403214e-03: time = 1.44855220e-02
# iteration   418: delta_max = 9.95215125e-04: time = 1.35988100e-02
# iteration   419: delta_max = 9.84929951e-04: time = 1.60007530e-02
# iteration   420: delta_max = 9.81290319e-04: time = 1.63472720e-02
# iteration   421: delta_max = 9.76777760e-04: time = 2.00004050e-02
# iteration   422: delta_max = 9.66404864e-04: time = 1.30602610e-02
# iteration   423: delta_max = 9.27148466e-04: time = 1.30215490e-02
# iteration   424: delta_max = 9.23162617e-04: time = 1.61781410e-02
# iteration   425: delta_max = 9.23027273e-04: time = 1.60916150e-02
# iteration   426: delta_max = 8.82565566e-04: time = 1.61086960e-02
# iteration   427: delta_max = 8.81935846e-04: time = 1.60999670e-02
# iteration   428: delta_max = 8.75167394e-04: time = 1.60879600e-02
# iteration   429: delta_max = 8.53229706e-04: time = 1.62881060e-02
# iteration   430: delta_max = 8.53127205e-04: time = 1.62067390e-02
# iteration   431: delta_max = 8.02142710e-04: time = 1.62354740e-02
# iteration   432: delta_max = 7.96425181e-04: time = 1.60518430e-02
# iteration   433: delta_max = 7.71835783e-04: time = 1.51570990e-02
# iteration   434: delta_max = 7.61193405e-04: time = 2.40996850e-02
# iteration   435: delta_max = 7.61192564e-04: time = 2.39668020e-02
# iteration   436: delta_max = 7.48503896e-04: time = 1.12086170e-02
# iteration   437: delta_max = 7.46980052e-04: time = 1.11973840e-02
# iteration   438: delta_max = 7.38536696e-04: time = 2.37127730e-02
# iteration   439: delta_max = 7.38536667e-04: time = 2.37687550e-02
# iteration   440: delta_max = 7.18864848e-04: time = 1.26114050e-02
# iteration   441: delta_max = 6.74131325e-04: time = 2.36991470e-02
# iteration   442: delta_max = 6.50282727e-04: time = 1.44549380e-02
# iteration   443: delta_max = 6.49747198e-04: time = 1.43586410e-02
# iteration   444: delta_max = 6.34817582e-04: time = 1.11254580e-02
# iteration   445: delta_max = 6.30468097e-04: time = 1.11599240e-02
# iteration   446: delta_max = 6.21353264e-04: time = 2.38561370e-02
# iteration   447: delta_max = 6.19808530e-04: time = 1.62925580e-02
# iteration   448: delta_max = 6.19276623e-04: time = 2.39392710e-02
# iteration   449: delta_max = 6.08679087e-04: time = 1.45585150e-02
# iteration   450: delta_max = 6.08672315e-04: time = 1.44531470e-02
# iteration   451: delta_max = 5.95558417e-04: time = 1.61902610e-02
# iteration   452: delta_max = 5.89023292e-04: time = 1.64888970e-02
# iteration   453: delta_max = 5.85571521e-04: time = 2.39209970e-02
# iteration   454: delta_max = 5.80492451e-04: time = 1.59195570e-02
# iteration   455: delta_max = 5.76218320e-04: time = 1.13379220e-02
# iteration   456: delta_max = 5.57570068e-04: time = 2.42164790e-02
# iteration   457: delta_max = 5.57559992e-04: time = 2.43397760e-02
# iteration   458: delta_max = 5.57148827e-04: time = 2.39296620e-02
# iteration   459: delta_max = 5.56191757e-04: time = 1.27609430e-02
# iteration   460: delta_max = 5.55582173e-04: time = 1.26490310e-02
# iteration   461: delta_max = 5.48451538e-04: time = 1.64020840e-02
# iteration   462: delta_max = 5.39929337e-04: time = 2.39782970e-02
# iteration   463: delta_max = 5.38788055e-04: time = 2.40341530e-02
# iteration   464: delta_max = 5.17572572e-04: time = 1.63464180e-02
# iteration   465: delta_max = 5.06424528e-04: time = 1.27585180e-02
# iteration   466: delta_max = 5.06424375e-04: time = 1.26658270e-02
# iteration   467: delta_max = 4.93199843e-04: time = 1.40351000e-02
# iteration   468: delta_max = 4.91117562e-04: time = 1.39679590e-02
# iteration   469: delta_max = 4.91111788e-04: time = 1.45367180e-02
# iteration   470: delta_max = 4.91059503e-04: time = 1.45519070e-02
# iteration   471: delta_max = 4.61030388e-04: time = 1.46135860e-02
# iteration   472: delta_max = 4.42808971e-04: time = 1.27016300e-02
# iteration   473: delta_max = 4.42313676e-04: time = 1.35520410e-02
# iteration   474: delta_max = 4.32053613e-04: time = 2.04681740e-02
# iteration   475: delta_max = 4.18660702e-04: time = 1.68607030e-02
# iteration   476: delta_max = 3.93099249e-04: time = 1.68963240e-02
# iteration   477: delta_max = 3.93088407e-04: time = 1.65985800e-02
# iteration   478: delta_max = 3.80499500e-04: time = 1.65191850e-02
# iteration   479: delta_max = 3.74382093e-04: time = 1.28601990e-02
# iteration   480: delta_max = 3.69567717e-04: time = 1.29129560e-02
# iteration   481: delta_max = 3.64576280e-04: time = 2.41367260e-02
# iteration   482: delta_max = 3.63461267e-04: time = 1.65585020e-02
# iteration   483: delta_max = 3.60142573e-04: time = 2.41673641e-02
# iteration   484: delta_max = 3.59677816e-04: time = 1.65073310e-02
# iteration   485: delta_max = 3.50273878e-04: time = 1.65662460e-02
# iteration   486: delta_max = 3.47489552e-04: time = 1.65488890e-02
# iteration   487: delta_max = 3.35310033e-04: time = 2.41619960e-02
# iteration   488: delta_max = 3.35059961e-04: time = 2.42495520e-02
# iteration   489: delta_max = 3.28899721e-04: time = 2.42142960e-02
# iteration   490: delta_max = 3.22846295e-04: time = 2.40927910e-02
# iteration   491: delta_max = 2.89668949e-04: time = 1.66377070e-02
# iteration   492: delta_max = 2.63566570e-04: time = 1.64684000e-02
# iteration   493: delta_max = 2.63495850e-04: time = 1.65494820e-02
# iteration   494: delta_max = 2.31733175e-04: time = 1.66316550e-02
# iteration   495: delta_max = 2.30964037e-04: time = 1.29488490e-02
# iteration   496: delta_max = 2.30283990e-04: time = 1.29241710e-02
# iteration   497: delta_max = 2.29968870e-04: time = 1.67001690e-02
# iteration   498: delta_max = 2.07362013e-04: time = 1.29640960e-02
# iteration   499: delta_max = 2.07361244e-04: time = 1.29709780e-02
# iteration   500: delta_max = 2.02025386e-04: time = 1.30744160e-02
# iteration   501: delta_max = 2.00229245e-04: time = 1.29902460e-02
# iteration   502: delta_max = 1.83164474e-04: time = 1.30315990e-02
# iteration   503: delta_max = 1.76550701e-04: time = 1.49719450e-02
# iteration   504: delta_max = 1.75395448e-04: time = 2.17036250e-02
# iteration   505: delta_max = 1.73963438e-04: time = 1.68422920e-02
# iteration   506: delta_max = 1.72319659e-04: time = 1.71263500e-02
# iteration   507: delta_max = 1.55909480e-04: time = 1.52440240e-02
# iteration   508: delta_max = 1.55359663e-04: time = 1.30322600e-02
# iteration   509: delta_max = 1.55209088e-04: time = 1.32800631e-02
# iteration   510: delta_max = 1.54552500e-04: time = 9.44254996e-03
# iteration   511: delta_max = 1.54230634e-04: time = 9.43910202e-03
# iteration   512: delta_max = 1.42768931e-04: time = 1.30869290e-02
# iteration   513: delta_max = 1.40084752e-04: time = 2.47251570e-02
# iteration   514: delta_max = 1.40080039e-04: time = 2.44176190e-02
# iteration   515: delta_max = 1.37453240e-04: time = 2.44694250e-02
# iteration   516: delta_max = 1.37259328e-04: time = 2.45794940e-02
# iteration   517: delta_max = 1.26400711e-04: time = 2.44524140e-02
# iteration   518: delta_max = 1.23363475e-04: time = 1.68968090e-02
# iteration   519: delta_max = 1.22804019e-04: time = 2.45319880e-02
# iteration   520: delta_max = 1.19074466e-04: time = 1.67950340e-02
# iteration   521: delta_max = 1.18892818e-04: time = 9.59666999e-03
# iteration   522: delta_max = 1.18672303e-04: time = 1.80365130e-02
# iteration   523: delta_max = 1.17369326e-04: time = 9.52316797e-03
# iteration   524: delta_max = 1.17302731e-04: time = 1.49018390e-02
# iteration   525: delta_max = 1.16417240e-04: time = 1.82826440e-02
# iteration   526: delta_max = 1.14434497e-04: time = 2.48640370e-02
# iteration   527: delta_max = 1.14380976e-04: time = 2.44664970e-02
# iteration   528: delta_max = 1.07604405e-04: time = 1.68324710e-02
# iteration   529: delta_max = 1.01880022e-04: time = 1.51666090e-02
# iteration   530: delta_max = 1.01602354e-04: time = 1.51290950e-02
# iteration   531: delta_max = 9.84654661e-05: time = 1.81718980e-02
# iteration   532: delta_max = 9.71345022e-05: time = 1.72535990e-02
# iteration   533: delta_max = 9.69232340e-05: time = 1.82655020e-02
# iteration   534: delta_max = 9.62912673e-05: time = 1.32758350e-02
# iteration   535: delta_max = 9.38401218e-05: time = 1.51705010e-02
# iteration   536: delta_max = 9.22607869e-05: time = 1.81404490e-02
# iteration   537: delta_max = 9.20390842e-05: time = 1.81677680e-02
# iteration   538: delta_max = 9.04813902e-05: time = 1.81707960e-02
# iteration   539: delta_max = 9.03866839e-05: time = 1.81582980e-02
# iteration   540: delta_max = 8.81629955e-05: time = 1.81840140e-02
# iteration   541: delta_max = 8.80622076e-05: time = 1.82645920e-02
# iteration   542: delta_max = 8.52060413e-05: time = 1.82665100e-02
# iteration   543: delta_max = 8.48485301e-05: time = 1.80916900e-02
# iteration   544: delta_max = 8.23754112e-05: time = 2.45892540e-02
# iteration   545: delta_max = 8.22536392e-05: time = 2.48412370e-02
# iteration   546: delta_max = 7.89555157e-05: time = 1.83785390e-02
# iteration   547: delta_max = 7.87342953e-05: time = 1.83322160e-02
# iteration   548: delta_max = 7.84662046e-05: time = 2.46818440e-02
# iteration   549: delta_max = 7.81855885e-05: time = 2.46599520e-02
# iteration   550: delta_max = 7.55942718e-05: time = 1.98519970e-02
# iteration   551: delta_max = 7.54980659e-05: time = 1.49988430e-02
# iteration   552: delta_max = 7.00102221e-05: time = 1.86433770e-02
# iteration   553: delta_max = 6.90236409e-05: time = 1.83926500e-02
# iteration   554: delta_max = 6.65871629e-05: time = 1.16265810e-02
# iteration   555: delta_max = 6.47710928e-05: time = 1.85029830e-02
# iteration   556: delta_max = 6.27003328e-05: time = 1.82548070e-02
# iteration   557: delta_max = 6.24506171e-05: time = 2.05622880e-02
# iteration   558: delta_max = 6.22387094e-05: time = 1.39387870e-02
# iteration   559: delta_max = 6.11713503e-05: time = 1.88930730e-02
# iteration   560: delta_max = 6.06254500e-05: time = 1.84442290e-02
# iteration   561: delta_max = 6.01068886e-05: time = 1.83917600e-02
# iteration   562: delta_max = 5.89879004e-05: time = 1.83422390e-02
# iteration   563: delta_max = 5.82872059e-05: time = 1.88489380e-02
# iteration   564: delta_max = 5.63748294e-05: time = 2.49829510e-02
# iteration   565: delta_max = 5.57941789e-05: time = 1.83691180e-02
# iteration   566: delta_max = 5.46454187e-05: time = 1.54081310e-02
# iteration   567: delta_max = 5.45632076e-05: time = 1.53152550e-02
# iteration   568: delta_max = 5.42383631e-05: time = 2.46459730e-02
# iteration   569: delta_max = 5.42383629e-05: time = 2.50492840e-02
# iteration   570: delta_max = 5.28047631e-05: time = 1.83663760e-02
# iteration   571: delta_max = 4.99671331e-05: time = 2.47763800e-02
# iteration   572: delta_max = 4.91124606e-05: time = 1.84618500e-02
# iteration   573: delta_max = 4.90219239e-05: time = 1.92785540e-02
# iteration   574: delta_max = 4.87602805e-05: time = 1.84974280e-02
# iteration   575: delta_max = 4.84744468e-05: time = 1.83902950e-02
# iteration   576: delta_max = 4.80383188e-05: time = 2.49629180e-02
# iteration   577: delta_max = 4.63002133e-05: time = 1.84481920e-02
# iteration   578: delta_max = 4.62597352e-05: time = 1.84775670e-02
# iteration   579: delta_max = 4.48200750e-05: time = 9.96244902e-03
# iteration   580: delta_max = 4.38901824e-05: time = 2.48912230e-02
# iteration   581: delta_max = 4.26931595e-05: time = 1.36563960e-02
# iteration   582: delta_max = 4.26432850e-05: time = 1.37371490e-02
# iteration   583: delta_max = 4.25746429e-05: time = 1.36521090e-02
# iteration   584: delta_max = 4.24477476e-05: time = 1.37181920e-02
# iteration   585: delta_max = 4.19648063e-05: time = 2.49761830e-02
# iteration   586: delta_max = 4.18997765e-05: time = 1.37645810e-02
# iteration   587: delta_max = 4.16334974e-05: time = 4.52173410e-02
# iteration   588: delta_max = 4.15847078e-05: time = 1.74359470e-02
# iteration   589: delta_max = 4.13682019e-05: time = 1.85367500e-02
# iteration   590: delta_max = 4.13345347e-05: time = 1.37868840e-02
# iteration   591: delta_max = 4.13315988e-05: time = 1.37303450e-02
# iteration   592: delta_max = 3.92545310e-05: time = 1.73610130e-02
# iteration   593: delta_max = 3.90923872e-05: time = 1.74872380e-02
# iteration   594: delta_max = 3.84605440e-05: time = 1.85676370e-02
# iteration   595: delta_max = 3.79814669e-05: time = 1.73486120e-02
# iteration   596: delta_max = 3.79805647e-05: time = 1.75317990e-02
# iteration   597: delta_max = 3.79325923e-05: time = 1.87794860e-02
# iteration   598: delta_max = 3.71652062e-05: time = 1.86698679e-02
# iteration   599: delta_max = 3.70681254e-05: time = 1.87472780e-02
# iteration   600: delta_max = 3.67569834e-05: time = 1.86666190e-02
# iteration   601: delta_max = 3.67186965e-05: time = 1.86415310e-02
# iteration   602: delta_max = 3.66581729e-05: time = 1.88237250e-02
# iteration   603: delta_max = 3.59265233e-05: time = 1.74160640e-02
# iteration   604: delta_max = 3.52824719e-05: time = 2.45090741e-02
# iteration   605: delta_max = 3.52264258e-05: time = 2.13439210e-02
# iteration   606: delta_max = 3.52209296e-05: time = 1.86856320e-02
# iteration   607: delta_max = 3.29688671e-05: time = 1.88270090e-02
# iteration   608: delta_max = 3.08890024e-05: time = 2.05623990e-02
# iteration   609: delta_max = 3.08620675e-05: time = 1.29507790e-02
# iteration   610: delta_max = 3.05273799e-05: time = 1.78692390e-02
# iteration   611: delta_max = 3.01573935e-05: time = 1.59525800e-02
# iteration   612: delta_max = 2.99593431e-05: time = 1.57197890e-02
# iteration   613: delta_max = 2.97874702e-05: time = 1.74744340e-02
# iteration   614: delta_max = 2.94690796e-05: time = 1.79869000e-02
# iteration   615: delta_max = 2.79919767e-05: time = 1.88204250e-02
# iteration   616: delta_max = 2.75358255e-05: time = 1.89001670e-02
# iteration   617: delta_max = 2.72367741e-05: time = 2.51748830e-02
# iteration   618: delta_max = 2.66566649e-05: time = 1.03514390e-02
# iteration   619: delta_max = 2.64737525e-05: time = 1.87565010e-02
# iteration   620: delta_max = 2.63757392e-05: time = 1.89956340e-02
# iteration   621: delta_max = 2.59044814e-05: time = 1.43052310e-02
# iteration   622: delta_max = 2.58706526e-05: time = 1.24172700e-02
# iteration   623: delta_max = 2.53042401e-05: time = 2.62223450e-02
# iteration   624: delta_max = 2.39981005e-05: time = 1.20272500e-02
# iteration   625: delta_max = 2.39765423e-05: time = 1.19249870e-02
# iteration   626: delta_max = 2.33318347e-05: time = 1.95529510e-02
# iteration   627: delta_max = 2.28686197e-05: time = 1.88452290e-02
# iteration   628: delta_max = 2.24628806e-05: time = 1.91545740e-02
# iteration   629: delta_max = 2.17279076e-05: time = 2.52313510e-02
# iteration   630: delta_max = 2.02910276e-05: time = 2.27268900e-02
# iteration   631: delta_max = 1.98052024e-05: time = 1.92241740e-02
# iteration   632: delta_max = 1.98037979e-05: time = 1.77768790e-02
# iteration   633: delta_max = 1.96159152e-05: time = 1.59586720e-02
# iteration   634: delta_max = 1.95339258e-05: time = 1.59695650e-02
# iteration   635: delta_max = 1.82809913e-05: time = 1.92113190e-02
# iteration   636: delta_max = 1.77802767e-05: time = 1.89929440e-02
# iteration   637: delta_max = 1.74985723e-05: time = 1.89301340e-02
# iteration   638: delta_max = 1.71806122e-05: time = 1.90010840e-02
# iteration   639: delta_max = 1.70520056e-05: time = 1.90475300e-02
# iteration   640: delta_max = 1.70414026e-05: time = 1.90318490e-02
# iteration   641: delta_max = 1.68262444e-05: time = 1.27509630e-02
# iteration   642: delta_max = 1.67152799e-05: time = 1.27575410e-02
# iteration   643: delta_max = 1.59790130e-05: time = 2.07430150e-02
# iteration   644: delta_max = 1.57675785e-05: time = 1.05795940e-02
# iteration   645: delta_max = 1.57279259e-05: time = 1.92596970e-02
# iteration   646: delta_max = 1.54120801e-05: time = 1.42698530e-02
# iteration   647: delta_max = 1.52326219e-05: time = 1.05204230e-02
# iteration   648: delta_max = 1.49684234e-05: time = 1.42863640e-02
# iteration   649: delta_max = 1.46433497e-05: time = 2.57504800e-02
# iteration   650: delta_max = 1.43120660e-05: time = 1.90926370e-02
# iteration   651: delta_max = 1.42852612e-05: time = 2.55469690e-02
# iteration   652: delta_max = 1.39211198e-05: time = 1.43456370e-02
# iteration   653: delta_max = 1.35248778e-05: time = 1.90522780e-02
# iteration   654: delta_max = 1.34685445e-05: time = 3.23604020e-02
# iteration   655: delta_max = 1.34017396e-05: time = 1.92701310e-02
# iteration   656: delta_max = 1.33880168e-05: time = 1.44418000e-02
# iteration   657: delta_max = 1.28537820e-05: time = 1.25934890e-02
# iteration   658: delta_max = 1.24834224e-05: time = 1.93336700e-02
# iteration   659: delta_max = 1.24507591e-05: time = 1.91088230e-02
# iteration   660: delta_max = 1.24499095e-05: time = 1.91808120e-02
# iteration   661: delta_max = 1.24396449e-05: time = 1.90776090e-02
# iteration   662: delta_max = 1.21427163e-05: time = 1.90960700e-02
# iteration   663: delta_max = 1.18847911e-05: time = 1.91646090e-02
# iteration   664: delta_max = 1.17802509e-05: time = 1.94113490e-02
# iteration   665: delta_max = 1.17422666e-05: time = 1.91227150e-02
# iteration   666: delta_max = 1.16410907e-05: time = 1.91888970e-02
# iteration   667: delta_max = 1.14335618e-05: time = 1.92560281e-02
# iteration   668: delta_max = 1.12304505e-05: time = 1.80795010e-02
# iteration   669: delta_max = 1.07164878e-05: time = 1.44463980e-02
# iteration   670: delta_max = 1.06366068e-05: time = 1.43480380e-02
# iteration   671: delta_max = 1.03266736e-05: time = 1.90480869e-02
# iteration   672: delta_max = 1.02487740e-05: time = 1.23922410e-02
# iteration   673: delta_max = 1.01662521e-05: time = 1.81507820e-02
# iteration   674: delta_max = 1.01108731e-05: time = 1.80394700e-02
# iteration   675: delta_max = 9.99892846e-06: time = 3.40396820e-02
 # Orthogonalising Cholesky vectors.
 # Time to orthogonalise: 0.088275
nelec: (26, 26)
nbasis: 118
chol.shape: (675, 13924)

******** <class 'pyscf.cc.ccsd.CCSD'> ********
CC2 = 0
CCSD nocc = 26, nmo = 118
frozen orbitals 0
max_cycle = 50
direct = 0
conv_tol = 1e-07
conv_tol_normt = 1e-05
diis_space = 6
diis_start_cycle = 0
diis_start_energy_diff = 1e+09
max_memory 4000 MB (current use 957 MB)
    CPU time for CCSD integral transformation     34.37 sec, wall time      0.96 sec
Init t2, MP2 energy = -542.450729488285  E_corr(MP2) -1.38949523185994
    CPU time for init mp2      3.82 sec, wall time      0.11 sec
Init E_corr(CCSD) = -1.38949523187363
cycle = 1  E_corr(CCSD) = -1.01638341735932  dE = 0.373111815  norm(t1,t2) = 0.258203
    CPU time for CCSD iter    112.37 sec, wall time      3.89 sec
cycle = 2  E_corr(CCSD) = -1.27477302005232  dE = -0.258389603  norm(t1,t2) = 0.189378
    CPU time for CCSD iter    132.89 sec, wall time      4.32 sec
cycle = 3  E_corr(CCSD) = -1.18891580167346  dE = 0.0858572184  norm(t1,t2) = 0.126678
    CPU time for CCSD iter    124.37 sec, wall time      3.98 sec
cycle = 4  E_corr(CCSD) = -1.18623244021763  dE = 0.00268336146  norm(t1,t2) = 0.0188557
    CPU time for CCSD iter    118.43 sec, wall time      3.78 sec
cycle = 5  E_corr(CCSD) = -1.19367395310647  dE = -0.00744151289  norm(t1,t2) = 0.0132938
    CPU time for CCSD iter    119.18 sec, wall time      3.78 sec
cycle = 6  E_corr(CCSD) = -1.19549661766109  dE = -0.00182266455  norm(t1,t2) = 0.00306966
    CPU time for CCSD iter    115.72 sec, wall time      4.04 sec
cycle = 7  E_corr(CCSD) = -1.1950418763219  dE = 0.000454741339  norm(t1,t2) = 0.00208467
    CPU time for CCSD iter    119.16 sec, wall time      4.01 sec
cycle = 8  E_corr(CCSD) = -1.19487740359794  dE = 0.000164472724  norm(t1,t2) = 0.00115857
    CPU time for CCSD iter    114.46 sec, wall time      3.68 sec
cycle = 9  E_corr(CCSD) = -1.19507836188692  dE = -0.000200958289  norm(t1,t2) = 0.000867386
    CPU time for CCSD iter    102.72 sec, wall time      3.22 sec
cycle = 10  E_corr(CCSD) = -1.19496782333309  dE = 0.000110538554  norm(t1,t2) = 0.000414483
    CPU time for CCSD iter     94.73 sec, wall time      2.88 sec
cycle = 11  E_corr(CCSD) = -1.19494479256861  dE = 2.30307645e-05  norm(t1,t2) = 0.00023673
    CPU time for CCSD iter     91.97 sec, wall time      2.77 sec
cycle = 12  E_corr(CCSD) = -1.19494547828254  dE = -6.85713929e-07  norm(t1,t2) = 0.000147833
    CPU time for CCSD iter    103.47 sec, wall time      3.24 sec
cycle = 13  E_corr(CCSD) = -1.19494936395892  dE = -3.88567638e-06  norm(t1,t2) = 7.1198e-05
    CPU time for CCSD iter    123.91 sec, wall time      4.08 sec
cycle = 14  E_corr(CCSD) = -1.19495101544571  dE = -1.65148679e-06  norm(t1,t2) = 4.10413e-05
    CPU time for CCSD iter     90.81 sec, wall time      2.98 sec
cycle = 15  E_corr(CCSD) = -1.19495389508559  dE = -2.87963988e-06  norm(t1,t2) = 1.82712e-05
    CPU time for CCSD iter     97.27 sec, wall time      2.98 sec
cycle = 16  E_corr(CCSD) = -1.19495527388803  dE = -1.37880245e-06  norm(t1,t2) = 9.13834e-06
    CPU time for CCSD iter     90.83 sec, wall time      2.78 sec
cycle = 17  E_corr(CCSD) = -1.19495507560063  dE = 1.98287404e-07  norm(t1,t2) = 5.77627e-06
    CPU time for CCSD iter     91.50 sec, wall time      2.74 sec
cycle = 18  E_corr(CCSD) = -1.19495547998602  dE = -4.04385395e-07  norm(t1,t2) = 2.55031e-06
    CPU time for CCSD iter    100.58 sec, wall time      3.10 sec
cycle = 19  E_corr(CCSD) = -1.19495538671191  dE = 9.32741147e-08  norm(t1,t2) = 1.35541e-06
    CPU time for CCSD iter    112.21 sec, wall time      3.56 sec
    CPU time for CCSD   2056.57 sec, wall time     65.78 sec
CCSD converged
E(CCSD) = -542.2561896431364  E_corr = -1.194955386711908
    CPU time for CCSD integral transformation     31.77 sec, wall time      0.89 sec
max_memory 2379 MB (1620 MB in use)
    CPU time for CCSD(T)     79.28 sec, wall time      2.35 sec
CCSD(T) correction = -0.093982943547589
CCSD(T) energy -542.350172586684
