#INFO: **** input file is /projects/anma2640/pauxy/examples/generic/paper/cu2o2/32e/0.8/cu2o2.py ****
import numpy
import math, os, time, sys
import h5py
import scipy.sparse
from pyscf import gto, scf, mcscf, fci, ao2mo, lib, tools, cc
from pauxy.systems.generic import Generic
import scipy.linalg as la
from pauxy.utils.from_pyscf import generate_integrals
from pyscf.shciscf import shci
import prepVMC


# Cu2O2^2+: bis f = 0., per f = 1.
if len(sys.argv) == 2:
    f = float(sys.argv[1])
else:
    f = 0.

# bond lengths
cu_cu = 2.8 + f * 0.8
o_o = 2.3 - f * 0.9

atomString = f'Cu {-cu_cu/2} 0. 0.; Cu {cu_cu/2} 0. 0.; O 0. {o_o/2} 0.; O 0. {-o_o/2} 0.'

mol = gto.M(atom = atomString,
    basis = {'O': gto.basis.parse('''
O    S
 105374.95                   0.459000000E-04             -0.105000000E-04            0.900000000E-05             -0.109000000E-04
  15679.240                  0.360700000E-03             -0.825000000E-04            0.705000000E-04             -0.822000000E-04
   3534.5447                 0.191980000E-02             -0.441200000E-03            0.375700000E-03             -0.467500000E-03
    987.36516                0.820670000E-02             -0.188640000E-02            0.161460000E-02             -0.184650000E-02
    315.97875                0.297257000E-01             -0.695400000E-02            0.593400000E-02             -0.755850000E-02
    111.65428                0.904558000E-01             -0.217208000E-01            0.187866000E-01             -0.210868000E-01
     42.699451               0.217405400E+00             -0.568513000E-01            0.494683000E-01             -0.667511000E-01
     17.395596               0.368765700E+00             -0.113963500E+00            0.103039900E+00             -0.109367300E+00
      7.4383090              0.337279800E+00             -0.162020100E+00            0.162058600E+00             -0.273143100E+00
      3.2228620              0.967505000E-01             -0.333800000E-01            0.936700000E-03             0.209713700E+00
      1.2538770              0.256740000E-02             0.365506800E+00             -0.822425100E+00            0.120348070E+01
       .49515500             0.137460000E-02             0.552003100E+00             -0.101790200E+00            -0.677469400E+00
       .19166500             -0.141000000E-03            0.223639300E+00             0.425393900E+00             -0.142988400E+01
       .06708300             0.683000000E-04             0.657450000E-02             0.687702800E+00             0.148910680E+01
O    P
    200.00000                0.893300000E-03            -0.838400000E-03            0.126180000E-02
     46.533367               0.736900000E-02            -0.684910000E-02            0.111628000E-01
     14.621809               0.349392000E-01            -0.328505000E-01            0.518316000E-01
      5.3130640              0.115298500E+00            -0.110006000E+00            0.197884500E+00
      2.1025250              0.258323100E+00            -0.313526300E+00            0.570765200E+00
       .85022300             0.369623100E+00            -0.319601100E+00            -0.178929100E+00
       .33759700             0.323878900E+00            0.221724300E+00             -0.898207700E+00
       .12889200             0.146798900E+00            0.562261600E+00             0.266664300E+00
       .04511200             0.336127000E-01            0.301325100E+00             0.625899400E+00
O    D
      3.7500000              0.12849340            -0.21820550
      1.3125000              0.52118840            -0.48176950
       .45937500             0.43457840             0.13575950
       .16078100             0.14574090             0.82977340
    '''),
    'Cu': gto.basis.parse('''
Cu    S
     27.6963200              0.2311320              0.0000000              0.0000000              0.0000000              0.0000000              0.0000000
     13.5053500             -0.6568110              0.0000000              0.0000000              0.0000000              0.0000000              0.0000000
      8.8153550             -0.5458750              0.0000000              0.0000000              0.0000000              0.0000000              0.0000000
      2.3808050              0.0000000              1.0000000              0.0000000              0.0000000              0.0000000              0.0000000
      0.9526160              0.0000000              0.0000000              1.0000000              0.0000000              0.0000000              0.0000000
      0.1126620              0.0000000              0.0000000              0.0000000              1.0000000              0.0000000              0.0000000
      0.0404860              0.0000000              0.0000000              0.0000000              0.0000000              1.0000000              0.0000000
      0.0100000              0.0000000              0.0000000              0.0000000              0.0000000              0.0000000              1.0000000
Cu    P
     93.5043270              0.0228290              0.0000000              0.0000000              0.0000000              0.0000000
     16.2854640             -1.0095130              0.0000000              0.0000000              0.0000000              0.0000000
      5.9942360              0.0000000              0.2464500              0.0000000              0.0000000              0.0000000
      2.5368750              0.0000000              0.7920240              0.0000000              0.0000000              0.0000000
      0.8979340              0.0000000              0.0000000              1.0000000              0.0000000              0.0000000
      0.1317290              0.0000000              0.0000000              0.0000000              1.0000000              0.0000000
      0.0308780              0.0000000              0.0000000              0.0000000              0.0000000              1.0000000
Cu    D
     41.2250060              0.0446940              0.0000000              0.0000000
     12.3432500              0.2121060              0.0000000              0.0000000
      4.2019200              0.4534230              0.0000000              0.0000000
      1.3798250              0.5334650              0.0000000              0.0000000
      0.3834530              0.0000000              1.0000000              0.0000000
      0.1000000              0.0000000              0.0000000              1.0000000
    ''')},
    ecp = {'Cu': gto.basis.parse_ecp('''
Cu nelec 10
Cu ul
2       1.000000000            0.000000000
Cu S
2      30.220000000          355.770158000
2      13.190000000           70.865357000
Cu P
2      33.130000000          233.891976000
2      13.220000000           53.947299000
Cu D
2      38.420000000          -31.272165000
2      13.260000000           -2.741104000
    ''')},
    verbose = 4, unit = 'angstrom', symmetry = 1, spin = 0, charge = 2)
mf = scf.RHF(mol)
#mf.chkfile = f'cu2o2_{f}_SHCISCF.chk'
#mf.__dict__.update(lib.chkfile.load(chkfile, 'scf'))
#mf.init_guess = '1e'
mf.level_shift = 0.1
mf.scf()
print(f'mol.nao: {mol.nao}')
print(f'mol.elec: {mol.nelec}')

norbFrozen = 10
ncore = 10

mc1 = shci.SHCISCF(mf,  mol.nao - ncore, mol.nelectron - 2*ncore)
#chkfile = f'cu2o2_{f}_SHCISCF.chk'
#mc1.__dict__.update(lib.chkfile.load(chkfile, 'mcscf'))
mc1.chkfile = f'cu2o2_{f}_SHCISCF.chk'
mc1.frozen = norbFrozen
mc1.fcisolver.sweep_iter = [ 0 ]
mc1.fcisolver.sweep_epsilon = [ 1e-3 ]
mc1.fcisolver.nPTiter = 0
mc1.max_cycle_macro = 10
mc1.internal_rotation = True
mc1.fcisolver.nPTiter = 0  # Turns off PT calculation, i.e. no PTRDM.
mc1.fcisolver.mpiprefix = "mpirun"
#mc1.fcisolver.scratchDirectory = "/rc_scratch/anma2640/cu2o2/"
mc1.fcisolver.scratchDirectory = "/scratch/summit/anma2640/cu2o2/"
mc1.mc1step()


mc0 = mcscf.CASSCF(mf, mol.nao - ncore, mol.nelectron - 2*ncore)
mc0.mo_coeff = mc1.mo_coeff
nelecAct = mol.nelectron - 2*ncore
moCore = mc0.mo_coeff[:,:ncore]
core_dm = 2 * moCore.dot(moCore.T)
corevhf = mc0.get_veff(mol, core_dm)
energy_core = mol.energy_nuc()
energy_core += numpy.einsum('ij,ji', core_dm, mc0.get_hcore())
energy_core += numpy.einsum('ij,ji', core_dm, corevhf) * .5
moActDice = mc0.mo_coeff[:, ncore:]
h1eff = moActDice.T.dot(mc0.get_hcore() + corevhf).dot(moActDice)
#h1eff = moActDice.T.dot(mc0.get_hcore()).dot(moActDice)
eri = ao2mo.kernel(mol, moActDice)
tools.fcidump.from_integrals('FCIDUMP_can', h1eff, eri, mol.nao - ncore, mol.nelectron - 2*ncore, energy_core)

norbAct = mol.nao - norbFrozen
nelecAct = mol.nelectron - 2*norbFrozen
mc = mcscf.CASSCF(mf, norbAct, nelecAct)
mc.mo_coeff = mc1.mo_coeff
moFrozen = mc.mo_coeff[:,:norbFrozen]
moActive = mc0.mo_coeff[:,norbFrozen:]
core_dm = 2 * moFrozen.dot(moFrozen.T)
corevhf = mc.get_veff(mol, core_dm)
energy_core = mol.energy_nuc()
energy_core += numpy.einsum('ij,ji', core_dm, mc.get_hcore())
energy_core += numpy.einsum('ij,ji', core_dm, corevhf) * .5

rhfCoeffs = numpy.eye(norbAct)
prepVMC.writeMat(rhfCoeffs, "rhf.txt")
h1e, chol, nelec, enuc = generate_integrals(mol, mf.get_hcore(), mc0.mo_coeff, chol_cut=1e-5, verbose=True)

nbasis = h1e.shape[-1]
rotCorevhf = moActive.T.dot(corevhf).dot(moActive)
h1e = h1e[norbFrozen:, norbFrozen:] + rotCorevhf
chol = chol.reshape((-1, nbasis, nbasis))
chol = chol[:, norbFrozen:, norbFrozen:]
mol.nelec = (mol.nelec[0]-norbFrozen, mol.nelec[1]-norbFrozen)
enuc = energy_core

# after core averaging
nbasis = h1e.shape[-1]
print(f'nelec: {nelec}')
print(f'nbasis: {nbasis}')
print(f'chol.shape: {chol.shape}')
chol = chol.reshape((-1, nbasis, nbasis))
v0 = 0.5 * numpy.einsum('nik,njk->ij', chol, chol, optimize='optimal')
h1e_mod = h1e - v0

chol = chol.reshape((chol.shape[0], -1))
prepVMC.write_dqmc(h1e, h1e_mod, chol, sum(mol.nelec), nbasis, enuc, filename='FCIDUMP_chol')

# ccsd
mycc = cc.CCSD(mf)
mycc.frozen = norbFrozen
mycc.verbose = 5
mycc.kernel()
overlap = mf.get_ovlp(mol)
rotation = (mc0.mo_coeff[:, norbFrozen:].T).dot(overlap.dot(mf.mo_coeff[:, norbFrozen:]))
prepVMC.write_ccsd(mycc.t1, mycc.t2, rotation=rotation)

et = mycc.ccsd_t()
print('CCSD(T) energy', mycc.e_tot + et)
#INFO: ******************** input file end ********************


System: uname_result(system='Linux', node='shas0104.rc.int.colorado.edu', release='3.10.0-957.21.3.el7.x86_64', version='#1 SMP Tue Jun 18 16:35:19 UTC 2019', machine='x86_64', processor='x86_64')  Threads 24
Python 3.8.3 (default, May 19 2020, 18:47:26) 
[GCC 7.3.0]
numpy 1.19.1  scipy 1.5.2
Date: Tue Feb 23 22:24:06 2021
PySCF version 1.7.4
PySCF path  /projects/anma2640/pyscf/pyscf
GIT HEAD      ref: refs/heads/master
GIT master branch  14142ec394cbdcffb8e214fba6b1d6cde9025e9a

[CONFIG] conf_file None
[INPUT] verbose = 4
[INPUT] num. atoms = 4
[INPUT] num. electrons = 52
[INPUT] charge = 2
[INPUT] spin (= nelec alpha-beta = 2S) = 0
[INPUT] symmetry 1 subgroup None
[INPUT] Mole.unit = angstrom
[INPUT]  1 Cu    -1.720000000000   0.000000000000   0.000000000000 AA   -3.250328934252   0.000000000000   0.000000000000 Bohr
[INPUT]  2 Cu     1.720000000000   0.000000000000   0.000000000000 AA    3.250328934252   0.000000000000   0.000000000000 Bohr
[INPUT]  3 O      0.000000000000   0.790000000000   0.000000000000 AA    0.000000000000   1.492883638406   0.000000000000 Bohr
[INPUT]  4 O      0.000000000000  -0.790000000000   0.000000000000 AA    0.000000000000  -1.492883638406   0.000000000000 Bohr

nuclear repulsion = 246.9532638378
point group symmetry = D2h
num. orbitals of irrep Ag = 28
num. orbitals of irrep B1g = 13
num. orbitals of irrep B2g = 10
num. orbitals of irrep B3g = 8
num. orbitals of irrep Au = 5
num. orbitals of irrep B1u = 13
num. orbitals of irrep B2u = 19
num. orbitals of irrep B3u = 22
number of shells = 12
number of NR pGTOs = 240
number of NR cGTOs = 118
basis = {'O': [[0, [105374.95, 4.59e-05, -1.05e-05, 9e-06, -1.09e-05], [15679.24, 0.0003607, -8.25e-05, 7.05e-05, -8.22e-05], [3534.5447, 0.0019198, -0.0004412, 0.0003757, -0.0004675], [987.36516, 0.0082067, -0.0018864, 0.0016146, -0.0018465], [315.97875, 0.0297257, -0.006954, 0.005934, -0.0075585], [111.65428, 0.0904558, -0.0217208, 0.0187866, -0.0210868], [42.699451, 0.2174054, -0.0568513, 0.0494683, -0.0667511], [17.395596, 0.3687657, -0.1139635, 0.1030399, -0.1093673], [7.438309, 0.3372798, -0.1620201, 0.1620586, -0.2731431], [3.222862, 0.0967505, -0.03338, 0.0009367, 0.2097137], [1.253877, 0.0025674, 0.3655068, -0.8224251, 1.2034807], [0.495155, 0.0013746, 0.5520031, -0.1017902, -0.6774694], [0.191665, -0.000141, 0.2236393, 0.4253939, -1.429884], [0.067083, 6.83e-05, 0.0065745, 0.6877028, 1.4891068]], [1, [200.0, 0.0008933, -0.0008384, 0.0012618], [46.533367, 0.007369, -0.0068491, 0.0111628], [14.621809, 0.0349392, -0.0328505, 0.0518316], [5.313064, 0.1152985, -0.110006, 0.1978845], [2.102525, 0.2583231, -0.3135263, 0.5707652], [0.850223, 0.3696231, -0.3196011, -0.1789291], [0.337597, 0.3238789, 0.2217243, -0.8982077], [0.128892, 0.1467989, 0.5622616, 0.2666643], [0.045112, 0.0336127, 0.3013251, 0.6258994]], [2, [3.75, 0.1284934, -0.2182055], [1.3125, 0.5211884, -0.4817695], [0.459375, 0.4345784, 0.1357595], [0.160781, 0.1457409, 0.8297734]]], 'Cu': [[0, [27.69632, 0.231132, 0.0, 0.0, 0.0, 0.0, 0.0], [13.50535, -0.656811, 0.0, 0.0, 0.0, 0.0, 0.0], [8.815355, -0.545875, 0.0, 0.0, 0.0, 0.0, 0.0], [2.380805, 0.0, 1.0, 0.0, 0.0, 0.0, 0.0], [0.952616, 0.0, 0.0, 1.0, 0.0, 0.0, 0.0], [0.112662, 0.0, 0.0, 0.0, 1.0, 0.0, 0.0], [0.040486, 0.0, 0.0, 0.0, 0.0, 1.0, 0.0], [0.01, 0.0, 0.0, 0.0, 0.0, 0.0, 1.0]], [1, [93.504327, 0.022829, 0.0, 0.0, 0.0, 0.0], [16.285464, -1.009513, 0.0, 0.0, 0.0, 0.0], [5.994236, 0.0, 0.24645, 0.0, 0.0, 0.0], [2.536875, 0.0, 0.792024, 0.0, 0.0, 0.0], [0.897934, 0.0, 0.0, 1.0, 0.0, 0.0], [0.131729, 0.0, 0.0, 0.0, 1.0, 0.0], [0.030878, 0.0, 0.0, 0.0, 0.0, 1.0]], [2, [41.225006, 0.044694, 0.0, 0.0], [12.34325, 0.212106, 0.0, 0.0], [4.20192, 0.453423, 0.0, 0.0], [1.379825, 0.533465, 0.0, 0.0], [0.383453, 0.0, 1.0, 0.0], [0.1, 0.0, 0.0, 1.0]]]}
ecp = {'Cu': [10, [[-1, [[], [], [[1.0, 0.0]], [], [], [], []]], [0, [[], [], [[30.22, 355.770158], [13.19, 70.865357]], [], [], [], []]], [1, [[], [], [[33.13, 233.891976], [13.22, 53.947299]], [], [], [], []]], [2, [[], [], [[38.42, -31.272165], [13.26, -2.741104]], [], [], [], []]]]]}
CPU time:         0.78


******** <class 'pyscf.scf.hf_symm.SymAdaptedRHF'> ********
method = SymAdaptedRHF-RHF
initial guess = minao
damping factor = 0
level_shift factor = 0.1
DIIS = <class 'pyscf.scf.diis.CDIIS'>
diis_start_cycle = 1
diis_space = 8
SCF conv_tol = 1e-09
SCF conv_tol_grad = None
SCF max_cycles = 50
direct_scf = True
direct_scf_tol = 1e-13
chkfile to save SCF result = /scratch/summit/anma2640/tmp__l6pud9
max_memory 4000 MB (current use 104 MB)
Freeze 0 electrons in irreps []
    52 free electrons in irreps Ag B1g B2g B3g Au B1u B2u B3u
Set gradient conv threshold to 3.16228e-05
init E= -475.571221918229
HOMO (B3g) = -0.423104541338393  LUMO (B1g) = -0.393036864882311
cycle= 1 E= -541.02980388676  delta_E= -65.5  |g|= 2.25  |ddm|= 4.04
HOMO (B2u) = -0.905255448589268  LUMO (B1g) = -0.497107936435856
cycle= 2 E= -541.120109050116  delta_E= -0.0903  |g|= 0.678  |ddm|= 0.749
HOMO (B3g) = -0.935247204843039  LUMO (B1g) = -0.445240011873811
cycle= 3 E= -541.112750563167  delta_E= 0.00736  |g|= 0.726  |ddm|= 0.574
HOMO (B2u) = -0.910938994894052  LUMO (B1g) = -0.431702768465502
cycle= 4 E= -541.164864239587  delta_E= -0.0521  |g|= 0.0581  |ddm|= 0.303
HOMO (B2u) = -0.91681643611737  LUMO (B1g) = -0.436358571675108
cycle= 5 E= -541.165828408724  delta_E= -0.000964  |g|= 0.0281  |ddm|= 0.0633
HOMO (B2u) = -0.910518250948324  LUMO (B1g) = -0.430881119548021
cycle= 6 E= -541.16621727553  delta_E= -0.000389  |g|= 0.0158  |ddm|= 0.0429
HOMO (B2u) = -0.907234520933399  LUMO (B1g) = -0.429765227337826
cycle= 7 E= -541.166377886018  delta_E= -0.000161  |g|= 0.00462  |ddm|= 0.0361
HOMO (B2u) = -0.906576001211531  LUMO (B1g) = -0.429651534915917
cycle= 8 E= -541.166398228267  delta_E= -2.03e-05  |g|= 0.00107  |ddm|= 0.0142
HOMO (B2u) = -0.906387176822966  LUMO (B1g) = -0.429652130446981
cycle= 9 E= -541.166399960727  delta_E= -1.73e-06  |g|= 0.000385  |ddm|= 0.00468
HOMO (B2u) = -0.906336324035122  LUMO (B1g) = -0.429651313754094
cycle= 10 E= -541.166400079612  delta_E= -1.19e-07  |g|= 9.26e-05  |ddm|= 0.00125
HOMO (B2u) = -0.906341205825736  LUMO (B1g) = -0.429655367316178
cycle= 11 E= -541.166400089125  delta_E= -9.51e-09  |g|= 2.29e-05  |ddm|= 0.000377
HOMO (B2u) = -0.906342773534245  LUMO (B1g) = -0.429654962508573
cycle= 12 E= -541.166400089714  delta_E= -5.89e-10  |g|= 6.89e-06  |ddm|= 9.13e-05
HOMO (B2u) = -0.906343005787699  LUMO (B1g) = -0.529654768060591
Extra cycle  E= -541.166400089752  delta_E= -3.8e-11  |g|= 3.55e-06  |ddm|= 1.34e-05
converged SCF energy = -541.166400089752
mol.nao: 118
mol.elec: (26, 26)

******** <class 'pyscf.mcscf.mc1step_symm.SymAdaptedCASSCF'> ********
CAS (16e+16e, 108o), ncore = 10, nvir = 0
frozen orbitals 10
max_cycle_macro = 10
max_cycle_micro = 4
conv_tol = 1e-07
conv_tol_grad = None
orbital rotation max_stepsize = 0.02
augmented hessian ah_max_cycle = 30
augmented hessian ah_conv_tol = 1e-12
augmented hessian ah_linear dependence = 1e-14
augmented hessian ah_level shift = 0
augmented hessian ah_start_tol = 2.5
augmented hessian ah_start_cycle = 3
augmented hessian ah_grad_trust_region = 3
kf_trust_region = 3
kf_interval = 4
ci_response_space = 4
ci_grad_trust_region = 3
with_dep4 0
natorb = False
canonicalization = True
sorting_mo_energy = False
ao2mo_level = 2
chkfile = cu2o2_0.8_SHCISCF.chk
max_memory 4000 MB (current use 469 MB)
internal_rotation = True

******** SHCI flags ********
executable             = /projects/anma2640/newDice/Dice/Dice
mpiprefix              = mpirun
scratchDirectory       = /scratch/summit/anma2640/cu2o2/
integralFile           = ./FCIDUMP
configFile             = ./input.dat
outputFile             = ./output.dat
maxIter                = 6
sweep_iter             = [    0]
sweep_epsilon          = [0.001]
nPTiter                = 0
Stochastic             = True
restart                = False
fullrestart            = False
num_thrds              = 1
memory                 = None

Active space CI wfn symmetry = Ag
CASCI E = -541.930117447441  S^2 = 0.0000000
Set conv_tol_grad to 0.000316228
macro iter 1 (14 JK  4 micro), CASSCF E = -541.957992126435  dE = -0.027874679  S^2 = 0.0000000
               |grad[o]|=0.103  |grad[c]|= None  |ddm|=0.201
macro iter 2 (15 JK  4 micro), CASSCF E = -541.968081560365  dE = -0.010089434  S^2 = 0.0000000
               |grad[o]|=0.0329  |grad[c]|= None  |ddm|=0.0975
macro iter 3 (17 JK  4 micro), CASSCF E = -541.97444493889  dE = -0.0063633785  S^2 = 0.0000000
               |grad[o]|=0.0296  |grad[c]|= None  |ddm|=0.045
macro iter 4 (19 JK  4 micro), CASSCF E = -541.979047750968  dE = -0.0046028121  S^2 = 0.0000000
               |grad[o]|=0.0239  |grad[c]|= None  |ddm|=0.0254
macro iter 5 (19 JK  4 micro), CASSCF E = -541.982381115306  dE = -0.0033333643  S^2 = 0.0000000
               |grad[o]|=0.0236  |grad[c]|= None  |ddm|=0.0171
macro iter 6 (18 JK  4 micro), CASSCF E = -541.985697507317  dE = -0.003316392  S^2 = 0.0000000
               |grad[o]|=0.0244  |grad[c]|= None  |ddm|=0.0184
macro iter 7 (17 JK  4 micro), CASSCF E = -541.988694341927  dE = -0.0029968346  S^2 = 0.0000000
               |grad[o]|=0.0163  |grad[c]|= None  |ddm|=0.014
macro iter 8 (18 JK  4 micro), CASSCF E = -541.990657006235  dE = -0.0019626643  S^2 = 0.0000000
               |grad[o]|=0.0133  |grad[c]|= None  |ddm|=0.0108
macro iter 9 (15 JK  4 micro), CASSCF E = -541.992686645041  dE = -0.0020296388  S^2 = 0.0000000
               |grad[o]|=0.012  |grad[c]|= None  |ddm|=0.0103
macro iter 10 (17 JK  4 micro), CASSCF E = -541.994180134897  dE = -0.0014934899  S^2 = 0.0000000
               |grad[o]|=0.0102  |grad[c]|= None  |ddm|=0.00738
1-step CASSCF not converged, 10 macro (169 JK 40 micro) steps
CASSCF canonicalization
Density matrix diagonal elements [1.98818051e+00 1.98345570e+00 1.98190167e+00 1.97563948e+00
 1.99110230e+00 1.99123791e+00 1.99081183e+00 1.99103990e+00
 1.99086700e+00 1.99069172e+00 1.95965979e+00 1.98981978e+00
 1.89723590e+00 1.98106960e+00 1.97442198e+00 1.58884050e+00
 4.36082767e-01 2.60911976e-03 1.22448138e-04 9.88342429e-02
 2.56092769e-06 0.00000000e+00 0.00000000e+00 0.00000000e+00
 7.96700858e-05 0.00000000e+00 0.00000000e+00 1.21664145e-07
 5.55012140e-05 1.41168285e-04 1.16143125e-04 7.49080442e-09
 4.54208182e-05 1.95164487e-07 4.13487168e-05 3.54714655e-03
 6.19624445e-04 4.74165423e-05 5.35300532e-05 9.70732658e-04
 2.71186303e-05 8.99519598e-05 3.78121473e-05 5.03385890e-05
 1.83362275e-03 4.08009042e-05 3.16124641e-04 5.97886339e-04
 3.45818902e-05 2.06479094e-03 1.64827656e-02 2.85252472e-03
 1.63758174e-04 4.40697549e-03 3.72509680e-03 7.14194708e-05
 1.40109881e-03 4.14362155e-03 7.61165110e-03 7.46361212e-03
 8.07452979e-03 3.98435492e-03 7.53167870e-03 1.70537502e-04
 7.95027093e-03 3.90963103e-03 8.02276570e-03 3.97541341e-03
 3.35108521e-03 6.55106300e-03 7.09370504e-03 7.65877256e-04
 1.28155536e-03 1.78976319e-03 1.39174843e-02 4.03510473e-03
 9.38110880e-03 3.99141396e-03 8.33174673e-03 2.07999930e-03
 1.44638933e-03 1.87555528e-03 1.35082569e-03 1.23628780e-03
 1.02906638e-03 2.62988326e-03 8.08015247e-04 9.92499496e-04
 3.75007998e-04 4.61880534e-04 1.65070165e-03 2.97266997e-03
 1.34915241e-03 2.45010973e-03 2.72365753e-03 1.87010064e-03
 1.83496971e-03 1.74210994e-03 9.16917716e-04 1.32396586e-03
 1.92912632e-06 1.81960051e-06 1.69266279e-06 1.59463054e-06
 1.66642259e-06 1.76416847e-06 1.70651289e-07 1.66992717e-07]
CASSCF energy = -541.994180134897
CASCI E = -541.994180134897  E(CI) = -236.98184258744  S^2 = 0.0000000
 # Transforming hcore and eri to ortho AO basis.
 # Performing modified Cholesky decomposition on ERI tensor.
# Generating Cholesky decomposition of ERIs.
# max number of cholesky vectors = 1180
# iteration     0: delta_max = 4.741419
# iteration     1: delta_max = 4.71776057e+00: time = 1.27722281e-02
# iteration     2: delta_max = 3.66389001e+00: time = 1.37772150e-02
# iteration     3: delta_max = 3.65976104e+00: time = 1.38520279e-02
# iteration     4: delta_max = 8.57951247e-01: time = 1.32807761e-02
# iteration     5: delta_max = 8.57946968e-01: time = 1.32868399e-02
# iteration     6: delta_max = 7.78504779e-01: time = 7.79305305e-03
# iteration     7: delta_max = 7.78504770e-01: time = 7.75564089e-03
# iteration     8: delta_max = 7.78493814e-01: time = 7.74487085e-03
# iteration     9: delta_max = 7.78493808e-01: time = 7.75421993e-03
# iteration    10: delta_max = 7.78457544e-01: time = 7.74441403e-03
# iteration    11: delta_max = 7.78457525e-01: time = 7.77599006e-03
# iteration    12: delta_max = 6.71106279e-01: time = 1.34040872e-02
# iteration    13: delta_max = 6.71105813e-01: time = 1.34012632e-02
# iteration    14: delta_max = 5.59801866e-01: time = 1.33583101e-02
# iteration    15: delta_max = 5.58626746e-01: time = 1.37062820e-02
# iteration    16: delta_max = 4.86322053e-01: time = 2.05699180e-02
# iteration    17: delta_max = 4.49125939e-01: time = 1.98549940e-02
# iteration    18: delta_max = 2.89606981e-01: time = 1.37857320e-02
# iteration    19: delta_max = 2.89558314e-01: time = 1.35677699e-02
# iteration    20: delta_max = 2.28792063e-01: time = 1.33699321e-02
# iteration    21: delta_max = 2.28792063e-01: time = 1.33343900e-02
# iteration    22: delta_max = 2.28792063e-01: time = 1.33839739e-02
# iteration    23: delta_max = 2.28792063e-01: time = 1.33014349e-02
# iteration    24: delta_max = 2.28791621e-01: time = 1.33700890e-02
# iteration    25: delta_max = 2.28791621e-01: time = 1.33398750e-02
# iteration    26: delta_max = 2.20489541e-01: time = 1.34023121e-02
# iteration    27: delta_max = 2.20489536e-01: time = 1.34054110e-02
# iteration    28: delta_max = 2.04369194e-01: time = 1.88266209e-02
# iteration    29: delta_max = 2.04368872e-01: time = 1.89933609e-02
# iteration    30: delta_max = 1.82850882e-01: time = 7.91831501e-03
# iteration    31: delta_max = 1.82850882e-01: time = 7.82890199e-03
# iteration    32: delta_max = 1.82524286e-01: time = 7.78594799e-03
# iteration    33: delta_max = 1.82524269e-01: time = 8.17636284e-03
# iteration    34: delta_max = 1.64269472e-01: time = 3.02816180e-02
# iteration    35: delta_max = 1.64077001e-01: time = 3.04883821e-02
# iteration    36: delta_max = 1.55309260e-01: time = 1.51014691e-02
# iteration    37: delta_max = 1.53746117e-01: time = 1.45374881e-02
# iteration    38: delta_max = 1.48738594e-01: time = 1.37748751e-02
# iteration    39: delta_max = 1.45234361e-01: time = 1.52265802e-02
# iteration    40: delta_max = 1.43778431e-01: time = 1.38051221e-02
# iteration    41: delta_max = 1.43641038e-01: time = 1.38169199e-02
# iteration    42: delta_max = 1.40289490e-01: time = 1.37467431e-02
# iteration    43: delta_max = 1.38030789e-01: time = 1.50852890e-02
# iteration    44: delta_max = 1.22284658e-01: time = 1.37929381e-02
# iteration    45: delta_max = 1.22284658e-01: time = 1.38548450e-02
# iteration    46: delta_max = 1.15899692e-01: time = 1.89718080e-02
# iteration    47: delta_max = 1.15899691e-01: time = 1.90498140e-02
# iteration    48: delta_max = 9.11170429e-02: time = 1.89481650e-02
# iteration    49: delta_max = 9.11170429e-02: time = 1.91539868e-02
# iteration    50: delta_max = 9.01176341e-02: time = 1.04024010e-02
# iteration    51: delta_max = 9.01176339e-02: time = 1.03024109e-02
# iteration    52: delta_max = 9.00835361e-02: time = 1.05608141e-02
# iteration    53: delta_max = 9.00835346e-02: time = 1.02373650e-02
# iteration    54: delta_max = 8.99017333e-02: time = 1.02101201e-02
# iteration    55: delta_max = 8.99017280e-02: time = 1.02383611e-02
# iteration    56: delta_max = 8.65116238e-02: time = 3.04211141e-02
# iteration    57: delta_max = 8.17178590e-02: time = 3.03803121e-02
# iteration    58: delta_max = 6.85036426e-02: time = 1.38772819e-02
# iteration    59: delta_max = 6.85036426e-02: time = 1.37489890e-02
# iteration    60: delta_max = 6.62999178e-02: time = 1.28445851e-02
# iteration    61: delta_max = 6.62107753e-02: time = 1.18913730e-02
# iteration    62: delta_max = 6.59927688e-02: time = 1.39655841e-02
# iteration    63: delta_max = 6.59924008e-02: time = 1.42284860e-02
# iteration    64: delta_max = 6.57145745e-02: time = 1.17526730e-02
# iteration    65: delta_max = 6.47388360e-02: time = 1.14848460e-02
# iteration    66: delta_max = 6.42254169e-02: time = 1.13714910e-02
# iteration    67: delta_max = 6.35609728e-02: time = 1.14240339e-02
# iteration    68: delta_max = 6.30809561e-02: time = 1.13495090e-02
# iteration    69: delta_max = 6.24004484e-02: time = 1.14331380e-02
# iteration    70: delta_max = 5.95733637e-02: time = 1.90623030e-02
# iteration    71: delta_max = 5.95110673e-02: time = 1.97726469e-02
# iteration    72: delta_max = 5.64626697e-02: time = 1.55965460e-02
# iteration    73: delta_max = 5.56240587e-02: time = 1.53942311e-02
# iteration    74: delta_max = 5.21415645e-02: time = 8.09545792e-03
# iteration    75: delta_max = 5.21321687e-02: time = 7.99993193e-03
# iteration    76: delta_max = 5.17805500e-02: time = 1.92554870e-02
# iteration    77: delta_max = 5.17805500e-02: time = 1.95530269e-02
# iteration    78: delta_max = 5.14865845e-02: time = 1.93293679e-02
# iteration    79: delta_max = 5.14865841e-02: time = 1.92878740e-02
# iteration    80: delta_max = 5.10207561e-02: time = 2.05882490e-02
# iteration    81: delta_max = 5.09255487e-02: time = 1.99398750e-02
# iteration    82: delta_max = 4.96082712e-02: time = 1.94662879e-02
# iteration    83: delta_max = 4.96082667e-02: time = 1.96095570e-02
# iteration    84: delta_max = 4.92072196e-02: time = 1.95169959e-02
# iteration    85: delta_max = 4.92072190e-02: time = 1.94642080e-02
# iteration    86: delta_max = 4.81305209e-02: time = 3.08122751e-02
# iteration    87: delta_max = 4.81263514e-02: time = 3.08733708e-02
# iteration    88: delta_max = 4.33302181e-02: time = 3.07402168e-02
# iteration    89: delta_max = 4.33300400e-02: time = 3.08807469e-02
# iteration    90: delta_max = 4.25555182e-02: time = 1.57939859e-02
# iteration    91: delta_max = 4.25532093e-02: time = 1.40894928e-02
# iteration    92: delta_max = 4.21359540e-02: time = 1.39705432e-02
# iteration    93: delta_max = 4.21348173e-02: time = 1.39063620e-02
# iteration    94: delta_max = 4.20322128e-02: time = 1.39877759e-02
# iteration    95: delta_max = 4.20197546e-02: time = 1.39492771e-02
# iteration    96: delta_max = 4.14583563e-02: time = 8.34991201e-03
# iteration    97: delta_max = 4.14563248e-02: time = 8.31494783e-03
# iteration    98: delta_max = 3.60335493e-02: time = 3.09406852e-02
# iteration    99: delta_max = 3.59699227e-02: time = 3.12649719e-02
# iteration   100: delta_max = 3.46416195e-02: time = 3.10527489e-02
# iteration   101: delta_max = 3.46378224e-02: time = 3.09543689e-02
# iteration   102: delta_max = 3.35338931e-02: time = 2.12781660e-02
# iteration   103: delta_max = 3.35262174e-02: time = 2.00246931e-02
# iteration   104: delta_max = 3.29375683e-02: time = 1.11431060e-02
# iteration   105: delta_max = 3.29329581e-02: time = 1.09223481e-02
# iteration   106: delta_max = 3.18653495e-02: time = 1.97565448e-02
# iteration   107: delta_max = 3.18652683e-02: time = 1.97793932e-02
# iteration   108: delta_max = 3.11550866e-02: time = 2.04052071e-02
# iteration   109: delta_max = 3.11550865e-02: time = 2.02851428e-02
# iteration   110: delta_max = 3.10573599e-02: time = 1.10185661e-02
# iteration   111: delta_max = 3.10447435e-02: time = 1.08453222e-02
# iteration   112: delta_max = 2.97701321e-02: time = 3.09970640e-02
# iteration   113: delta_max = 2.97701320e-02: time = 3.13014069e-02
# iteration   114: delta_max = 2.96771876e-02: time = 1.70274861e-02
# iteration   115: delta_max = 2.94172359e-02: time = 3.10508090e-02
# iteration   116: delta_max = 2.94172359e-02: time = 3.11900929e-02
# iteration   117: delta_max = 2.94085112e-02: time = 1.60365030e-02
# iteration   118: delta_max = 2.93269627e-02: time = 3.11691728e-02
# iteration   119: delta_max = 2.93269623e-02: time = 3.14730911e-02
# iteration   120: delta_max = 2.86324689e-02: time = 1.61192280e-02
# iteration   121: delta_max = 2.85324138e-02: time = 3.12249509e-02
# iteration   122: delta_max = 2.85324001e-02: time = 3.13573831e-02
# iteration   123: delta_max = 2.84523066e-02: time = 2.00290680e-02
# iteration   124: delta_max = 2.84455566e-02: time = 1.98725271e-02
# iteration   125: delta_max = 2.83443808e-02: time = 2.16189341e-02
# iteration   126: delta_max = 2.80815852e-02: time = 2.01706241e-02
# iteration   127: delta_max = 2.80105596e-02: time = 2.01089738e-02
# iteration   128: delta_max = 2.79054074e-02: time = 2.03442769e-02
# iteration   129: delta_max = 2.75098131e-02: time = 1.72180929e-02
# iteration   130: delta_max = 2.52978796e-02: time = 1.45242079e-02
# iteration   131: delta_max = 2.52677442e-02: time = 3.16174058e-02
# iteration   132: delta_max = 2.52677442e-02: time = 3.14508460e-02
# iteration   133: delta_max = 2.52671057e-02: time = 3.14773461e-02
# iteration   134: delta_max = 2.52671057e-02: time = 3.14251021e-02
# iteration   135: delta_max = 2.50867818e-02: time = 1.47986740e-02
# iteration   136: delta_max = 2.41775094e-02: time = 1.12223881e-02
# iteration   137: delta_max = 2.38495699e-02: time = 1.11125759e-02
# iteration   138: delta_max = 2.38250789e-02: time = 1.69079821e-02
# iteration   139: delta_max = 2.36674759e-02: time = 1.69009259e-02
# iteration   140: delta_max = 2.33057762e-02: time = 1.70240002e-02
# iteration   141: delta_max = 2.33036043e-02: time = 1.70185890e-02
# iteration   142: delta_max = 2.26466161e-02: time = 1.70636049e-02
# iteration   143: delta_max = 2.23534502e-02: time = 7.98151083e-03
# iteration   144: delta_max = 2.23534502e-02: time = 6.74401294e-03
# iteration   145: delta_max = 2.19018471e-02: time = 1.71699540e-02
# iteration   146: delta_max = 2.18217053e-02: time = 1.77155561e-02
# iteration   147: delta_max = 2.17678554e-02: time = 1.71880750e-02
# iteration   148: delta_max = 2.14244407e-02: time = 1.71287030e-02
# iteration   149: delta_max = 2.14081050e-02: time = 8.73523392e-03
# iteration   150: delta_max = 2.14079305e-02: time = 8.73485184e-03
# iteration   151: delta_max = 2.10731913e-02: time = 3.17133281e-02
# iteration   152: delta_max = 2.10591725e-02: time = 3.19425350e-02
# iteration   153: delta_max = 2.03372504e-02: time = 1.83767872e-02
# iteration   154: delta_max = 2.02178750e-02: time = 1.74393700e-02
# iteration   155: delta_max = 1.98861426e-02: time = 1.74353779e-02
# iteration   156: delta_max = 1.91346963e-02: time = 1.63505280e-02
# iteration   157: delta_max = 1.91310431e-02: time = 1.70504639e-02
# iteration   158: delta_max = 1.84660635e-02: time = 2.03873341e-02
# iteration   159: delta_max = 1.84597470e-02: time = 2.04278340e-02
# iteration   160: delta_max = 1.78912689e-02: time = 1.49356411e-02
# iteration   161: delta_max = 1.77669706e-02: time = 2.04468830e-02
# iteration   162: delta_max = 1.77669702e-02: time = 2.05718779e-02
# iteration   163: delta_max = 1.72144462e-02: time = 1.65890199e-02
# iteration   164: delta_max = 1.72131316e-02: time = 1.65353189e-02
# iteration   165: delta_max = 1.69572867e-02: time = 3.21678419e-02
# iteration   166: delta_max = 1.69572866e-02: time = 3.19226610e-02
# iteration   167: delta_max = 1.69454517e-02: time = 2.03664289e-02
# iteration   168: delta_max = 1.69454509e-02: time = 2.03593611e-02
# iteration   169: delta_max = 1.67849227e-02: time = 2.05740980e-02
# iteration   170: delta_max = 1.67606472e-02: time = 1.76356859e-02
# iteration   171: delta_max = 1.65062681e-02: time = 2.05014399e-02
# iteration   172: delta_max = 1.62238699e-02: time = 2.04357810e-02
# iteration   173: delta_max = 1.62238699e-02: time = 2.04862719e-02
# iteration   174: delta_max = 1.59446334e-02: time = 3.19370471e-02
# iteration   175: delta_max = 1.57902900e-02: time = 1.76385508e-02
# iteration   176: delta_max = 1.56614042e-02: time = 1.70749680e-02
# iteration   177: delta_max = 1.55258055e-02: time = 2.06147630e-02
# iteration   178: delta_max = 1.55257310e-02: time = 2.04757052e-02
# iteration   179: delta_max = 1.53987777e-02: time = 2.05941522e-02
# iteration   180: delta_max = 1.53984431e-02: time = 2.05454822e-02
# iteration   181: delta_max = 1.49121158e-02: time = 3.19313770e-02
# iteration   182: delta_max = 1.49121158e-02: time = 3.19028839e-02
# iteration   183: delta_max = 1.49103972e-02: time = 3.19441780e-02
# iteration   184: delta_max = 1.49103972e-02: time = 3.23604969e-02
# iteration   185: delta_max = 1.48539917e-02: time = 2.05190680e-02
# iteration   186: delta_max = 1.48193341e-02: time = 2.05984788e-02
# iteration   187: delta_max = 1.42402574e-02: time = 1.86675482e-02
# iteration   188: delta_max = 1.42261725e-02: time = 1.69706719e-02
# iteration   189: delta_max = 1.42236116e-02: time = 1.74786621e-02
# iteration   190: delta_max = 1.41117350e-02: time = 1.67924250e-02
# iteration   191: delta_max = 1.40296509e-02: time = 3.21350391e-02
# iteration   192: delta_max = 1.40222627e-02: time = 1.69448650e-02
# iteration   193: delta_max = 1.40058172e-02: time = 3.20872720e-02
# iteration   194: delta_max = 1.38458492e-02: time = 3.23597600e-02
# iteration   195: delta_max = 1.37804235e-02: time = 2.07837739e-02
# iteration   196: delta_max = 1.37726278e-02: time = 2.08195229e-02
# iteration   197: delta_max = 1.35867928e-02: time = 1.79935601e-02
# iteration   198: delta_max = 1.35682883e-02: time = 1.78425240e-02
# iteration   199: delta_max = 1.34650903e-02: time = 2.23206761e-02
# iteration   200: delta_max = 1.33838442e-02: time = 2.09010250e-02
# iteration   201: delta_max = 1.29785551e-02: time = 2.09762701e-02
# iteration   202: delta_max = 1.29785548e-02: time = 2.11106150e-02
# iteration   203: delta_max = 1.23290677e-02: time = 1.68797742e-02
# iteration   204: delta_max = 1.22933873e-02: time = 2.09739620e-02
# iteration   205: delta_max = 1.22840352e-02: time = 2.10386170e-02
# iteration   206: delta_max = 1.22289431e-02: time = 1.71004080e-02
# iteration   207: delta_max = 1.21806121e-02: time = 1.71024138e-02
# iteration   208: delta_max = 1.20903558e-02: time = 3.22009861e-02
# iteration   209: delta_max = 1.20884320e-02: time = 3.23159231e-02
# iteration   210: delta_max = 1.20029258e-02: time = 1.90650290e-02
# iteration   211: delta_max = 1.19626072e-02: time = 1.57896569e-02
# iteration   212: delta_max = 1.17630267e-02: time = 2.10220630e-02
# iteration   213: delta_max = 1.17630266e-02: time = 2.08500759e-02
# iteration   214: delta_max = 1.17518927e-02: time = 3.22781238e-02
# iteration   215: delta_max = 1.17513240e-02: time = 3.22758469e-02
# iteration   216: delta_max = 1.11146586e-02: time = 1.40771249e-02
# iteration   217: delta_max = 1.09817831e-02: time = 1.84329560e-02
# iteration   218: delta_max = 1.09757373e-02: time = 1.83577321e-02
# iteration   219: delta_max = 1.08992433e-02: time = 1.82515590e-02
# iteration   220: delta_max = 1.08018077e-02: time = 3.25661181e-02
# iteration   221: delta_max = 1.07961225e-02: time = 3.25406338e-02
# iteration   222: delta_max = 1.06574233e-02: time = 1.26654289e-02
# iteration   223: delta_max = 1.06564708e-02: time = 1.23916660e-02
# iteration   224: delta_max = 1.03145751e-02: time = 2.23308781e-02
# iteration   225: delta_max = 1.01841663e-02: time = 2.12277689e-02
# iteration   226: delta_max = 1.01526602e-02: time = 2.11553541e-02
# iteration   227: delta_max = 1.01353971e-02: time = 2.16064029e-02
# iteration   228: delta_max = 1.00668702e-02: time = 2.13214990e-02
# iteration   229: delta_max = 1.00212037e-02: time = 2.12163029e-02
# iteration   230: delta_max = 9.94344364e-03: time = 3.25347120e-02
# iteration   231: delta_max = 9.91760458e-03: time = 3.28293839e-02
# iteration   232: delta_max = 9.81212024e-03: time = 2.26235860e-02
# iteration   233: delta_max = 9.59529481e-03: time = 3.27247740e-02
# iteration   234: delta_max = 9.53113373e-03: time = 1.86075498e-02
# iteration   235: delta_max = 9.50904705e-03: time = 3.25074850e-02
# iteration   236: delta_max = 9.28486405e-03: time = 1.75456950e-02
# iteration   237: delta_max = 9.26850010e-03: time = 1.74005840e-02
# iteration   238: delta_max = 9.24599213e-03: time = 1.01099459e-02
# iteration   239: delta_max = 8.90904068e-03: time = 2.12910911e-02
# iteration   240: delta_max = 8.80740035e-03: time = 2.14637041e-02
# iteration   241: delta_max = 8.68815783e-03: time = 2.16372861e-02
# iteration   242: delta_max = 8.66317226e-03: time = 2.13187290e-02
# iteration   243: delta_max = 8.51527054e-03: time = 2.12010231e-02
# iteration   244: delta_max = 8.51527054e-03: time = 2.13390552e-02
# iteration   245: delta_max = 8.49552696e-03: time = 1.98755120e-02
# iteration   246: delta_max = 8.19335953e-03: time = 2.15709710e-02
# iteration   247: delta_max = 8.15657185e-03: time = 1.76329711e-02
# iteration   248: delta_max = 8.10410310e-03: time = 1.86086900e-02
# iteration   249: delta_max = 8.07412111e-03: time = 1.74562039e-02
# iteration   250: delta_max = 7.83319843e-03: time = 1.85525229e-02
# iteration   251: delta_max = 7.76718613e-03: time = 1.85079300e-02
# iteration   252: delta_max = 7.75728158e-03: time = 1.74833040e-02
# iteration   253: delta_max = 7.69928642e-03: time = 1.75414749e-02
# iteration   254: delta_max = 7.51941157e-03: time = 1.86911949e-02
# iteration   255: delta_max = 7.51739777e-03: time = 1.86180992e-02
# iteration   256: delta_max = 7.48985413e-03: time = 1.86109541e-02
# iteration   257: delta_max = 7.42927656e-03: time = 2.14435910e-02
# iteration   258: delta_max = 7.42927637e-03: time = 2.13571179e-02
# iteration   259: delta_max = 7.23847498e-03: time = 3.31245221e-02
# iteration   260: delta_max = 7.22905043e-03: time = 3.26748791e-02
# iteration   261: delta_max = 7.12849376e-03: time = 1.60947780e-02
# iteration   262: delta_max = 7.12598458e-03: time = 1.60783830e-02
# iteration   263: delta_max = 7.09340875e-03: time = 1.59831990e-02
# iteration   264: delta_max = 6.95934716e-03: time = 2.86662751e-02
# iteration   265: delta_max = 6.91114460e-03: time = 1.97301400e-02
# iteration   266: delta_max = 6.89311226e-03: time = 1.63552240e-02
# iteration   267: delta_max = 6.88546329e-03: time = 1.64375359e-02
# iteration   268: delta_max = 6.78840111e-03: time = 1.61536019e-02
# iteration   269: delta_max = 6.78836763e-03: time = 1.61180492e-02
# iteration   270: delta_max = 6.78283775e-03: time = 1.78074460e-02
# iteration   271: delta_max = 6.73245150e-03: time = 1.47618910e-02
# iteration   272: delta_max = 6.67610719e-03: time = 2.16420731e-02
# iteration   273: delta_max = 6.67108280e-03: time = 3.34423918e-02
# iteration   274: delta_max = 6.66862596e-03: time = 3.29590400e-02
# iteration   275: delta_max = 6.66028461e-03: time = 2.18491340e-02
# iteration   276: delta_max = 6.49346274e-03: time = 1.61306781e-02
# iteration   277: delta_max = 6.44105829e-03: time = 2.18285921e-02
# iteration   278: delta_max = 6.42488319e-03: time = 2.20093310e-02
# iteration   279: delta_max = 6.29979841e-03: time = 3.30200300e-02
# iteration   280: delta_max = 6.29554411e-03: time = 3.29748630e-02
# iteration   281: delta_max = 6.27068620e-03: time = 1.62216441e-02
# iteration   282: delta_max = 6.27068620e-03: time = 1.62301701e-02
# iteration   283: delta_max = 6.08521437e-03: time = 2.20634420e-02
# iteration   284: delta_max = 5.90724424e-03: time = 2.17870390e-02
# iteration   285: delta_max = 5.88737720e-03: time = 2.18161838e-02
# iteration   286: delta_max = 5.83684168e-03: time = 2.20918490e-02
# iteration   287: delta_max = 5.75282848e-03: time = 1.29211582e-02
# iteration   288: delta_max = 5.73964464e-03: time = 1.29953411e-02
# iteration   289: delta_max = 5.66798702e-03: time = 1.40091539e-02
# iteration   290: delta_max = 5.50955144e-03: time = 1.90519041e-02
# iteration   291: delta_max = 5.33863114e-03: time = 2.17167761e-02
# iteration   292: delta_max = 5.27036152e-03: time = 1.66246840e-02
# iteration   293: delta_max = 5.27036020e-03: time = 1.63427691e-02
# iteration   294: delta_max = 5.04385609e-03: time = 1.31942430e-02
# iteration   295: delta_max = 5.04193056e-03: time = 2.18237541e-02
# iteration   296: delta_max = 5.04179931e-03: time = 2.18827599e-02
# iteration   297: delta_max = 5.00539370e-03: time = 2.22800591e-02
# iteration   298: delta_max = 4.92925954e-03: time = 1.92794329e-02
# iteration   299: delta_max = 4.79805671e-03: time = 2.19065140e-02
# iteration   300: delta_max = 4.79557126e-03: time = 2.19550419e-02
# iteration   301: delta_max = 4.77714304e-03: time = 1.65816629e-02
# iteration   302: delta_max = 4.77712815e-03: time = 1.64844471e-02
# iteration   303: delta_max = 4.70125818e-03: time = 1.82045579e-02
# iteration   304: delta_max = 4.69056536e-03: time = 3.33703230e-02
# iteration   305: delta_max = 4.66214095e-03: time = 1.92590239e-02
# iteration   306: delta_max = 4.63991907e-03: time = 1.81867981e-02
# iteration   307: delta_max = 4.51768278e-03: time = 1.81797480e-02
# iteration   308: delta_max = 4.48183418e-03: time = 1.83189430e-02
# iteration   309: delta_max = 4.43533805e-03: time = 2.34037591e-02
# iteration   310: delta_max = 4.41973024e-03: time = 3.35816490e-02
# iteration   311: delta_max = 4.37409671e-03: time = 3.33860051e-02
# iteration   312: delta_max = 4.34287825e-03: time = 2.20824520e-02
# iteration   313: delta_max = 4.34260223e-03: time = 2.23127501e-02
# iteration   314: delta_max = 4.08976915e-03: time = 1.94420440e-02
# iteration   315: delta_max = 4.01009746e-03: time = 2.20266520e-02
# iteration   316: delta_max = 4.01002174e-03: time = 2.28256530e-02
# iteration   317: delta_max = 3.98730736e-03: time = 1.94271279e-02
# iteration   318: delta_max = 3.98079265e-03: time = 1.96083991e-02
# iteration   319: delta_max = 3.77054375e-03: time = 2.21319250e-02
# iteration   320: delta_max = 3.76526118e-03: time = 2.24161660e-02
# iteration   321: delta_max = 3.73667274e-03: time = 1.94888150e-02
# iteration   322: delta_max = 3.72999605e-03: time = 1.85274780e-02
# iteration   323: delta_max = 3.60277176e-03: time = 1.84907801e-02
# iteration   324: delta_max = 3.56842595e-03: time = 3.35696400e-02
# iteration   325: delta_max = 3.47169337e-03: time = 3.37365449e-02
# iteration   326: delta_max = 3.46798947e-03: time = 2.35532389e-02
# iteration   327: delta_max = 3.45941782e-03: time = 1.97631470e-02
# iteration   328: delta_max = 3.43023027e-03: time = 3.36115051e-02
# iteration   329: delta_max = 3.31910040e-03: time = 1.86958020e-02
# iteration   330: delta_max = 3.31803499e-03: time = 1.84898861e-02
# iteration   331: delta_max = 3.30307309e-03: time = 1.12169320e-02
# iteration   332: delta_max = 3.21846807e-03: time = 1.94253740e-02
# iteration   333: delta_max = 3.21475332e-03: time = 1.95450650e-02
# iteration   334: delta_max = 3.16898091e-03: time = 2.22426609e-02
# iteration   335: delta_max = 3.12930329e-03: time = 1.89674660e-02
# iteration   336: delta_max = 3.07903813e-03: time = 1.71220081e-02
# iteration   337: delta_max = 3.07489658e-03: time = 2.23177180e-02
# iteration   338: delta_max = 2.96513123e-03: time = 1.71966420e-02
# iteration   339: delta_max = 2.89591664e-03: time = 3.34694199e-02
# iteration   340: delta_max = 2.89568121e-03: time = 3.37831581e-02
# iteration   341: delta_max = 2.87899794e-03: time = 1.87196590e-02
# iteration   342: delta_max = 2.84661158e-03: time = 1.85544831e-02
# iteration   343: delta_max = 2.84449595e-03: time = 1.85461878e-02
# iteration   344: delta_max = 2.80016812e-03: time = 2.23359000e-02
# iteration   345: delta_max = 2.80016809e-03: time = 2.26130320e-02
# iteration   346: delta_max = 2.77541282e-03: time = 1.98310739e-02
# iteration   347: delta_max = 2.76937712e-03: time = 1.97913470e-02
# iteration   348: delta_max = 2.76447323e-03: time = 1.85771962e-02
# iteration   349: delta_max = 2.73871463e-03: time = 2.44605369e-02
# iteration   350: delta_max = 2.73833271e-03: time = 2.28692000e-02
# iteration   351: delta_max = 2.68238883e-03: time = 1.99298740e-02
# iteration   352: delta_max = 2.65273624e-03: time = 1.72792792e-02
# iteration   353: delta_max = 2.63561560e-03: time = 2.71265020e-02
# iteration   354: delta_max = 2.58431400e-03: time = 1.32049390e-02
# iteration   355: delta_max = 2.53953100e-03: time = 1.89050990e-02
# iteration   356: delta_max = 2.53673609e-03: time = 2.29553131e-02
# iteration   357: delta_max = 2.53660754e-03: time = 1.86464479e-02
# iteration   358: delta_max = 2.53487389e-03: time = 2.27801639e-02
# iteration   359: delta_max = 2.47632579e-03: time = 1.98851521e-02
# iteration   360: delta_max = 2.46485271e-03: time = 1.87274069e-02
# iteration   361: delta_max = 2.43960978e-03: time = 1.16854000e-02
# iteration   362: delta_max = 2.38142263e-03: time = 1.88347439e-02
# iteration   363: delta_max = 2.37596940e-03: time = 1.99684801e-02
# iteration   364: delta_max = 2.35605068e-03: time = 1.87768259e-02
# iteration   365: delta_max = 2.35572419e-03: time = 1.88503359e-02
# iteration   366: delta_max = 2.28790400e-03: time = 1.87920800e-02
# iteration   367: delta_max = 2.22517539e-03: time = 1.39783730e-02
# iteration   368: delta_max = 2.22517181e-03: time = 1.39151181e-02
# iteration   369: delta_max = 2.20282900e-03: time = 1.39080519e-02
# iteration   370: delta_max = 2.20282838e-03: time = 1.39843570e-02
# iteration   371: delta_max = 2.19842386e-03: time = 1.78222950e-02
# iteration   372: delta_max = 2.18874456e-03: time = 1.92637520e-02
# iteration   373: delta_max = 2.18758540e-03: time = 1.39397541e-02
# iteration   374: delta_max = 2.15073045e-03: time = 1.39542259e-02
# iteration   375: delta_max = 2.13477428e-03: time = 1.75257742e-02
# iteration   376: delta_max = 2.05617212e-03: time = 1.88740301e-02
# iteration   377: delta_max = 2.03673202e-03: time = 2.27997361e-02
# iteration   378: delta_max = 2.03272110e-03: time = 2.29195980e-02
# iteration   379: delta_max = 1.92518666e-03: time = 1.89540118e-02
# iteration   380: delta_max = 1.91391285e-03: time = 2.47091739e-02
# iteration   381: delta_max = 1.89291308e-03: time = 3.43756669e-02
# iteration   382: delta_max = 1.89258365e-03: time = 3.43380109e-02
# iteration   383: delta_max = 1.86882577e-03: time = 1.89666771e-02
# iteration   384: delta_max = 1.84226161e-03: time = 3.40873650e-02
# iteration   385: delta_max = 1.79955152e-03: time = 1.74845790e-02
# iteration   386: delta_max = 1.79159973e-03: time = 2.02462471e-02
# iteration   387: delta_max = 1.76650502e-03: time = 1.90493120e-02
# iteration   388: delta_max = 1.74898201e-03: time = 2.01980390e-02
# iteration   389: delta_max = 1.73066677e-03: time = 2.27577130e-02
# iteration   390: delta_max = 1.71635411e-03: time = 1.74290680e-02
# iteration   391: delta_max = 1.70525189e-03: time = 1.94670390e-02
# iteration   392: delta_max = 1.67655626e-03: time = 1.91004591e-02
# iteration   393: delta_max = 1.66481925e-03: time = 2.29063290e-02
# iteration   394: delta_max = 1.66460658e-03: time = 2.30172079e-02
# iteration   395: delta_max = 1.58408120e-03: time = 3.41940629e-02
# iteration   396: delta_max = 1.57884142e-03: time = 3.41270268e-02
# iteration   397: delta_max = 1.53720281e-03: time = 2.02215069e-02
# iteration   398: delta_max = 1.53526831e-03: time = 1.78804570e-02
# iteration   399: delta_max = 1.52689176e-03: time = 1.62491500e-02
# iteration   400: delta_max = 1.51443561e-03: time = 1.61669040e-02
# iteration   401: delta_max = 1.50476956e-03: time = 1.91692892e-02
# iteration   402: delta_max = 1.48746569e-03: time = 1.92964850e-02
# iteration   403: delta_max = 1.42712215e-03: time = 1.01890131e-02
# iteration   404: delta_max = 1.39420219e-03: time = 3.47410210e-02
# iteration   405: delta_max = 1.36162154e-03: time = 2.09241952e-02
# iteration   406: delta_max = 1.30399198e-03: time = 1.92155701e-02
# iteration   407: delta_max = 1.26296998e-03: time = 1.92013271e-02
# iteration   408: delta_max = 1.25475395e-03: time = 2.04661018e-02
# iteration   409: delta_max = 1.16161164e-03: time = 1.58570809e-02
# iteration   410: delta_max = 1.15685105e-03: time = 1.59428481e-02
# iteration   411: delta_max = 1.15539268e-03: time = 3.43113539e-02
# iteration   412: delta_max = 1.14397105e-03: time = 2.03816779e-02
# iteration   413: delta_max = 1.14070573e-03: time = 2.28527049e-02
# iteration   414: delta_max = 1.12597962e-03: time = 2.31768230e-02
# iteration   415: delta_max = 1.11607954e-03: time = 2.30393379e-02
# iteration   416: delta_max = 1.10844399e-03: time = 1.76185681e-02
# iteration   417: delta_max = 1.10442171e-03: time = 2.04739720e-02
# iteration   418: delta_max = 1.09654392e-03: time = 1.56237001e-02
# iteration   419: delta_max = 1.08743261e-03: time = 2.31097681e-02
# iteration   420: delta_max = 1.08743242e-03: time = 2.31494410e-02
# iteration   421: delta_max = 1.04560765e-03: time = 1.76759169e-02
# iteration   422: delta_max = 1.03466882e-03: time = 1.94843351e-02
# iteration   423: delta_max = 1.00560379e-03: time = 2.31492519e-02
# iteration   424: delta_max = 9.91203962e-04: time = 1.94528289e-02
# iteration   425: delta_max = 9.65759856e-04: time = 1.95000749e-02
# iteration   426: delta_max = 9.10896406e-04: time = 1.04170830e-02
# iteration   427: delta_max = 9.05367393e-04: time = 2.04554531e-02
# iteration   428: delta_max = 8.88946973e-04: time = 2.32135970e-02
# iteration   429: delta_max = 8.69501791e-04: time = 2.38535281e-02
# iteration   430: delta_max = 8.69491444e-04: time = 2.31946330e-02
# iteration   431: delta_max = 8.59654065e-04: time = 1.78202630e-02
# iteration   432: delta_max = 8.49756858e-04: time = 2.33197960e-02
# iteration   433: delta_max = 8.40835433e-04: time = 1.72254050e-02
# iteration   434: delta_max = 8.21938997e-04: time = 2.33986638e-02
# iteration   435: delta_max = 8.18671417e-04: time = 1.81425691e-02
# iteration   436: delta_max = 7.95329569e-04: time = 2.07110262e-02
# iteration   437: delta_max = 7.86146964e-04: time = 1.77578169e-02
# iteration   438: delta_max = 7.62032890e-04: time = 3.54652801e-02
# iteration   439: delta_max = 7.62032019e-04: time = 3.56875870e-02
# iteration   440: delta_max = 7.38178099e-04: time = 3.47325802e-02
# iteration   441: delta_max = 7.38173071e-04: time = 3.46273500e-02
# iteration   442: delta_max = 7.28088627e-04: time = 1.66733509e-02
# iteration   443: delta_max = 6.91613614e-04: time = 2.34649770e-02
# iteration   444: delta_max = 6.81621045e-04: time = 3.48819289e-02
# iteration   445: delta_max = 6.81599040e-04: time = 3.48006999e-02
# iteration   446: delta_max = 6.71483933e-04: time = 2.08529618e-02
# iteration   447: delta_max = 6.63090497e-04: time = 1.65761190e-02
# iteration   448: delta_max = 6.55209039e-04: time = 2.11128779e-02
# iteration   449: delta_max = 6.34895755e-04: time = 1.59288449e-02
# iteration   450: delta_max = 6.10301837e-04: time = 2.32588688e-02
# iteration   451: delta_max = 6.01497121e-04: time = 2.34062450e-02
# iteration   452: delta_max = 6.01456207e-04: time = 2.33755619e-02
# iteration   453: delta_max = 5.95417155e-04: time = 3.47158001e-02
# iteration   454: delta_max = 5.92814580e-04: time = 3.47581920e-02
# iteration   455: delta_max = 5.91167068e-04: time = 1.60141720e-02
# iteration   456: delta_max = 5.78094248e-04: time = 1.80462960e-02
# iteration   457: delta_max = 5.75734300e-04: time = 3.48607611e-02
# iteration   458: delta_max = 5.75725201e-04: time = 3.47556330e-02
# iteration   459: delta_max = 5.62257520e-04: time = 2.35547861e-02
# iteration   460: delta_max = 5.59149848e-04: time = 2.34235409e-02
# iteration   461: delta_max = 5.52219551e-04: time = 1.82047519e-02
# iteration   462: delta_max = 5.52219308e-04: time = 1.80822101e-02
# iteration   463: delta_max = 5.48219551e-04: time = 2.34461089e-02
# iteration   464: delta_max = 5.38508240e-04: time = 3.48885900e-02
# iteration   465: delta_max = 5.38460112e-04: time = 3.48164961e-02
# iteration   466: delta_max = 4.99769137e-04: time = 1.86101000e-02
# iteration   467: delta_max = 4.99768463e-04: time = 1.81570952e-02
# iteration   468: delta_max = 4.92265460e-04: time = 1.85706350e-02
# iteration   469: delta_max = 4.86598401e-04: time = 1.81281129e-02
# iteration   470: delta_max = 4.65498483e-04: time = 1.61054060e-02
# iteration   471: delta_max = 4.33620599e-04: time = 2.35799730e-02
# iteration   472: delta_max = 4.33522538e-04: time = 2.36639900e-02
# iteration   473: delta_max = 4.15243104e-04: time = 1.81615991e-02
# iteration   474: delta_max = 4.15241250e-04: time = 1.82864452e-02
# iteration   475: delta_max = 4.06329159e-04: time = 1.62244949e-02
# iteration   476: delta_max = 3.73272833e-04: time = 2.35488650e-02
# iteration   477: delta_max = 3.72512880e-04: time = 3.49670909e-02
# iteration   478: delta_max = 3.72254321e-04: time = 3.51455191e-02
# iteration   479: delta_max = 3.65266785e-04: time = 1.83549260e-02
# iteration   480: delta_max = 3.56514552e-04: time = 2.37441019e-02
# iteration   481: delta_max = 3.49679742e-04: time = 2.11483152e-02
# iteration   482: delta_max = 3.47601364e-04: time = 3.51071709e-02
# iteration   483: delta_max = 3.47601344e-04: time = 3.50606390e-02
# iteration   484: delta_max = 3.46733790e-04: time = 3.50242818e-02
# iteration   485: delta_max = 3.46732387e-04: time = 3.55892351e-02
# iteration   486: delta_max = 3.37676641e-04: time = 2.11429319e-02
# iteration   487: delta_max = 3.20271611e-04: time = 2.36701788e-02
# iteration   488: delta_max = 3.05298520e-04: time = 2.40392510e-02
# iteration   489: delta_max = 2.94376192e-04: time = 2.12190980e-02
# iteration   490: delta_max = 2.93092659e-04: time = 2.03904770e-02
# iteration   491: delta_max = 2.79317479e-04: time = 2.11359051e-02
# iteration   492: delta_max = 2.70144426e-04: time = 2.10936130e-02
# iteration   493: delta_max = 2.60072904e-04: time = 2.37672708e-02
# iteration   494: delta_max = 2.59468802e-04: time = 2.38759071e-02
# iteration   495: delta_max = 2.43370272e-04: time = 2.38045941e-02
# iteration   496: delta_max = 2.41972621e-04: time = 2.13132941e-02
# iteration   497: delta_max = 2.14347323e-04: time = 1.84169409e-02
# iteration   498: delta_max = 2.13622426e-04: time = 1.84505391e-02
# iteration   499: delta_max = 2.04582124e-04: time = 1.85108990e-02
# iteration   500: delta_max = 2.04546202e-04: time = 1.84573811e-02
# iteration   501: delta_max = 1.95932344e-04: time = 2.13296432e-02
# iteration   502: delta_max = 1.89255064e-04: time = 1.84239910e-02
# iteration   503: delta_max = 1.88526447e-04: time = 1.85790211e-02
# iteration   504: delta_max = 1.78610007e-04: time = 1.89519650e-02
# iteration   505: delta_max = 1.76383314e-04: time = 1.85138590e-02
# iteration   506: delta_max = 1.63041820e-04: time = 3.52605381e-02
# iteration   507: delta_max = 1.63039861e-04: time = 3.53146680e-02
# iteration   508: delta_max = 1.54862293e-04: time = 1.30682169e-02
# iteration   509: delta_max = 1.54862193e-04: time = 1.31160018e-02
# iteration   510: delta_max = 1.54010304e-04: time = 2.14230071e-02
# iteration   511: delta_max = 1.52858490e-04: time = 2.54753861e-02
# iteration   512: delta_max = 1.47165813e-04: time = 3.56302599e-02
# iteration   513: delta_max = 1.46938694e-04: time = 3.53478170e-02
# iteration   514: delta_max = 1.33024109e-04: time = 2.41139352e-02
# iteration   515: delta_max = 1.31343484e-04: time = 2.40920400e-02
# iteration   516: delta_max = 1.23930655e-04: time = 3.53282751e-02
# iteration   517: delta_max = 1.23481859e-04: time = 3.54411490e-02
# iteration   518: delta_max = 1.19690985e-04: time = 1.31906981e-02
# iteration   519: delta_max = 1.19688459e-04: time = 1.30917521e-02
# iteration   520: delta_max = 1.18308644e-04: time = 2.14853121e-02
# iteration   521: delta_max = 1.17244414e-04: time = 1.31684688e-02
# iteration   522: delta_max = 1.17232254e-04: time = 1.31011459e-02
# iteration   523: delta_max = 1.15697229e-04: time = 3.57125921e-02
# iteration   524: delta_max = 1.15249036e-04: time = 3.57599820e-02
# iteration   525: delta_max = 1.11054254e-04: time = 3.54233088e-02
# iteration   526: delta_max = 1.11041285e-04: time = 3.54533580e-02
# iteration   527: delta_max = 1.07433931e-04: time = 2.40677851e-02
# iteration   528: delta_max = 1.06893010e-04: time = 2.40279390e-02
# iteration   529: delta_max = 1.05621951e-04: time = 2.54658139e-02
# iteration   530: delta_max = 1.04487369e-04: time = 1.89932110e-02
# iteration   531: delta_max = 1.04481725e-04: time = 1.92493699e-02
# iteration   532: delta_max = 1.03665244e-04: time = 1.33080499e-02
# iteration   533: delta_max = 9.60678866e-05: time = 2.57171490e-02
# iteration   534: delta_max = 9.59233086e-05: time = 2.55227501e-02
# iteration   535: delta_max = 9.43226230e-05: time = 2.55436259e-02
# iteration   536: delta_max = 9.42342609e-05: time = 3.57079932e-02
# iteration   537: delta_max = 9.39663098e-05: time = 2.57262050e-02
# iteration   538: delta_max = 9.18021818e-05: time = 3.59336201e-02
# iteration   539: delta_max = 9.07749077e-05: time = 2.17763050e-02
# iteration   540: delta_max = 8.78662140e-05: time = 2.06360540e-02
# iteration   541: delta_max = 7.91840330e-05: time = 2.43468790e-02
# iteration   542: delta_max = 7.86824116e-05: time = 2.20934341e-02
# iteration   543: delta_max = 7.76432502e-05: time = 2.43575710e-02
# iteration   544: delta_max = 7.58581892e-05: time = 3.56296790e-02
# iteration   545: delta_max = 7.51535846e-05: time = 3.55408660e-02
# iteration   546: delta_max = 7.24576109e-05: time = 2.44040708e-02
# iteration   547: delta_max = 6.97531838e-05: time = 2.42648888e-02
# iteration   548: delta_max = 6.68913529e-05: time = 2.56647102e-02
# iteration   549: delta_max = 6.65496215e-05: time = 2.56980951e-02
# iteration   550: delta_max = 6.56766396e-05: time = 2.56968860e-02
# iteration   551: delta_max = 6.55862457e-05: time = 2.08781010e-02
# iteration   552: delta_max = 6.31686471e-05: time = 2.56198188e-02
# iteration   553: delta_max = 6.16221931e-05: time = 2.44549641e-02
# iteration   554: delta_max = 5.98889135e-05: time = 2.07659239e-02
# iteration   555: delta_max = 5.75896484e-05: time = 2.44151740e-02
# iteration   556: delta_max = 5.75337040e-05: time = 3.57763020e-02
# iteration   557: delta_max = 5.75273101e-05: time = 3.58600789e-02
# iteration   558: delta_max = 5.68209861e-05: time = 2.46188110e-02
# iteration   559: delta_max = 5.56923181e-05: time = 3.57487390e-02
# iteration   560: delta_max = 5.52333074e-05: time = 2.58134971e-02
# iteration   561: delta_max = 5.38585449e-05: time = 2.61445860e-02
# iteration   562: delta_max = 5.35443029e-05: time = 2.59262968e-02
# iteration   563: delta_max = 5.30058837e-05: time = 2.57481032e-02
# iteration   564: delta_max = 5.29093334e-05: time = 3.57522659e-02
# iteration   565: delta_max = 5.26486235e-05: time = 2.58999609e-02
# iteration   566: delta_max = 5.24090209e-05: time = 2.59019099e-02
# iteration   567: delta_max = 5.13731915e-05: time = 2.58497121e-02
# iteration   568: delta_max = 5.03954477e-05: time = 2.58168872e-02
# iteration   569: delta_max = 5.02954788e-05: time = 2.59017411e-02
# iteration   570: delta_max = 5.00715694e-05: time = 2.08770011e-02
# iteration   571: delta_max = 4.95718426e-05: time = 2.59379770e-02
# iteration   572: delta_max = 4.89194810e-05: time = 2.47722389e-02
# iteration   573: delta_max = 4.88639112e-05: time = 2.58975169e-02
# iteration   574: delta_max = 4.74124377e-05: time = 3.59764800e-02
# iteration   575: delta_max = 4.72940443e-05: time = 3.63532181e-02
# iteration   576: delta_max = 4.62402131e-05: time = 2.59112739e-02
# iteration   577: delta_max = 4.57929955e-05: time = 2.59899530e-02
# iteration   578: delta_max = 4.44367379e-05: time = 2.60761601e-02
# iteration   579: delta_max = 4.40912881e-05: time = 2.63440139e-02
# iteration   580: delta_max = 4.39557919e-05: time = 2.60071100e-02
# iteration   581: delta_max = 4.36310361e-05: time = 2.58592349e-02
# iteration   582: delta_max = 4.32764947e-05: time = 2.59332960e-02
# iteration   583: delta_max = 4.28416760e-05: time = 2.60305910e-02
# iteration   584: delta_max = 4.28123127e-05: time = 2.60038089e-02
# iteration   585: delta_max = 4.27482978e-05: time = 1.93830959e-02
# iteration   586: delta_max = 4.27396880e-05: time = 1.92250460e-02
# iteration   587: delta_max = 4.27179182e-05: time = 1.94018031e-02
# iteration   588: delta_max = 4.27179032e-05: time = 1.93626799e-02
# iteration   589: delta_max = 4.20857154e-05: time = 1.93337349e-02
# iteration   590: delta_max = 4.20797895e-05: time = 1.93786628e-02
# iteration   591: delta_max = 4.00050389e-05: time = 2.22965272e-02
# iteration   592: delta_max = 3.94051859e-05: time = 2.65161491e-02
# iteration   593: delta_max = 3.90393411e-05: time = 2.64559048e-02
# iteration   594: delta_max = 3.84302195e-05: time = 2.48267569e-02
# iteration   595: delta_max = 3.82896451e-05: time = 2.49608278e-02
# iteration   596: delta_max = 3.81834796e-05: time = 2.62655788e-02
# iteration   597: delta_max = 3.81367853e-05: time = 2.60806750e-02
# iteration   598: delta_max = 3.72356061e-05: time = 2.53890951e-02
# iteration   599: delta_max = 3.67379517e-05: time = 2.48667460e-02
# iteration   600: delta_max = 3.56159307e-05: time = 2.22952121e-02
# iteration   601: delta_max = 3.49383597e-05: time = 2.12344350e-02
# iteration   602: delta_max = 3.25160460e-05: time = 2.67710062e-02
# iteration   603: delta_max = 3.00057394e-05: time = 2.65398640e-02
# iteration   604: delta_max = 2.90370803e-05: time = 2.64218890e-02
# iteration   605: delta_max = 2.82565209e-05: time = 1.67413619e-02
# iteration   606: delta_max = 2.80523603e-05: time = 3.61327750e-02
# iteration   607: delta_max = 2.79363696e-05: time = 3.62857860e-02
# iteration   608: delta_max = 2.76922977e-05: time = 2.62256449e-02
# iteration   609: delta_max = 2.59211046e-05: time = 2.61805148e-02
# iteration   610: delta_max = 2.57899949e-05: time = 1.63715980e-02
# iteration   611: delta_max = 2.57896960e-05: time = 1.66265762e-02
# iteration   612: delta_max = 2.43385984e-05: time = 1.63773398e-02
# iteration   613: delta_max = 2.43343871e-05: time = 1.63478821e-02
# iteration   614: delta_max = 2.37902034e-05: time = 2.63104679e-02
# iteration   615: delta_max = 2.37506722e-05: time = 2.62883280e-02
# iteration   616: delta_max = 2.36205906e-05: time = 2.62697709e-02
# iteration   617: delta_max = 2.34280564e-05: time = 2.55895790e-02
# iteration   618: delta_max = 2.34125641e-05: time = 2.65459220e-02
# iteration   619: delta_max = 2.32037192e-05: time = 2.25282609e-02
# iteration   620: delta_max = 2.22466305e-05: time = 2.25794991e-02
# iteration   621: delta_max = 2.21509226e-05: time = 1.87037550e-02
# iteration   622: delta_max = 2.20520612e-05: time = 2.66656959e-02
# iteration   623: delta_max = 2.19157422e-05: time = 1.77758699e-02
# iteration   624: delta_max = 2.16146318e-05: time = 2.65461688e-02
# iteration   625: delta_max = 2.10182807e-05: time = 2.66313208e-02
# iteration   626: delta_max = 2.10066466e-05: time = 2.64957920e-02
# iteration   627: delta_max = 2.02266339e-05: time = 1.41935970e-02
# iteration   628: delta_max = 2.01154850e-05: time = 2.15473119e-02
# iteration   629: delta_max = 1.94127866e-05: time = 2.16349089e-02
# iteration   630: delta_max = 1.92569374e-05: time = 2.66586039e-02
# iteration   631: delta_max = 1.92465459e-05: time = 2.64769259e-02
# iteration   632: delta_max = 1.90979460e-05: time = 1.66119770e-02
# iteration   633: delta_max = 1.89693598e-05: time = 2.27005440e-02
# iteration   634: delta_max = 1.86778669e-05: time = 2.64783010e-02
# iteration   635: delta_max = 1.86200033e-05: time = 3.67613451e-02
# iteration   636: delta_max = 1.85737967e-05: time = 2.69562399e-02
# iteration   637: delta_max = 1.81339666e-05: time = 3.65896961e-02
# iteration   638: delta_max = 1.80426418e-05: time = 2.66736860e-02
# iteration   639: delta_max = 1.79903867e-05: time = 2.66453261e-02
# iteration   640: delta_max = 1.61400632e-05: time = 2.55061002e-02
# iteration   641: delta_max = 1.60887473e-05: time = 2.54062728e-02
# iteration   642: delta_max = 1.59862335e-05: time = 2.66236630e-02
# iteration   643: delta_max = 1.59780037e-05: time = 1.45001060e-02
# iteration   644: delta_max = 1.59777731e-05: time = 1.43967110e-02
# iteration   645: delta_max = 1.56482347e-05: time = 2.66078881e-02
# iteration   646: delta_max = 1.54821100e-05: time = 2.27138521e-02
# iteration   647: delta_max = 1.45833336e-05: time = 1.96999589e-02
# iteration   648: delta_max = 1.42189561e-05: time = 2.54015331e-02
# iteration   649: delta_max = 1.40113921e-05: time = 2.69393648e-02
# iteration   650: delta_max = 1.34558122e-05: time = 1.79339300e-02
# iteration   651: delta_max = 1.32335625e-05: time = 3.67633949e-02
# iteration   652: delta_max = 1.31975394e-05: time = 3.68253251e-02
# iteration   653: delta_max = 1.31244508e-05: time = 2.68421678e-02
# iteration   654: delta_max = 1.26328036e-05: time = 2.67544820e-02
# iteration   655: delta_max = 1.23975644e-05: time = 2.70402210e-02
# iteration   656: delta_max = 1.21897895e-05: time = 1.79116691e-02
# iteration   657: delta_max = 1.19941786e-05: time = 2.56729859e-02
# iteration   658: delta_max = 1.17548820e-05: time = 2.67842058e-02
# iteration   659: delta_max = 1.16592956e-05: time = 2.67638820e-02
# iteration   660: delta_max = 1.15191456e-05: time = 2.56249290e-02
# iteration   661: delta_max = 1.14849991e-05: time = 2.69489391e-02
# iteration   662: delta_max = 1.14728737e-05: time = 2.68730891e-02
# iteration   663: delta_max = 1.13042276e-05: time = 2.03462669e-02
# iteration   664: delta_max = 1.11265512e-05: time = 2.69648351e-02
# iteration   665: delta_max = 1.11216582e-05: time = 2.68871651e-02
# iteration   666: delta_max = 1.05870284e-05: time = 2.01744819e-02
# iteration   667: delta_max = 1.04830748e-05: time = 2.56969659e-02
# iteration   668: delta_max = 1.01487939e-05: time = 2.18814390e-02
# iteration   669: delta_max = 9.81910764e-06: time = 2.57407171e-02
 # Orthogonalising Cholesky vectors.
 # Time to orthogonalise: 0.162385
nelec: (26, 26)
nbasis: 108
chol.shape: (669, 108, 108)

******** <class 'pyscf.cc.ccsd.CCSD'> ********
CC2 = 0
CCSD nocc = 16, nmo = 108
frozen orbitals 10
max_cycle = 50
direct = 0
conv_tol = 1e-07
conv_tol_normt = 1e-05
diis_space = 6
diis_start_cycle = 0
diis_start_energy_diff = 1e+09
max_memory 4000 MB (current use 1035 MB)
    CPU time for CCSD integral transformation     15.50 sec, wall time      0.65 sec
Init t2, MP2 energy = -542.195539752147  E_corr(MP2) -1.02913966239419
    CPU time for init mp2      0.66 sec, wall time      0.03 sec
Init E_corr(CCSD) = -1.02913966240069
cycle = 1  E_corr(CCSD) = -0.742144648497137  dE = 0.286995014  norm(t1,t2) = 0.3018
    CPU time for CCSD iter     45.37 sec, wall time      2.04 sec
cycle = 2  E_corr(CCSD) = -0.968403115604884  dE = -0.226258467  norm(t1,t2) = 0.298803
    CPU time for CCSD iter     49.43 sec, wall time      2.23 sec
cycle = 3  E_corr(CCSD) = -0.888699566501766  dE = 0.0797035491  norm(t1,t2) = 0.310966
    CPU time for CCSD iter     46.72 sec, wall time      2.17 sec
cycle = 4  E_corr(CCSD) = -0.878573858383108  dE = 0.0101257081  norm(t1,t2) = 0.0228341
    CPU time for CCSD iter     46.98 sec, wall time      2.13 sec
cycle = 5  E_corr(CCSD) = -0.885925811985083  dE = -0.0073519536  norm(t1,t2) = 0.017136
    CPU time for CCSD iter     44.25 sec, wall time      2.00 sec
cycle = 6  E_corr(CCSD) = -0.888323106495372  dE = -0.00239729451  norm(t1,t2) = 0.00773739
    CPU time for CCSD iter     40.44 sec, wall time      1.86 sec
cycle = 7  E_corr(CCSD) = -0.888425025327157  dE = -0.000101918832  norm(t1,t2) = 0.00446681
    CPU time for CCSD iter     43.72 sec, wall time      2.00 sec
cycle = 8  E_corr(CCSD) = -0.888081471799345  dE = 0.000343553528  norm(t1,t2) = 0.00179361
    CPU time for CCSD iter     39.69 sec, wall time      1.84 sec
cycle = 9  E_corr(CCSD) = -0.888496533284082  dE = -0.000415061485  norm(t1,t2) = 0.00112484
    CPU time for CCSD iter     42.35 sec, wall time      1.93 sec
cycle = 10  E_corr(CCSD) = -0.88825277881104  dE = 0.000243754473  norm(t1,t2) = 0.000646294
    CPU time for CCSD iter     39.94 sec, wall time      1.82 sec
cycle = 11  E_corr(CCSD) = -0.888232610749609  dE = 2.01680614e-05  norm(t1,t2) = 0.00030104
    CPU time for CCSD iter     39.80 sec, wall time      1.82 sec
cycle = 12  E_corr(CCSD) = -0.888245184788418  dE = -1.25740388e-05  norm(t1,t2) = 0.000158931
    CPU time for CCSD iter     39.95 sec, wall time      1.83 sec
cycle = 13  E_corr(CCSD) = -0.888263555768966  dE = -1.83709805e-05  norm(t1,t2) = 0.000108037
    CPU time for CCSD iter     40.35 sec, wall time      1.86 sec
cycle = 14  E_corr(CCSD) = -0.888259256189654  dE = 4.29957931e-06  norm(t1,t2) = 3.14025e-05
    CPU time for CCSD iter     39.90 sec, wall time      1.83 sec
cycle = 15  E_corr(CCSD) = -0.888263300214887  dE = -4.04402523e-06  norm(t1,t2) = 1.70658e-05
    CPU time for CCSD iter     40.56 sec, wall time      1.87 sec
cycle = 16  E_corr(CCSD) = -0.888262314128675  dE = 9.86086212e-07  norm(t1,t2) = 5.99328e-06
    CPU time for CCSD iter     46.16 sec, wall time      2.08 sec
cycle = 17  E_corr(CCSD) = -0.888262269257099  dE = 4.48715758e-08  norm(t1,t2) = 3.94896e-06
    CPU time for CCSD iter     48.53 sec, wall time      2.25 sec
    CPU time for CCSD    734.16 sec, wall time     33.54 sec
CCSD converged
E(CCSD) = -542.0546623590095  E_corr = -0.8882622692570989
    CPU time for CCSD integral transformation     15.61 sec, wall time      0.68 sec
max_memory 2502 MB (1497 MB in use)
    CPU time for CCSD(T)     62.56 sec, wall time      2.62 sec
CCSD(T) correction = -0.0827017648654811
CCSD(T) energy -542.137364123875
